{"numFailedTestSuites":0,"numFailedTests":0,"numPassedTestSuites":38,"numPassedTests":679,"numPendingTestSuites":0,"numPendingTests":5,"numRuntimeErrorTestSuites":0,"numTodoTests":0,"numTotalTestSuites":38,"numTotalTests":684,"openHandles":[],"snapshot":{"added":0,"didUpdate":false,"failure":false,"filesAdded":0,"filesRemoved":0,"filesRemovedList":[],"filesUnmatched":0,"filesUpdated":0,"matched":0,"total":0,"unchecked":0,"uncheckedKeysByFile":[],"unmatched":0,"updated":0},"startTime":1762117851995,"success":true,"testResults":[{"assertionResults":[{"ancestorTitles":["JSONL Analytics Stress Tests","Memory Usage Tests"],"duration":40,"failureDetails":[],"failureMessages":[],"fullName":"JSONL Analytics Stress Tests Memory Usage Tests should maintain stable memory usage during continuous writes","invocations":1,"location":null,"numPassingAsserts":2,"retryReasons":[],"status":"passed","title":"should maintain stable memory usage during continuous writes"},{"ancestorTitles":["JSONL Analytics Stress Tests","Memory Usage Tests"],"duration":347,"failureDetails":[],"failureMessages":[],"fullName":"JSONL Analytics Stress Tests Memory Usage Tests should not leak memory when reading large JSONL files","invocations":1,"location":null,"numPassingAsserts":2,"retryReasons":[],"status":"passed","title":"should not leak memory when reading large JSONL files"},{"ancestorTitles":["JSONL Analytics Stress Tests","Data Integrity Under Load"],"duration":1447,"failureDetails":[],"failureMessages":[],"fullName":"JSONL Analytics Stress Tests Data Integrity Under Load should maintain data integrity with 10 concurrent processes","invocations":1,"location":null,"numPassingAsserts":1012,"retryReasons":[],"status":"passed","title":"should maintain data integrity with 10 concurrent processes"},{"ancestorTitles":["JSONL Analytics Stress Tests","Data Integrity Under Load"],"duration":742,"failureDetails":[],"failureMessages":[],"fullName":"JSONL Analytics Stress Tests Data Integrity Under Load should handle rapid write bursts without data corruption","invocations":1,"location":null,"numPassingAsserts":5006,"retryReasons":[],"status":"passed","title":"should handle rapid write bursts without data corruption"},{"ancestorTitles":["JSONL Analytics Stress Tests","Performance Benchmarks"],"duration":5019,"failureDetails":[],"failureMessages":[],"fullName":"JSONL Analytics Stress Tests Performance Benchmarks should achieve > 1000 writes per second","invocations":1,"location":null,"numPassingAsserts":2,"retryReasons":[],"status":"passed","title":"should achieve > 1000 writes per second"},{"ancestorTitles":["JSONL Analytics Stress Tests","Performance Benchmarks"],"duration":17,"failureDetails":[],"failureMessages":[],"fullName":"JSONL Analytics Stress Tests Performance Benchmarks should handle mixed read/write operations efficiently","invocations":1,"location":null,"numPassingAsserts":2,"retryReasons":[],"status":"passed","title":"should handle mixed read/write operations efficiently"},{"ancestorTitles":["JSONL Analytics Stress Tests","Error Recovery"],"duration":1,"failureDetails":[],"failureMessages":[],"fullName":"JSONL Analytics Stress Tests Error Recovery should recover from corrupted JSONL files","invocations":1,"location":null,"numPassingAsserts":4,"retryReasons":[],"status":"passed","title":"should recover from corrupted JSONL files"},{"ancestorTitles":["JSONL Analytics Stress Tests","Error Recovery"],"duration":1,"failureDetails":[],"failureMessages":[],"fullName":"JSONL Analytics Stress Tests Error Recovery should handle file system errors gracefully","invocations":1,"location":null,"numPassingAsserts":2,"retryReasons":[],"status":"passed","title":"should handle file system errors gracefully"}],"endTime":1762117859816,"message":"","name":"/Users/shayon/DevProjects/mcp-for-lifeos/tests/integration/jsonl-stress.test.ts","startTime":1762117852122,"status":"passed","summary":""},{"assertionResults":[{"ancestorTitles":["MCP Server Concurrent Operations","Multiple Server Instances"],"duration":null,"failureDetails":[],"failureMessages":[],"fullName":"MCP Server Concurrent Operations Multiple Server Instances should handle multiple MCP server instances writing analytics concurrently","invocations":1,"location":null,"numPassingAsserts":0,"retryReasons":[],"status":"pending","title":"should handle multiple MCP server instances writing analytics concurrently"},{"ancestorTitles":["MCP Server Concurrent Operations","Multiple Server Instances"],"duration":2544,"failureDetails":[],"failureMessages":[],"fullName":"MCP Server Concurrent Operations Multiple Server Instances should maintain data integrity when servers start and stop frequently","invocations":1,"location":null,"numPassingAsserts":0,"retryReasons":[],"status":"passed","title":"should maintain data integrity when servers start and stop frequently"},{"ancestorTitles":["MCP Server Concurrent Operations","Analytics Collection Behavior"],"duration":null,"failureDetails":[],"failureMessages":[],"fullName":"MCP Server Concurrent Operations Analytics Collection Behavior should append to existing JSONL file","invocations":1,"location":null,"numPassingAsserts":0,"retryReasons":[],"status":"pending","title":"should append to existing JSONL file"},{"ancestorTitles":["MCP Server Concurrent Operations","Analytics Collection Behavior"],"duration":2129,"failureDetails":[],"failureMessages":[],"fullName":"MCP Server Concurrent Operations Analytics Collection Behavior should handle rapid sequential writes without data loss","invocations":1,"location":null,"numPassingAsserts":0,"retryReasons":[],"status":"passed","title":"should handle rapid sequential writes without data loss"}],"endTime":1762117864511,"message":"","name":"/Users/shayon/DevProjects/mcp-for-lifeos/tests/integration/mcp-server-concurrent.test.ts","startTime":1762117859821,"status":"focused","summary":""},{"assertionResults":[{"ancestorTitles":["Concurrent JSONL Integration Tests","Concurrent Process Writes"],"duration":1139,"failureDetails":[],"failureMessages":[],"fullName":"Concurrent JSONL Integration Tests Concurrent Process Writes should handle 3 concurrent processes with zero data loss","invocations":1,"location":null,"numPassingAsserts":305,"retryReasons":[],"status":"passed","title":"should handle 3 concurrent processes with zero data loss"},{"ancestorTitles":["Concurrent JSONL Integration Tests","Concurrent Process Writes"],"duration":433,"failureDetails":[],"failureMessages":[],"fullName":"Concurrent JSONL Integration Tests Concurrent Process Writes should maintain line atomicity (no interleaved writes)","invocations":1,"location":null,"numPassingAsserts":901,"retryReasons":[],"status":"passed","title":"should maintain line atomicity (no interleaved writes)"},{"ancestorTitles":["Concurrent JSONL Integration Tests","Concurrent Process Writes"],"duration":332,"failureDetails":[],"failureMessages":[],"fullName":"Concurrent JSONL Integration Tests Concurrent Process Writes should handle process crashes gracefully","invocations":1,"location":null,"numPassingAsserts":4,"retryReasons":[],"status":"passed","title":"should handle process crashes gracefully"},{"ancestorTitles":["Concurrent JSONL Integration Tests","Format Migration"],"duration":1,"failureDetails":[],"failureMessages":[],"fullName":"Concurrent JSONL Integration Tests Format Migration should read existing JSON format while writing JSONL","invocations":1,"location":null,"numPassingAsserts":3,"retryReasons":[],"status":"passed","title":"should read existing JSON format while writing JSONL"},{"ancestorTitles":["Concurrent JSONL Integration Tests","Format Migration"],"duration":1,"failureDetails":[],"failureMessages":[],"fullName":"Concurrent JSONL Integration Tests Format Migration should auto-detect format based on file extension","invocations":1,"location":null,"numPassingAsserts":2,"retryReasons":[],"status":"passed","title":"should auto-detect format based on file extension"},{"ancestorTitles":["Concurrent JSONL Integration Tests","Performance Validation"],"duration":4,"failureDetails":[],"failureMessages":[],"fullName":"Concurrent JSONL Integration Tests Performance Validation should complete append operations within 5ms","invocations":1,"location":null,"numPassingAsserts":2,"retryReasons":[],"status":"passed","title":"should complete append operations within 5ms"},{"ancestorTitles":["Concurrent JSONL Integration Tests","Performance Validation"],"duration":1019,"failureDetails":[],"failureMessages":[],"fullName":"Concurrent JSONL Integration Tests Performance Validation should handle high-frequency writes efficiently","invocations":1,"location":null,"numPassingAsserts":2,"retryReasons":[],"status":"passed","title":"should handle high-frequency writes efficiently"},{"ancestorTitles":["Concurrent JSONL Integration Tests","Edge Cases"],"duration":2,"failureDetails":[],"failureMessages":[],"fullName":"Concurrent JSONL Integration Tests Edge Cases should handle disk full scenarios gracefully","invocations":1,"location":null,"numPassingAsserts":2,"retryReasons":[],"status":"passed","title":"should handle disk full scenarios gracefully"},{"ancestorTitles":["Concurrent JSONL Integration Tests","Edge Cases"],"duration":1,"failureDetails":[],"failureMessages":[],"fullName":"Concurrent JSONL Integration Tests Edge Cases should handle permission denied errors","invocations":1,"location":null,"numPassingAsserts":2,"retryReasons":[],"status":"passed","title":"should handle permission denied errors"},{"ancestorTitles":["Concurrent JSONL Integration Tests","Edge Cases"],"duration":15,"failureDetails":[],"failureMessages":[],"fullName":"Concurrent JSONL Integration Tests Edge Cases should handle very large individual metrics","invocations":1,"location":null,"numPassingAsserts":2,"retryReasons":[],"status":"passed","title":"should handle very large individual metrics"}],"endTime":1762117867489,"message":"","name":"/Users/shayon/DevProjects/mcp-for-lifeos/tests/integration/concurrent-jsonl.test.ts","startTime":1762117864518,"status":"passed","summary":""},{"assertionResults":[{"ancestorTitles":["Link Updater Modes (MCP-116)","Render Mode"],"duration":30,"failureDetails":[],"failureMessages":[],"fullName":"Link Updater Modes (MCP-116) Render Mode should generate content map without performing writes","invocations":1,"location":null,"numPassingAsserts":4,"retryReasons":[],"status":"passed","title":"should generate content map without performing writes"},{"ancestorTitles":["Link Updater Modes (MCP-116)","Render Mode"],"duration":5,"failureDetails":[],"failureMessages":[],"fullName":"Link Updater Modes (MCP-116) Render Mode should include all affected files in result","invocations":1,"location":null,"numPassingAsserts":4,"retryReasons":[],"status":"passed","title":"should include all affected files in result"},{"ancestorTitles":["Link Updater Modes (MCP-116)","Render Mode"],"duration":7,"failureDetails":[],"failureMessages":[],"fullName":"Link Updater Modes (MCP-116) Render Mode should include scan time metric","invocations":1,"location":null,"numPassingAsserts":2,"retryReasons":[],"status":"passed","title":"should include scan time metric"},{"ancestorTitles":["Link Updater Modes (MCP-116)","Render Mode"],"duration":3,"failureDetails":[],"failureMessages":[],"fullName":"Link Updater Modes (MCP-116) Render Mode should include render time metric","invocations":1,"location":null,"numPassingAsserts":2,"retryReasons":[],"status":"passed","title":"should include render time metric"},{"ancestorTitles":["Link Updater Modes (MCP-116)","Render Mode"],"duration":2,"failureDetails":[],"failureMessages":[],"fullName":"Link Updater Modes (MCP-116) Render Mode should include total reference count","invocations":1,"location":null,"numPassingAsserts":2,"retryReasons":[],"status":"passed","title":"should include total reference count"},{"ancestorTitles":["Link Updater Modes (MCP-116)","Render Mode"],"duration":2,"failureDetails":[],"failureMessages":[],"fullName":"Link Updater Modes (MCP-116) Render Mode should have correct content map structure (Map<string, string>)","invocations":1,"location":null,"numPassingAsserts":4,"retryReasons":[],"status":"passed","title":"should have correct content map structure (Map<string, string>)"},{"ancestorTitles":["Link Updater Modes (MCP-116)","Render Mode"],"duration":2,"failureDetails":[],"failureMessages":[],"fullName":"Link Updater Modes (MCP-116) Render Mode should compute correct updated content in map","invocations":1,"location":null,"numPassingAsserts":3,"retryReasons":[],"status":"passed","title":"should compute correct updated content in map"},{"ancestorTitles":["Link Updater Modes (MCP-116)","Commit Mode"],"duration":2,"failureDetails":[],"failureMessages":[],"fullName":"Link Updater Modes (MCP-116) Commit Mode should write from pre-rendered content map","invocations":1,"location":null,"numPassingAsserts":4,"retryReasons":[],"status":"passed","title":"should write from pre-rendered content map"},{"ancestorTitles":["Link Updater Modes (MCP-116)","Commit Mode"],"duration":2,"failureDetails":[],"failureMessages":[],"fullName":"Link Updater Modes (MCP-116) Commit Mode should return LinkUpdateResult","invocations":1,"location":null,"numPassingAsserts":7,"retryReasons":[],"status":"passed","title":"should return LinkUpdateResult"},{"ancestorTitles":["Link Updater Modes (MCP-116)","Commit Mode"],"duration":1,"failureDetails":[],"failureMessages":[],"fullName":"Link Updater Modes (MCP-116) Commit Mode should handle empty content map","invocations":1,"location":null,"numPassingAsserts":3,"retryReasons":[],"status":"passed","title":"should handle empty content map"},{"ancestorTitles":["Link Updater Modes (MCP-116)","Commit Mode"],"duration":6,"failureDetails":[],"failureMessages":[],"fullName":"Link Updater Modes (MCP-116) Commit Mode should throw error if commitInput is missing","invocations":1,"location":null,"numPassingAsserts":1,"retryReasons":[],"status":"passed","title":"should throw error if commitInput is missing"},{"ancestorTitles":["Link Updater Modes (MCP-116)","Direct Mode"],"duration":3,"failureDetails":[],"failureMessages":[],"fullName":"Link Updater Modes (MCP-116) Direct Mode should preserve Phase 3 behavior","invocations":1,"location":null,"numPassingAsserts":7,"retryReasons":[],"status":"passed","title":"should preserve Phase 3 behavior"},{"ancestorTitles":["Link Updater Modes (MCP-116)","Direct Mode"],"duration":2,"failureDetails":[],"failureMessages":[],"fullName":"Link Updater Modes (MCP-116) Direct Mode should be default when mode not specified","invocations":1,"location":null,"numPassingAsserts":4,"retryReasons":[],"status":"passed","title":"should be default when mode not specified"},{"ancestorTitles":["Link Updater Modes (MCP-116)","Direct Mode"],"duration":2,"failureDetails":[],"failureMessages":[],"fullName":"Link Updater Modes (MCP-116) Direct Mode should handle failures gracefully in direct mode","invocations":1,"location":null,"numPassingAsserts":5,"retryReasons":[],"status":"passed","title":"should handle failures gracefully in direct mode"},{"ancestorTitles":["Link Updater Modes (MCP-116)","Backward Compatibility"],"duration":2,"failureDetails":[],"failureMessages":[],"fullName":"Link Updater Modes (MCP-116) Backward Compatibility should work with existing calls (no options parameter)","invocations":1,"location":null,"numPassingAsserts":3,"retryReasons":[],"status":"passed","title":"should work with existing calls (no options parameter)"},{"ancestorTitles":["Link Updater Modes (MCP-116)","Backward Compatibility"],"duration":2,"failureDetails":[],"failureMessages":[],"fullName":"Link Updater Modes (MCP-116) Backward Compatibility should maintain existing result structure for direct mode","invocations":1,"location":null,"numPassingAsserts":14,"retryReasons":[],"status":"passed","title":"should maintain existing result structure for direct mode"},{"ancestorTitles":["Link Updater Modes (MCP-116)","Error Handling"],"duration":1,"failureDetails":[],"failureMessages":[],"fullName":"Link Updater Modes (MCP-116) Error Handling should validate required parameters","invocations":1,"location":null,"numPassingAsserts":2,"retryReasons":[],"status":"passed","title":"should validate required parameters"},{"ancestorTitles":["Link Updater Modes (MCP-116)","Error Handling"],"duration":4,"failureDetails":[],"failureMessages":[],"fullName":"Link Updater Modes (MCP-116) Error Handling should handle render mode errors gracefully","invocations":1,"location":null,"numPassingAsserts":1,"retryReasons":[],"status":"passed","title":"should handle render mode errors gracefully"},{"ancestorTitles":["Link Updater Modes (MCP-116)","Error Handling"],"duration":1401,"failureDetails":[],"failureMessages":[],"fullName":"Link Updater Modes (MCP-116) Error Handling should handle commit mode errors gracefully","invocations":1,"location":null,"numPassingAsserts":2,"retryReasons":[],"status":"passed","title":"should handle commit mode errors gracefully"},{"ancestorTitles":["Link Updater Modes (MCP-116)","Mode Integration"],"duration":3,"failureDetails":[],"failureMessages":[],"fullName":"Link Updater Modes (MCP-116) Mode Integration should successfully chain render → commit","invocations":1,"location":null,"numPassingAsserts":5,"retryReasons":[],"status":"passed","title":"should successfully chain render → commit"},{"ancestorTitles":["Link Updater Modes (MCP-116)","Mode Integration"],"duration":3,"failureDetails":[],"failureMessages":[],"fullName":"Link Updater Modes (MCP-116) Mode Integration should produce same result: render+commit vs direct","invocations":1,"location":null,"numPassingAsserts":4,"retryReasons":[],"status":"passed","title":"should produce same result: render+commit vs direct"}],"endTime":1762117869157,"message":"","name":"/Users/shayon/DevProjects/mcp-for-lifeos/tests/unit/link-updater-modes.test.ts","startTime":1762117867492,"status":"passed","summary":""},{"assertionResults":[{"ancestorTitles":["MCP-117: TransactionManager","Plan Phase: Manifest Building"],"duration":3,"failureDetails":[],"failureMessages":[],"fullName":"MCP-117: TransactionManager Plan Phase: Manifest Building should build manifest with SHA-256 hash for note rename","invocations":1,"location":null,"numPassingAsserts":5,"retryReasons":[],"status":"passed","title":"should build manifest with SHA-256 hash for note rename"},{"ancestorTitles":["MCP-117: TransactionManager","Plan Phase: Manifest Building"],"duration":1,"failureDetails":[],"failureMessages":[],"fullName":"MCP-117: TransactionManager Plan Phase: Manifest Building should build manifest without link updates when updateLinks=false","invocations":1,"location":null,"numPassingAsserts":2,"retryReasons":[],"status":"passed","title":"should build manifest without link updates when updateLinks=false"},{"ancestorTitles":["MCP-117: TransactionManager","Plan Phase: Manifest Building"],"duration":11,"failureDetails":[],"failureMessages":[],"fullName":"MCP-117: TransactionManager Plan Phase: Manifest Building should throw TRANSACTION_PLAN_FAILED if source file not found","invocations":1,"location":null,"numPassingAsserts":1,"retryReasons":[],"status":"passed","title":"should throw TRANSACTION_PLAN_FAILED if source file not found"},{"ancestorTitles":["MCP-117: TransactionManager","Plan Phase: Manifest Building"],"duration":1,"failureDetails":[],"failureMessages":[],"fullName":"MCP-117: TransactionManager Plan Phase: Manifest Building should compute correct SHA-256 hash for file content","invocations":1,"location":null,"numPassingAsserts":2,"retryReasons":[],"status":"passed","title":"should compute correct SHA-256 hash for file content"},{"ancestorTitles":["MCP-117: TransactionManager","Prepare Phase: File Staging and WAL"],"duration":2,"failureDetails":[],"failureMessages":[],"fullName":"MCP-117: TransactionManager Prepare Phase: File Staging and WAL should stage note to temp location with correlationId","invocations":1,"location":null,"numPassingAsserts":3,"retryReasons":[],"status":"passed","title":"should stage note to temp location with correlationId"},{"ancestorTitles":["MCP-117: TransactionManager","Prepare Phase: File Staging and WAL"],"duration":2,"failureDetails":[],"failureMessages":[],"fullName":"MCP-117: TransactionManager Prepare Phase: File Staging and WAL should write WAL entry with complete manifest","invocations":1,"location":null,"numPassingAsserts":7,"retryReasons":[],"status":"passed","title":"should write WAL entry with complete manifest"},{"ancestorTitles":["MCP-117: TransactionManager","Prepare Phase: File Staging and WAL"],"duration":1,"failureDetails":[],"failureMessages":[],"fullName":"MCP-117: TransactionManager Prepare Phase: File Staging and WAL should update state with WAL path after writing","invocations":1,"location":null,"numPassingAsserts":3,"retryReasons":[],"status":"passed","title":"should update state with WAL path after writing"},{"ancestorTitles":["MCP-117: TransactionManager","Prepare Phase: File Staging and WAL"],"duration":1401,"failureDetails":[],"failureMessages":[],"fullName":"MCP-117: TransactionManager Prepare Phase: File Staging and WAL should throw TRANSACTION_PREPARE_FAILED on file write error","invocations":1,"location":null,"numPassingAsserts":1,"retryReasons":[],"status":"passed","title":"should throw TRANSACTION_PREPARE_FAILED on file write error"},{"ancestorTitles":["MCP-117: TransactionManager","Validate Phase: Staleness Detection"],"duration":2,"failureDetails":[],"failureMessages":[],"fullName":"MCP-117: TransactionManager Validate Phase: Staleness Detection should pass validation when file hashes match manifest","invocations":1,"location":null,"numPassingAsserts":1,"retryReasons":[],"status":"passed","title":"should pass validation when file hashes match manifest"},{"ancestorTitles":["MCP-117: TransactionManager","Validate Phase: Staleness Detection"],"duration":2,"failureDetails":[],"failureMessages":[],"fullName":"MCP-117: TransactionManager Validate Phase: Staleness Detection should throw TRANSACTION_STALE_CONTENT when note hash mismatch","invocations":1,"location":null,"numPassingAsserts":1,"retryReasons":[],"status":"passed","title":"should throw TRANSACTION_STALE_CONTENT when note hash mismatch"},{"ancestorTitles":["MCP-117: TransactionManager","Validate Phase: Staleness Detection"],"duration":2,"failureDetails":[],"failureMessages":[],"fullName":"MCP-117: TransactionManager Validate Phase: Staleness Detection should include affected files in staleness error message","invocations":1,"location":null,"numPassingAsserts":3,"retryReasons":[],"status":"passed","title":"should include affected files in staleness error message"},{"ancestorTitles":["MCP-117: TransactionManager","Validate Phase: Staleness Detection"],"duration":1,"failureDetails":[],"failureMessages":[],"fullName":"MCP-117: TransactionManager Validate Phase: Staleness Detection should update WAL to validate phase on success","invocations":1,"location":null,"numPassingAsserts":1,"retryReasons":[],"status":"passed","title":"should update WAL to validate phase on success"},{"ancestorTitles":["MCP-117: TransactionManager","Commit Phase: Atomic File Promotion"],"duration":2,"failureDetails":[],"failureMessages":[],"fullName":"MCP-117: TransactionManager Commit Phase: Atomic File Promotion should atomically rename staged note to final destination","invocations":1,"location":null,"numPassingAsserts":3,"retryReasons":[],"status":"passed","title":"should atomically rename staged note to final destination"},{"ancestorTitles":["MCP-117: TransactionManager","Commit Phase: Atomic File Promotion"],"duration":2,"failureDetails":[],"failureMessages":[],"fullName":"MCP-117: TransactionManager Commit Phase: Atomic File Promotion should mark noteRename as completed in manifest","invocations":1,"location":null,"numPassingAsserts":1,"retryReasons":[],"status":"passed","title":"should mark noteRename as completed in manifest"},{"ancestorTitles":["MCP-117: TransactionManager","Commit Phase: Atomic File Promotion"],"duration":2,"failureDetails":[],"failureMessages":[],"fullName":"MCP-117: TransactionManager Commit Phase: Atomic File Promotion should update WAL to commit phase with completion status","invocations":1,"location":null,"numPassingAsserts":2,"retryReasons":[],"status":"passed","title":"should update WAL to commit phase with completion status"},{"ancestorTitles":["MCP-117: TransactionManager","Commit Phase: Atomic File Promotion"],"duration":2,"failureDetails":[],"failureMessages":[],"fullName":"MCP-117: TransactionManager Commit Phase: Atomic File Promotion should throw TRANSACTION_COMMIT_FAILED on file operation error","invocations":1,"location":null,"numPassingAsserts":1,"retryReasons":[],"status":"passed","title":"should throw TRANSACTION_COMMIT_FAILED on file operation error"},{"ancestorTitles":["MCP-117: TransactionManager","Success Phase: Cleanup"],"duration":2,"failureDetails":[],"failureMessages":[],"fullName":"MCP-117: TransactionManager Success Phase: Cleanup should delete staged temp files","invocations":1,"location":null,"numPassingAsserts":2,"retryReasons":[],"status":"passed","title":"should delete staged temp files"},{"ancestorTitles":["MCP-117: TransactionManager","Success Phase: Cleanup"],"duration":2,"failureDetails":[],"failureMessages":[],"fullName":"MCP-117: TransactionManager Success Phase: Cleanup should delete WAL entry","invocations":1,"location":null,"numPassingAsserts":2,"retryReasons":[],"status":"passed","title":"should delete WAL entry"},{"ancestorTitles":["MCP-117: TransactionManager","Success Phase: Cleanup"],"duration":2,"failureDetails":[],"failureMessages":[],"fullName":"MCP-117: TransactionManager Success Phase: Cleanup should not throw on cleanup failures (graceful degradation)","invocations":1,"location":null,"numPassingAsserts":1,"retryReasons":[],"status":"passed","title":"should not throw on cleanup failures (graceful degradation)"},{"ancestorTitles":["MCP-117: TransactionManager","Abort Phase: Rollback"],"duration":3,"failureDetails":[],"failureMessages":[],"fullName":"MCP-117: TransactionManager Abort Phase: Rollback should restore note from staged file when not committed","invocations":1,"location":null,"numPassingAsserts":3,"retryReasons":[],"status":"passed","title":"should restore note from staged file when not committed"},{"ancestorTitles":["MCP-117: TransactionManager","Abort Phase: Rollback"],"duration":2,"failureDetails":[],"failureMessages":[],"fullName":"MCP-117: TransactionManager Abort Phase: Rollback should track partial rollback when some operations fail","invocations":1,"location":null,"numPassingAsserts":3,"retryReasons":[],"status":"passed","title":"should track partial rollback when some operations fail"},{"ancestorTitles":["MCP-117: TransactionManager","Abort Phase: Rollback"],"duration":3,"failureDetails":[],"failureMessages":[],"fullName":"MCP-117: TransactionManager Abort Phase: Rollback should generate recovery instructions on rollback failure","invocations":1,"location":null,"numPassingAsserts":1,"retryReasons":[],"status":"passed","title":"should generate recovery instructions on rollback failure"},{"ancestorTitles":["MCP-117: TransactionManager","Abort Phase: Rollback"],"duration":2,"failureDetails":[],"failureMessages":[],"fullName":"MCP-117: TransactionManager Abort Phase: Rollback should preserve WAL on failed rollback","invocations":1,"location":null,"numPassingAsserts":4,"retryReasons":[],"status":"passed","title":"should preserve WAL on failed rollback"},{"ancestorTitles":["MCP-117: TransactionManager","Full Five-Phase Execution"],"duration":2,"failureDetails":[],"failureMessages":[],"fullName":"MCP-117: TransactionManager Full Five-Phase Execution should complete full success path through all 5 phases","invocations":1,"location":null,"numPassingAsserts":9,"retryReasons":[],"status":"passed","title":"should complete full success path through all 5 phases"},{"ancestorTitles":["MCP-117: TransactionManager","Full Five-Phase Execution"],"duration":3,"failureDetails":[],"failureMessages":[],"fullName":"MCP-117: TransactionManager Full Five-Phase Execution should generate UUID v4 correlation ID","invocations":1,"location":null,"numPassingAsserts":1,"retryReasons":[],"status":"passed","title":"should generate UUID v4 correlation ID"},{"ancestorTitles":["MCP-117: TransactionManager","Full Five-Phase Execution"],"duration":6,"failureDetails":[],"failureMessages":[],"fullName":"MCP-117: TransactionManager Full Five-Phase Execution should record phase timings in metrics","invocations":1,"location":null,"numPassingAsserts":9,"retryReasons":[],"status":"passed","title":"should record phase timings in metrics"},{"ancestorTitles":["MCP-117: TransactionManager","Full Five-Phase Execution"],"duration":3,"failureDetails":[],"failureMessages":[],"fullName":"MCP-117: TransactionManager Full Five-Phase Execution should abort and rollback on validation failure","invocations":1,"location":null,"numPassingAsserts":6,"retryReasons":[],"status":"passed","title":"should abort and rollback on validation failure"},{"ancestorTitles":["MCP-117: TransactionManager","Full Five-Phase Execution"],"duration":1,"failureDetails":[],"failureMessages":[],"fullName":"MCP-117: TransactionManager Full Five-Phase Execution should propagate error from plan phase","invocations":1,"location":null,"numPassingAsserts":2,"retryReasons":[],"status":"passed","title":"should propagate error from plan phase"},{"ancestorTitles":["MCP-117: TransactionManager","Full Five-Phase Execution"],"duration":3,"failureDetails":[],"failureMessages":[],"fullName":"MCP-117: TransactionManager Full Five-Phase Execution should track correlation ID throughout all phases","invocations":1,"location":null,"numPassingAsserts":2,"retryReasons":[],"status":"passed","title":"should track correlation ID throughout all phases"},{"ancestorTitles":["MCP-117: TransactionManager","Error Propagation"],"duration":0,"failureDetails":[],"failureMessages":[],"fullName":"MCP-117: TransactionManager Error Propagation should propagate TRANSACTION_PLAN_FAILED error code","invocations":1,"location":null,"numPassingAsserts":1,"retryReasons":[],"status":"passed","title":"should propagate TRANSACTION_PLAN_FAILED error code"},{"ancestorTitles":["MCP-117: TransactionManager","Error Propagation"],"duration":2,"failureDetails":[],"failureMessages":[],"fullName":"MCP-117: TransactionManager Error Propagation should propagate TRANSACTION_STALE_CONTENT error code","invocations":1,"location":null,"numPassingAsserts":2,"retryReasons":[],"status":"passed","title":"should propagate TRANSACTION_STALE_CONTENT error code"}],"endTime":1762117870713,"message":"","name":"/Users/shayon/DevProjects/mcp-for-lifeos/tests/unit/transaction-manager.test.ts","startTime":1762117869160,"status":"passed","summary":""},{"assertionResults":[{"ancestorTitles":["Link Updater Integration","updateNoteLinks with real files"],"duration":12,"failureDetails":[],"failureMessages":[],"fullName":"Link Updater Integration updateNoteLinks with real files should update links while preserving frontmatter structure","invocations":1,"location":null,"numPassingAsserts":5,"retryReasons":[],"status":"passed","title":"should update links while preserving frontmatter structure"},{"ancestorTitles":["Link Updater Integration","updateNoteLinks with real files"],"duration":2,"failureDetails":[],"failureMessages":[],"fullName":"Link Updater Integration updateNoteLinks with real files should handle files without frontmatter","invocations":1,"location":null,"numPassingAsserts":3,"retryReasons":[],"status":"passed","title":"should handle files without frontmatter"},{"ancestorTitles":["Link Updater Integration","updateVaultLinks with real vault"],"duration":113,"failureDetails":[],"failureMessages":[],"fullName":"Link Updater Integration updateVaultLinks with real vault should update links across multiple files","invocations":1,"location":null,"numPassingAsserts":9,"retryReasons":[],"status":"passed","title":"should update links across multiple files"},{"ancestorTitles":["Link Updater Integration","updateVaultLinks with real vault"],"duration":107,"failureDetails":[],"failureMessages":[],"fullName":"Link Updater Integration updateVaultLinks with real vault should handle case-insensitive matching","invocations":1,"location":null,"numPassingAsserts":3,"retryReasons":[],"status":"passed","title":"should handle case-insensitive matching"},{"ancestorTitles":["Link Updater Integration","updateVaultLinks with real vault"],"duration":108,"failureDetails":[],"failureMessages":[],"fullName":"Link Updater Integration updateVaultLinks with real vault should preserve other links while updating target","invocations":1,"location":null,"numPassingAsserts":4,"retryReasons":[],"status":"passed","title":"should preserve other links while updating target"},{"ancestorTitles":["Link Updater Integration","updateVaultLinks with real vault"],"duration":121,"failureDetails":[],"failureMessages":[],"fullName":"Link Updater Integration updateVaultLinks with real vault should handle complex link formats","invocations":1,"location":null,"numPassingAsserts":10,"retryReasons":[],"status":"passed","title":"should handle complex link formats"},{"ancestorTitles":["Link Updater Integration","updateVaultLinks with real vault"],"duration":116,"failureDetails":[],"failureMessages":[],"fullName":"Link Updater Integration updateVaultLinks with real vault should return empty result when no links found","invocations":1,"location":null,"numPassingAsserts":4,"retryReasons":[],"status":"passed","title":"should return empty result when no links found"},{"ancestorTitles":["Link Updater Integration","updateVaultLinks with real vault"],"duration":109,"failureDetails":[],"failureMessages":[],"fullName":"Link Updater Integration updateVaultLinks with real vault should include timing metrics","invocations":1,"location":null,"numPassingAsserts":2,"retryReasons":[],"status":"passed","title":"should include timing metrics"},{"ancestorTitles":["Link Updater Integration","Frontmatter preservation"],"duration":116,"failureDetails":[],"failureMessages":[],"fullName":"Link Updater Integration Frontmatter preservation should preserve complex frontmatter during updates","invocations":1,"location":null,"numPassingAsserts":5,"retryReasons":[],"status":"passed","title":"should preserve complex frontmatter during updates"},{"ancestorTitles":["Link Updater Integration","Error scenarios"],"duration":19,"failureDetails":[],"failureMessages":[],"fullName":"Link Updater Integration Error scenarios should handle empty note names","invocations":1,"location":null,"numPassingAsserts":2,"retryReasons":[],"status":"passed","title":"should handle empty note names"},{"ancestorTitles":["Link Updater Integration","Error scenarios"],"duration":111,"failureDetails":[],"failureMessages":[],"fullName":"Link Updater Integration Error scenarios should handle vault with subdirectories","invocations":1,"location":null,"numPassingAsserts":5,"retryReasons":[],"status":"passed","title":"should handle vault with subdirectories"},{"ancestorTitles":["Link Updater Integration","Real Vault Validation - Fleeting Notes"],"duration":211,"failureDetails":[],"failureMessages":[],"fullName":"Link Updater Integration Real Vault Validation - Fleeting Notes should update links with aliases in fleeting notes folder","invocations":1,"location":null,"numPassingAsserts":6,"retryReasons":[],"status":"passed","title":"should update links with aliases in fleeting notes folder"},{"ancestorTitles":["Link Updater Integration","Real Vault Validation - Fleeting Notes"],"duration":null,"failureDetails":[],"failureMessages":[],"fullName":"Link Updater Integration Real Vault Validation - Fleeting Notes should handle frontmatter-only link updates in fleeting notes (FUTURE: MCP-106 skips frontmatter)","invocations":1,"location":null,"numPassingAsserts":0,"retryReasons":[],"status":"pending","title":"should handle frontmatter-only link updates in fleeting notes (FUTURE: MCP-106 skips frontmatter)"},{"ancestorTitles":["Link Updater Integration","Real Vault Validation - Fleeting Notes"],"duration":225,"failureDetails":[],"failureMessages":[],"fullName":"Link Updater Integration Real Vault Validation - Fleeting Notes should update multiple link formats simultaneously in fleeting notes","invocations":1,"location":null,"numPassingAsserts":8,"retryReasons":[],"status":"passed","title":"should update multiple link formats simultaneously in fleeting notes"}],"endTime":1762117872147,"message":"","name":"/Users/shayon/DevProjects/mcp-for-lifeos/tests/integration/link-updater.integration.test.ts","startTime":1762117870717,"status":"focused","summary":""},{"assertionResults":[{"ancestorTitles":["Legacy Alias Handlers Module","LEGACY_ALIAS_TOOL_NAMES constant"],"duration":0,"failureDetails":[],"failureMessages":[],"fullName":"Legacy Alias Handlers Module LEGACY_ALIAS_TOOL_NAMES constant should export exactly 11 legacy alias tool names","invocations":1,"location":null,"numPassingAsserts":1,"retryReasons":[],"status":"passed","title":"should export exactly 11 legacy alias tool names"},{"ancestorTitles":["Legacy Alias Handlers Module","LEGACY_ALIAS_TOOL_NAMES constant"],"duration":2,"failureDetails":[],"failureMessages":[],"fullName":"Legacy Alias Handlers Module LEGACY_ALIAS_TOOL_NAMES constant should include all search aliases (6 total)","invocations":1,"location":null,"numPassingAsserts":6,"retryReasons":[],"status":"passed","title":"should include all search aliases (6 total)"},{"ancestorTitles":["Legacy Alias Handlers Module","LEGACY_ALIAS_TOOL_NAMES constant"],"duration":1,"failureDetails":[],"failureMessages":[],"fullName":"Legacy Alias Handlers Module LEGACY_ALIAS_TOOL_NAMES constant should include template alias","invocations":1,"location":null,"numPassingAsserts":1,"retryReasons":[],"status":"passed","title":"should include template alias"},{"ancestorTitles":["Legacy Alias Handlers Module","LEGACY_ALIAS_TOOL_NAMES constant"],"duration":0,"failureDetails":[],"failureMessages":[],"fullName":"Legacy Alias Handlers Module LEGACY_ALIAS_TOOL_NAMES constant should include all list aliases (4 total)","invocations":1,"location":null,"numPassingAsserts":4,"retryReasons":[],"status":"passed","title":"should include all list aliases (4 total)"},{"ancestorTitles":["Legacy Alias Handlers Module","registerLegacyAliasHandlers()"],"duration":1,"failureDetails":[],"failureMessages":[],"fullName":"Legacy Alias Handlers Module registerLegacyAliasHandlers() should register all 11 legacy alias handlers into the registry","invocations":1,"location":null,"numPassingAsserts":2,"retryReasons":[],"status":"passed","title":"should register all 11 legacy alias handlers into the registry"},{"ancestorTitles":["Legacy Alias Handlers Module","registerLegacyAliasHandlers()"],"duration":1,"failureDetails":[],"failureMessages":[],"fullName":"Legacy Alias Handlers Module registerLegacyAliasHandlers() should register handlers for each tool in LEGACY_ALIAS_TOOL_NAMES","invocations":1,"location":null,"numPassingAsserts":22,"retryReasons":[],"status":"passed","title":"should register handlers for each tool in LEGACY_ALIAS_TOOL_NAMES"},{"ancestorTitles":["Legacy Alias Handlers Module","registerLegacyAliasHandlers()"],"duration":0,"failureDetails":[],"failureMessages":[],"fullName":"Legacy Alias Handlers Module registerLegacyAliasHandlers() should support chaining pattern","invocations":1,"location":null,"numPassingAsserts":2,"retryReasons":[],"status":"passed","title":"should support chaining pattern"},{"ancestorTitles":["Legacy Alias Handlers Module","registerLegacyAliasHandlers()"],"duration":0,"failureDetails":[],"failureMessages":[],"fullName":"Legacy Alias Handlers Module registerLegacyAliasHandlers() should be idempotent (multiple calls don't duplicate handlers)","invocations":1,"location":null,"numPassingAsserts":1,"retryReasons":[],"status":"passed","title":"should be idempotent (multiple calls don't duplicate handlers)"},{"ancestorTitles":["Legacy Alias Handlers Module","getLegacyAliasHandler()"],"duration":1,"failureDetails":[],"failureMessages":[],"fullName":"Legacy Alias Handlers Module getLegacyAliasHandler() should return handler for valid legacy alias tool names","invocations":1,"location":null,"numPassingAsserts":22,"retryReasons":[],"status":"passed","title":"should return handler for valid legacy alias tool names"},{"ancestorTitles":["Legacy Alias Handlers Module","getLegacyAliasHandler()"],"duration":0,"failureDetails":[],"failureMessages":[],"fullName":"Legacy Alias Handlers Module getLegacyAliasHandler() should return undefined for unknown tool names","invocations":1,"location":null,"numPassingAsserts":1,"retryReasons":[],"status":"passed","title":"should return undefined for unknown tool names"},{"ancestorTitles":["Legacy Alias Handlers Module","getLegacyAliasHandler()"],"duration":1,"failureDetails":[],"failureMessages":[],"fullName":"Legacy Alias Handlers Module getLegacyAliasHandler() should return the same handler instance on multiple calls","invocations":1,"location":null,"numPassingAsserts":1,"retryReasons":[],"status":"passed","title":"should return the same handler instance on multiple calls"},{"ancestorTitles":["Legacy Alias Handlers Module","Mode Guards"],"duration":507,"failureDetails":[],"failureMessages":[],"fullName":"Legacy Alias Handlers Module Mode Guards should work in legacy-only mode (search aliases)","invocations":1,"location":null,"numPassingAsserts":4,"retryReasons":[],"status":"passed","title":"should work in legacy-only mode (search aliases)"},{"ancestorTitles":["Legacy Alias Handlers Module","Mode Guards"],"duration":3,"failureDetails":[],"failureMessages":[],"fullName":"Legacy Alias Handlers Module Mode Guards should work in legacy-only mode (template alias)","invocations":1,"location":null,"numPassingAsserts":3,"retryReasons":[],"status":"passed","title":"should work in legacy-only mode (template alias)"},{"ancestorTitles":["Legacy Alias Handlers Module","Mode Guards"],"duration":1,"failureDetails":[],"failureMessages":[],"fullName":"Legacy Alias Handlers Module Mode Guards should work in legacy-only mode (list aliases)","invocations":1,"location":null,"numPassingAsserts":3,"retryReasons":[],"status":"passed","title":"should work in legacy-only mode (list aliases)"},{"ancestorTitles":["Legacy Alias Handlers Module","Handler Factory Initialization"],"duration":0,"failureDetails":[],"failureMessages":[],"fullName":"Legacy Alias Handlers Module Handler Factory Initialization should initialize handlers lazily (only on first access)","invocations":1,"location":null,"numPassingAsserts":3,"retryReasons":[],"status":"passed","title":"should initialize handlers lazily (only on first access)"},{"ancestorTitles":["Legacy Alias Handlers Module","Handler Factory Initialization"],"duration":0,"failureDetails":[],"failureMessages":[],"fullName":"Legacy Alias Handlers Module Handler Factory Initialization should create separate handler instances for each tool","invocations":1,"location":null,"numPassingAsserts":1,"retryReasons":[],"status":"passed","title":"should create separate handler instances for each tool"},{"ancestorTitles":["Legacy Alias Handlers Module","Deprecation Warning Generation"],"duration":1,"failureDetails":[],"failureMessages":[],"fullName":"Legacy Alias Handlers Module Deprecation Warning Generation should include deprecation notice in handler response structure","invocations":1,"location":null,"numPassingAsserts":1,"retryReasons":[],"status":"passed","title":"should include deprecation notice in handler response structure"}],"endTime":1762117872742,"message":"","name":"/Users/shayon/DevProjects/mcp-for-lifeos/tests/unit/server/legacy-alias-handlers.test.ts","startTime":1762117872153,"status":"passed","summary":""},{"assertionResults":[{"ancestorTitles":["JSONL Analytics Unit Tests","Atomic Append Operations"],"duration":1,"failureDetails":[],"failureMessages":[],"fullName":"JSONL Analytics Unit Tests Atomic Append Operations should use fs.appendFileSync for atomic writes","invocations":1,"location":null,"numPassingAsserts":1,"retryReasons":[],"status":"passed","title":"should use fs.appendFileSync for atomic writes"},{"ancestorTitles":["JSONL Analytics Unit Tests","Atomic Append Operations"],"duration":1,"failureDetails":[],"failureMessages":[],"fullName":"JSONL Analytics Unit Tests Atomic Append Operations should ensure line size stays under PIPE_BUF (4096 bytes)","invocations":1,"location":null,"numPassingAsserts":1,"retryReasons":[],"status":"passed","title":"should ensure line size stays under PIPE_BUF (4096 bytes)"},{"ancestorTitles":["JSONL Analytics Unit Tests","Atomic Append Operations"],"duration":0,"failureDetails":[],"failureMessages":[],"fullName":"JSONL Analytics Unit Tests Atomic Append Operations should handle write errors gracefully","invocations":1,"location":null,"numPassingAsserts":1,"retryReasons":[],"status":"passed","title":"should handle write errors gracefully"},{"ancestorTitles":["JSONL Analytics Unit Tests","JSONL Line Formatting"],"duration":1,"failureDetails":[],"failureMessages":[],"fullName":"JSONL Analytics Unit Tests JSONL Line Formatting should format each metric as a single JSON line","invocations":1,"location":null,"numPassingAsserts":4,"retryReasons":[],"status":"passed","title":"should format each metric as a single JSON line"},{"ancestorTitles":["JSONL Analytics Unit Tests","JSONL Line Formatting"],"duration":0,"failureDetails":[],"failureMessages":[],"fullName":"JSONL Analytics Unit Tests JSONL Line Formatting should not include multi-line JSON formatting","invocations":1,"location":null,"numPassingAsserts":2,"retryReasons":[],"status":"passed","title":"should not include multi-line JSON formatting"},{"ancestorTitles":["JSONL Analytics Unit Tests","JSONL Line Formatting"],"duration":1,"failureDetails":[],"failureMessages":[],"fullName":"JSONL Analytics Unit Tests JSONL Line Formatting should escape special characters properly","invocations":1,"location":null,"numPassingAsserts":2,"retryReasons":[],"status":"passed","title":"should escape special characters properly"},{"ancestorTitles":["JSONL Analytics Unit Tests","Instance ID Generation"],"duration":4,"failureDetails":[],"failureMessages":[],"fullName":"JSONL Analytics Unit Tests Instance ID Generation should generate unique UUID v4 instance IDs","invocations":1,"location":null,"numPassingAsserts":101,"retryReasons":[],"status":"passed","title":"should generate unique UUID v4 instance IDs"},{"ancestorTitles":["JSONL Analytics Unit Tests","Instance ID Generation"],"duration":0,"failureDetails":[],"failureMessages":[],"fullName":"JSONL Analytics Unit Tests Instance ID Generation should include process ID and hostname","invocations":1,"location":null,"numPassingAsserts":4,"retryReasons":[],"status":"passed","title":"should include process ID and hostname"},{"ancestorTitles":["JSONL Analytics Unit Tests","Instance ID Generation"],"duration":1,"failureDetails":[],"failureMessages":[],"fullName":"JSONL Analytics Unit Tests Instance ID Generation should maintain instance ID throughout session","invocations":1,"location":null,"numPassingAsserts":2,"retryReasons":[],"status":"passed","title":"should maintain instance ID throughout session"},{"ancestorTitles":["JSONL Analytics Unit Tests","Malformed Line Parsing"],"duration":0,"failureDetails":[],"failureMessages":[],"fullName":"JSONL Analytics Unit Tests Malformed Line Parsing should skip malformed JSON lines","invocations":1,"location":null,"numPassingAsserts":4,"retryReasons":[],"status":"passed","title":"should skip malformed JSON lines"},{"ancestorTitles":["JSONL Analytics Unit Tests","Malformed Line Parsing"],"duration":0,"failureDetails":[],"failureMessages":[],"fullName":"JSONL Analytics Unit Tests Malformed Line Parsing should handle partial lines from process crashes","invocations":1,"location":null,"numPassingAsserts":3,"retryReasons":[],"status":"passed","title":"should handle partial lines from process crashes"},{"ancestorTitles":["JSONL Analytics Unit Tests","Malformed Line Parsing"],"duration":0,"failureDetails":[],"failureMessages":[],"fullName":"JSONL Analytics Unit Tests Malformed Line Parsing should handle empty lines and whitespace","invocations":1,"location":null,"numPassingAsserts":1,"retryReasons":[],"status":"passed","title":"should handle empty lines and whitespace"},{"ancestorTitles":["JSONL Analytics Unit Tests","Format Detection (JSON vs JSONL)"],"duration":1,"failureDetails":[],"failureMessages":[],"fullName":"JSONL Analytics Unit Tests Format Detection (JSON vs JSONL) should detect format by file extension","invocations":1,"location":null,"numPassingAsserts":4,"retryReasons":[],"status":"passed","title":"should detect format by file extension"},{"ancestorTitles":["JSONL Analytics Unit Tests","Format Detection (JSON vs JSONL)"],"duration":0,"failureDetails":[],"failureMessages":[],"fullName":"JSONL Analytics Unit Tests Format Detection (JSON vs JSONL) should detect format by content structure","invocations":1,"location":null,"numPassingAsserts":2,"retryReasons":[],"status":"passed","title":"should detect format by content structure"},{"ancestorTitles":["JSONL Analytics Unit Tests","Format Detection (JSON vs JSONL)"],"duration":1,"failureDetails":[],"failureMessages":[],"fullName":"JSONL Analytics Unit Tests Format Detection (JSON vs JSONL) should support reading both formats during migration","invocations":1,"location":null,"numPassingAsserts":2,"retryReasons":[],"status":"passed","title":"should support reading both formats during migration"},{"ancestorTitles":["JSONL Analytics Unit Tests","Buffer Management"],"duration":0,"failureDetails":[],"failureMessages":[],"fullName":"JSONL Analytics Unit Tests Buffer Management should flush buffer when size limit reached","invocations":1,"location":null,"numPassingAsserts":1,"retryReasons":[],"status":"passed","title":"should flush buffer when size limit reached"},{"ancestorTitles":["JSONL Analytics Unit Tests","Buffer Management"],"duration":254,"failureDetails":[],"failureMessages":[],"fullName":"JSONL Analytics Unit Tests Buffer Management should flush buffer on timer interval","invocations":1,"location":null,"numPassingAsserts":1,"retryReasons":[],"status":"passed","title":"should flush buffer on timer interval"}],"endTime":1762117873029,"message":"","name":"/Users/shayon/DevProjects/mcp-for-lifeos/tests/unit/jsonl-analytics.test.ts","startTime":1762117872745,"status":"passed","summary":""},{"assertionResults":[{"ancestorTitles":["Request Handler - isToolAllowed","Always-available tools"],"duration":2,"failureDetails":[],"failureMessages":[],"fullName":"Request Handler - isToolAllowed Always-available tools allows always-available tools in legacy-only mode","invocations":1,"location":null,"numPassingAsserts":18,"retryReasons":[],"status":"passed","title":"allows always-available tools in legacy-only mode"},{"ancestorTitles":["Request Handler - isToolAllowed","Always-available tools"],"duration":1,"failureDetails":[],"failureMessages":[],"fullName":"Request Handler - isToolAllowed Always-available tools allows always-available tools in consolidated-only mode","invocations":1,"location":null,"numPassingAsserts":18,"retryReasons":[],"status":"passed","title":"allows always-available tools in consolidated-only mode"},{"ancestorTitles":["Request Handler - isToolAllowed","Always-available tools"],"duration":0,"failureDetails":[],"failureMessages":[],"fullName":"Request Handler - isToolAllowed Always-available tools allows always-available tools in consolidated-with-aliases mode","invocations":1,"location":null,"numPassingAsserts":18,"retryReasons":[],"status":"passed","title":"allows always-available tools in consolidated-with-aliases mode"},{"ancestorTitles":["Request Handler - isToolAllowed","Consolidated tools"],"duration":2,"failureDetails":[],"failureMessages":[],"fullName":"Request Handler - isToolAllowed Consolidated tools allows consolidated tools in consolidated-only mode","invocations":1,"location":null,"numPassingAsserts":6,"retryReasons":[],"status":"passed","title":"allows consolidated tools in consolidated-only mode"},{"ancestorTitles":["Request Handler - isToolAllowed","Consolidated tools"],"duration":0,"failureDetails":[],"failureMessages":[],"fullName":"Request Handler - isToolAllowed Consolidated tools allows consolidated tools in consolidated-with-aliases mode","invocations":1,"location":null,"numPassingAsserts":6,"retryReasons":[],"status":"passed","title":"allows consolidated tools in consolidated-with-aliases mode"},{"ancestorTitles":["Request Handler - isToolAllowed","Consolidated tools"],"duration":0,"failureDetails":[],"failureMessages":[],"fullName":"Request Handler - isToolAllowed Consolidated tools blocks consolidated tools in legacy-only mode","invocations":1,"location":null,"numPassingAsserts":6,"retryReasons":[],"status":"passed","title":"blocks consolidated tools in legacy-only mode"},{"ancestorTitles":["Request Handler - isToolAllowed","Legacy tools"],"duration":1,"failureDetails":[],"failureMessages":[],"fullName":"Request Handler - isToolAllowed Legacy tools allows legacy tools in legacy-only mode","invocations":1,"location":null,"numPassingAsserts":22,"retryReasons":[],"status":"passed","title":"allows legacy tools in legacy-only mode"},{"ancestorTitles":["Request Handler - isToolAllowed","Legacy tools"],"duration":0,"failureDetails":[],"failureMessages":[],"fullName":"Request Handler - isToolAllowed Legacy tools allows legacy tools in consolidated-with-aliases mode","invocations":1,"location":null,"numPassingAsserts":22,"retryReasons":[],"status":"passed","title":"allows legacy tools in consolidated-with-aliases mode"},{"ancestorTitles":["Request Handler - isToolAllowed","Legacy tools"],"duration":1,"failureDetails":[],"failureMessages":[],"fullName":"Request Handler - isToolAllowed Legacy tools blocks legacy tools in consolidated-only mode","invocations":1,"location":null,"numPassingAsserts":22,"retryReasons":[],"status":"passed","title":"blocks legacy tools in consolidated-only mode"},{"ancestorTitles":["Request Handler - isToolAllowed","Unknown tools"],"duration":0,"failureDetails":[],"failureMessages":[],"fullName":"Request Handler - isToolAllowed Unknown tools blocks unknown tools in legacy-only mode","invocations":1,"location":null,"numPassingAsserts":6,"retryReasons":[],"status":"passed","title":"blocks unknown tools in legacy-only mode"},{"ancestorTitles":["Request Handler - isToolAllowed","Unknown tools"],"duration":0,"failureDetails":[],"failureMessages":[],"fullName":"Request Handler - isToolAllowed Unknown tools blocks unknown tools in consolidated-only mode","invocations":1,"location":null,"numPassingAsserts":6,"retryReasons":[],"status":"passed","title":"blocks unknown tools in consolidated-only mode"},{"ancestorTitles":["Request Handler - isToolAllowed","Unknown tools"],"duration":1,"failureDetails":[],"failureMessages":[],"fullName":"Request Handler - isToolAllowed Unknown tools blocks unknown tools in consolidated-with-aliases mode","invocations":1,"location":null,"numPassingAsserts":6,"retryReasons":[],"status":"passed","title":"blocks unknown tools in consolidated-with-aliases mode"},{"ancestorTitles":["Request Handler - isToolAllowed","Edge cases"],"duration":0,"failureDetails":[],"failureMessages":[],"fullName":"Request Handler - isToolAllowed Edge cases handles empty tool name","invocations":1,"location":null,"numPassingAsserts":1,"retryReasons":[],"status":"passed","title":"handles empty tool name"},{"ancestorTitles":["Request Handler - isToolAllowed","Edge cases"],"duration":0,"failureDetails":[],"failureMessages":[],"fullName":"Request Handler - isToolAllowed Edge cases handles case-sensitive tool names","invocations":1,"location":null,"numPassingAsserts":1,"retryReasons":[],"status":"passed","title":"handles case-sensitive tool names"},{"ancestorTitles":["Request Handler - isToolAllowed","Edge cases"],"duration":0,"failureDetails":[],"failureMessages":[],"fullName":"Request Handler - isToolAllowed Edge cases returns structured error message for invalid mode","invocations":1,"location":null,"numPassingAsserts":2,"retryReasons":[],"status":"passed","title":"returns structured error message for invalid mode"},{"ancestorTitles":["Request Handler - validateMaxResults","Default behavior"],"duration":1,"failureDetails":[],"failureMessages":[],"fullName":"Request Handler - validateMaxResults Default behavior returns default value (25) when undefined","invocations":1,"location":null,"numPassingAsserts":3,"retryReasons":[],"status":"passed","title":"returns default value (25) when undefined"},{"ancestorTitles":["Request Handler - validateMaxResults","Valid range (1-100)"],"duration":2,"failureDetails":[],"failureMessages":[],"fullName":"Request Handler - validateMaxResults Valid range (1-100) accepts value within range without adjustment","invocations":1,"location":null,"numPassingAsserts":18,"retryReasons":[],"status":"passed","title":"accepts value within range without adjustment"},{"ancestorTitles":["Request Handler - validateMaxResults","Constraint to minimum (1)"],"duration":0,"failureDetails":[],"failureMessages":[],"fullName":"Request Handler - validateMaxResults Constraint to minimum (1) constrains negative values to minimum","invocations":1,"location":null,"numPassingAsserts":3,"retryReasons":[],"status":"passed","title":"constrains negative values to minimum"},{"ancestorTitles":["Request Handler - validateMaxResults","Constraint to minimum (1)"],"duration":0,"failureDetails":[],"failureMessages":[],"fullName":"Request Handler - validateMaxResults Constraint to minimum (1) constrains zero to minimum","invocations":1,"location":null,"numPassingAsserts":3,"retryReasons":[],"status":"passed","title":"constrains zero to minimum"},{"ancestorTitles":["Request Handler - validateMaxResults","Constraint to maximum (100)"],"duration":1,"failureDetails":[],"failureMessages":[],"fullName":"Request Handler - validateMaxResults Constraint to maximum (100) constrains values above 100","invocations":1,"location":null,"numPassingAsserts":3,"retryReasons":[],"status":"passed","title":"constrains values above 100"},{"ancestorTitles":["Request Handler - validateMaxResults","Constraint to maximum (100)"],"duration":0,"failureDetails":[],"failureMessages":[],"fullName":"Request Handler - validateMaxResults Constraint to maximum (100) constrains very large values","invocations":1,"location":null,"numPassingAsserts":3,"retryReasons":[],"status":"passed","title":"constrains very large values"},{"ancestorTitles":["Request Handler - validateMaxResults","Tool name parameter (MCP-95)"],"duration":0,"failureDetails":[],"failureMessages":[],"fullName":"Request Handler - validateMaxResults Tool name parameter (MCP-95) accepts any tool name without tool-specific constraints","invocations":1,"location":null,"numPassingAsserts":6,"retryReasons":[],"status":"passed","title":"accepts any tool name without tool-specific constraints"},{"ancestorTitles":["Request Handler - createRequestHandler","Factory creation"],"duration":1,"failureDetails":[],"failureMessages":[],"fullName":"Request Handler - createRequestHandler Factory creation creates handler function","invocations":1,"location":null,"numPassingAsserts":1,"retryReasons":[],"status":"passed","title":"creates handler function"},{"ancestorTitles":["Request Handler - createRequestHandler","Factory creation"],"duration":1,"failureDetails":[],"failureMessages":[],"fullName":"Request Handler - createRequestHandler Factory creation creates handler without executing side effects","invocations":1,"location":null,"numPassingAsserts":1,"retryReasons":[],"status":"passed","title":"creates handler without executing side effects"},{"ancestorTitles":["Request Handler - createRequestHandler","Registry population (MCP-96)"],"duration":5,"failureDetails":[],"failureMessages":[],"fullName":"Request Handler - createRequestHandler Registry population (MCP-96) throws \"Missing arguments\" for request without arguments","invocations":1,"location":null,"numPassingAsserts":1,"retryReasons":[],"status":"passed","title":"throws \"Missing arguments\" for request without arguments"},{"ancestorTitles":["Request Handler - createRequestHandler","Registry population (MCP-96)"],"duration":1,"failureDetails":[],"failureMessages":[],"fullName":"Request Handler - createRequestHandler Registry population (MCP-96) executes consolidated tools via registry","invocations":1,"location":null,"numPassingAsserts":4,"retryReasons":[],"status":"passed","title":"executes consolidated tools via registry"},{"ancestorTitles":["Request Handler - createRequestHandler","Registry population (MCP-96)"],"duration":0,"failureDetails":[],"failureMessages":[],"fullName":"Request Handler - createRequestHandler Registry population (MCP-96) creates notes via consolidated registry handler","invocations":1,"location":null,"numPassingAsserts":3,"retryReasons":[],"status":"passed","title":"creates notes via consolidated registry handler"},{"ancestorTitles":["Request Handler - createRequestHandler","Registry population (MCP-96)"],"duration":1,"failureDetails":[],"failureMessages":[],"fullName":"Request Handler - createRequestHandler Registry population (MCP-96) lists data via consolidated registry handler","invocations":1,"location":null,"numPassingAsserts":2,"retryReasons":[],"status":"passed","title":"lists data via consolidated registry handler"},{"ancestorTitles":["Request Handler - createRequestHandler","Registry population (MCP-96)"],"duration":1,"failureDetails":[],"failureMessages":[],"fullName":"Request Handler - createRequestHandler Registry population (MCP-96) throws \"Unknown tool\" when registry lacks tool","invocations":1,"location":null,"numPassingAsserts":1,"retryReasons":[],"status":"passed","title":"throws \"Unknown tool\" when registry lacks tool"},{"ancestorTitles":["Request Handler - createRequestHandler","Registry population (MCP-96)"],"duration":0,"failureDetails":[],"failureMessages":[],"fullName":"Request Handler - createRequestHandler Registry population (MCP-96) validates tool mode before registry lookup","invocations":1,"location":null,"numPassingAsserts":1,"retryReasons":[],"status":"passed","title":"validates tool mode before registry lookup"},{"ancestorTitles":["Request Handler - createRequestHandler","Tool mode validation"],"duration":1,"failureDetails":[],"failureMessages":[],"fullName":"Request Handler - createRequestHandler Tool mode validation validates tool availability in legacy-only mode","invocations":1,"location":null,"numPassingAsserts":1,"retryReasons":[],"status":"passed","title":"validates tool availability in legacy-only mode"},{"ancestorTitles":["Request Handler - createRequestHandler","Tool mode validation"],"duration":0,"failureDetails":[],"failureMessages":[],"fullName":"Request Handler - createRequestHandler Tool mode validation validates tool availability in consolidated-only mode","invocations":1,"location":null,"numPassingAsserts":1,"retryReasons":[],"status":"passed","title":"validates tool availability in consolidated-only mode"},{"ancestorTitles":["Request Handler - createRequestHandler","Handler context"],"duration":1,"failureDetails":[],"failureMessages":[],"fullName":"Request Handler - createRequestHandler Handler context builds context with provided configuration","invocations":1,"location":null,"numPassingAsserts":1,"retryReasons":[],"status":"passed","title":"builds context with provided configuration"}],"endTime":1762117873238,"message":"","name":"/Users/shayon/DevProjects/mcp-for-lifeos/tests/unit/server/request-handler.test.ts","startTime":1762117873033,"status":"passed","summary":""},{"assertionResults":[{"ancestorTitles":["LinkScanner Integration","Vault-wide scanning"],"duration":7,"failureDetails":[],"failureMessages":[],"fullName":"LinkScanner Integration Vault-wide scanning should scan vault and find all references to a note","invocations":1,"location":null,"numPassingAsserts":9,"retryReasons":[],"status":"passed","title":"should scan vault and find all references to a note"},{"ancestorTitles":["LinkScanner Integration","Vault-wide scanning"],"duration":3,"failureDetails":[],"failureMessages":[],"fullName":"LinkScanner Integration Vault-wide scanning should detect ambiguous targets (multiple notes with same name)","invocations":1,"location":null,"numPassingAsserts":2,"retryReasons":[],"status":"passed","title":"should detect ambiguous targets (multiple notes with same name)"},{"ancestorTitles":["LinkScanner Integration","Vault-wide scanning"],"duration":3,"failureDetails":[],"failureMessages":[],"fullName":"LinkScanner Integration Vault-wide scanning should respect includeEmbeds option","invocations":1,"location":null,"numPassingAsserts":3,"retryReasons":[],"status":"passed","title":"should respect includeEmbeds option"},{"ancestorTitles":["LinkScanner Integration","Vault-wide scanning"],"duration":5,"failureDetails":[],"failureMessages":[],"fullName":"LinkScanner Integration Vault-wide scanning should handle case-insensitive matching by default","invocations":1,"location":null,"numPassingAsserts":1,"retryReasons":[],"status":"passed","title":"should handle case-insensitive matching by default"},{"ancestorTitles":["LinkScanner Integration","Vault-wide scanning"],"duration":3,"failureDetails":[],"failureMessages":[],"fullName":"LinkScanner Integration Vault-wide scanning should handle case-sensitive matching when requested","invocations":1,"location":null,"numPassingAsserts":2,"retryReasons":[],"status":"passed","title":"should handle case-sensitive matching when requested"},{"ancestorTitles":["LinkScanner Integration","Performance benchmarks"],"duration":47,"failureDetails":[],"failureMessages":[],"fullName":"LinkScanner Integration Performance benchmarks should scan 100+ note vault in reasonable time","invocations":1,"location":null,"numPassingAsserts":4,"retryReasons":[],"status":"passed","title":"should scan 100+ note vault in reasonable time"},{"ancestorTitles":["LinkScanner Integration","Performance benchmarks"],"duration":3,"failureDetails":[],"failureMessages":[],"fullName":"LinkScanner Integration Performance benchmarks should use SearchEngine cache on second scan","invocations":1,"location":null,"numPassingAsserts":2,"retryReasons":[],"status":"passed","title":"should use SearchEngine cache on second scan"},{"ancestorTitles":["LinkScanner Integration","Real vault structure"],"duration":4,"failureDetails":[],"failureMessages":[],"fullName":"LinkScanner Integration Real vault structure should handle nested folders","invocations":1,"location":null,"numPassingAsserts":3,"retryReasons":[],"status":"passed","title":"should handle nested folders"},{"ancestorTitles":["LinkScanner Integration","Real vault structure"],"duration":2,"failureDetails":[],"failureMessages":[],"fullName":"LinkScanner Integration Real vault structure should handle notes with complex content","invocations":1,"location":null,"numPassingAsserts":4,"retryReasons":[],"status":"passed","title":"should handle notes with complex content"},{"ancestorTitles":["LinkScanner Integration","Error handling"],"duration":5,"failureDetails":[],"failureMessages":[],"fullName":"LinkScanner Integration Error handling should throw error for empty target","invocations":1,"location":null,"numPassingAsserts":1,"retryReasons":[],"status":"passed","title":"should throw error for empty target"},{"ancestorTitles":["LinkScanner Integration","Error handling"],"duration":1,"failureDetails":[],"failureMessages":[],"fullName":"LinkScanner Integration Error handling should handle vault with no notes gracefully","invocations":1,"location":null,"numPassingAsserts":3,"retryReasons":[],"status":"passed","title":"should handle vault with no notes gracefully"},{"ancestorTitles":["LinkScanner Integration","Error handling"],"duration":2,"failureDetails":[],"failureMessages":[],"fullName":"LinkScanner Integration Error handling should handle target that does not exist","invocations":1,"location":null,"numPassingAsserts":2,"retryReasons":[],"status":"passed","title":"should handle target that does not exist"}],"endTime":1762117873372,"message":"","name":"/Users/shayon/DevProjects/mcp-for-lifeos/tests/integration/link-scanner.integration.test.ts","startTime":1762117873241,"status":"passed","summary":""},{"assertionResults":[{"ancestorTitles":["Claude Desktop Integration (Direct)","Core MCP-61 Test: No Production Vault Pollution"],"duration":5,"failureDetails":[],"failureMessages":[],"fullName":"Claude Desktop Integration (Direct) Core MCP-61 Test: No Production Vault Pollution should create notes ONLY in temp vault, never in production","invocations":1,"location":null,"numPassingAsserts":16,"retryReasons":[],"status":"passed","title":"should create notes ONLY in temp vault, never in production"},{"ancestorTitles":["Claude Desktop Integration (Direct)","Vault Isolation Verification"],"duration":4,"failureDetails":[],"failureMessages":[],"fullName":"Claude Desktop Integration (Direct) Vault Isolation Verification should read/write/search only in temp vault","invocations":1,"location":null,"numPassingAsserts":8,"retryReasons":[],"status":"passed","title":"should read/write/search only in temp vault"},{"ancestorTitles":["Claude Desktop Integration (Direct)","Config Override Verification"],"duration":2,"failureDetails":[],"failureMessages":[],"fullName":"Claude Desktop Integration (Direct) Config Override Verification should use temp vault paths from LIFEOS_CONFIG","invocations":1,"location":null,"numPassingAsserts":8,"retryReasons":[],"status":"passed","title":"should use temp vault paths from LIFEOS_CONFIG"},{"ancestorTitles":["Claude Desktop Integration (Direct)","Cleanup Verification"],"duration":2,"failureDetails":[],"failureMessages":[],"fullName":"Claude Desktop Integration (Direct) Cleanup Verification should clean up temp vault in afterEach","invocations":1,"location":null,"numPassingAsserts":3,"retryReasons":[],"status":"passed","title":"should clean up temp vault in afterEach"}],"endTime":1762117873431,"message":"","name":"/Users/shayon/DevProjects/mcp-for-lifeos/tests/integration/claude-desktop-integration.test.ts","startTime":1762117873374,"status":"passed","summary":""},{"assertionResults":[{"ancestorTitles":["Task Formatting with Obsidian Tasks Plugin","Task Creation Date Formatting"],"duration":6,"failureDetails":[],"failureMessages":[],"fullName":"Task Formatting with Obsidian Tasks Plugin Task Creation Date Formatting should add creation date to tasks without one","invocations":1,"location":null,"numPassingAsserts":1,"retryReasons":[],"status":"passed","title":"should add creation date to tasks without one"},{"ancestorTitles":["Task Formatting with Obsidian Tasks Plugin","Task Creation Date Formatting"],"duration":2,"failureDetails":[],"failureMessages":[],"fullName":"Task Formatting with Obsidian Tasks Plugin Task Creation Date Formatting should not add creation date to tasks that already have one","invocations":1,"location":null,"numPassingAsserts":2,"retryReasons":[],"status":"passed","title":"should not add creation date to tasks that already have one"},{"ancestorTitles":["Task Formatting with Obsidian Tasks Plugin","Task Creation Date Formatting"],"duration":2,"failureDetails":[],"failureMessages":[],"fullName":"Task Formatting with Obsidian Tasks Plugin Task Creation Date Formatting should handle multiple tasks correctly","invocations":1,"location":null,"numPassingAsserts":3,"retryReasons":[],"status":"passed","title":"should handle multiple tasks correctly"},{"ancestorTitles":["Task Formatting with Obsidian Tasks Plugin","Task Creation Date Formatting"],"duration":1,"failureDetails":[],"failureMessages":[],"fullName":"Task Formatting with Obsidian Tasks Plugin Task Creation Date Formatting should not modify non-task list items","invocations":1,"location":null,"numPassingAsserts":3,"retryReasons":[],"status":"passed","title":"should not modify non-task list items"},{"ancestorTitles":["Task Formatting with Obsidian Tasks Plugin","Task Creation Date Formatting"],"duration":4,"failureDetails":[],"failureMessages":[],"fullName":"Task Formatting with Obsidian Tasks Plugin Task Creation Date Formatting should work with daily note task workflow","invocations":1,"location":null,"numPassingAsserts":1,"retryReasons":[],"status":"passed","title":"should work with daily note task workflow"},{"ancestorTitles":["Task Formatting with Obsidian Tasks Plugin","Task Properties Formatting"],"duration":4,"failureDetails":[],"failureMessages":[],"fullName":"Task Formatting with Obsidian Tasks Plugin Task Properties Formatting should maintain other task properties when adding creation date","invocations":1,"location":null,"numPassingAsserts":17,"retryReasons":[],"status":"passed","title":"should maintain other task properties when adding creation date"}],"endTime":1762117873490,"message":"","name":"/Users/shayon/DevProjects/mcp-for-lifeos/tests/unit/task-formatting.test.ts","startTime":1762117873433,"status":"passed","summary":""},{"assertionResults":[{"ancestorTitles":["Daily Note Task Addition Workflow","Reproducing Issue #88"],"duration":7,"failureDetails":[],"failureMessages":[],"fullName":"Daily Note Task Addition Workflow Reproducing Issue #88 should add tasks to existing Day's Notes section","invocations":1,"location":null,"numPassingAsserts":6,"retryReasons":[],"status":"passed","title":"should add tasks to existing Day's Notes section"},{"ancestorTitles":["Daily Note Task Addition Workflow","Reproducing Issue #88"],"duration":3,"failureDetails":[],"failureMessages":[],"fullName":"Daily Note Task Addition Workflow Reproducing Issue #88 should handle multiple task additions without creating duplicates","invocations":1,"location":null,"numPassingAsserts":3,"retryReasons":[],"status":"passed","title":"should handle multiple task additions without creating duplicates"},{"ancestorTitles":["Daily Note Task Addition Workflow","Reproducing Issue #88"],"duration":12,"failureDetails":[],"failureMessages":[],"fullName":"Daily Note Task Addition Workflow Reproducing Issue #88 should fail gracefully when heading doesn't exist","invocations":1,"location":null,"numPassingAsserts":1,"retryReasons":[],"status":"passed","title":"should fail gracefully when heading doesn't exist"},{"ancestorTitles":["Daily Note Task Addition Workflow","Reproducing Issue #88"],"duration":5,"failureDetails":[],"failureMessages":[],"fullName":"Daily Note Task Addition Workflow Reproducing Issue #88 should handle case variations in Day's Notes","invocations":1,"location":null,"numPassingAsserts":2,"retryReasons":[],"status":"passed","title":"should handle case variations in Day's Notes"},{"ancestorTitles":["Daily Note Task Addition Workflow","Task Insertion Order (Issue #90)"],"duration":2,"failureDetails":[],"failureMessages":[],"fullName":"Daily Note Task Addition Workflow Task Insertion Order (Issue #90) should append new tasks at the bottom of existing task lists","invocations":1,"location":null,"numPassingAsserts":4,"retryReasons":[],"status":"passed","title":"should append new tasks at the bottom of existing task lists"},{"ancestorTitles":["Daily Note Task Addition Workflow","Task Insertion Order (Issue #90)"],"duration":2,"failureDetails":[],"failureMessages":[],"fullName":"Daily Note Task Addition Workflow Task Insertion Order (Issue #90) should handle mixed content with tasks properly","invocations":1,"location":null,"numPassingAsserts":2,"retryReasons":[],"status":"passed","title":"should handle mixed content with tasks properly"},{"ancestorTitles":["Daily Note Task Addition Workflow","Task Insertion Order (Issue #90)"],"duration":3,"failureDetails":[],"failureMessages":[],"fullName":"Daily Note Task Addition Workflow Task Insertion Order (Issue #90) should insert task at bottom when section has no existing tasks","invocations":1,"location":null,"numPassingAsserts":4,"retryReasons":[],"status":"passed","title":"should insert task at bottom when section has no existing tasks"},{"ancestorTitles":["Daily Note Task Addition Workflow","Task Insertion Order (Issue #90)"],"duration":3,"failureDetails":[],"failureMessages":[],"fullName":"Daily Note Task Addition Workflow Task Insertion Order (Issue #90) should NOT insert tasks at the beginning of the section","invocations":1,"location":null,"numPassingAsserts":5,"retryReasons":[],"status":"passed","title":"should NOT insert tasks at the beginning of the section"},{"ancestorTitles":["Daily Note Task Addition Workflow","Task Insertion Order (Issue #90)"],"duration":3,"failureDetails":[],"failureMessages":[],"fullName":"Daily Note Task Addition Workflow Task Insertion Order (Issue #90) should handle the exact scenario from issue #90","invocations":1,"location":null,"numPassingAsserts":3,"retryReasons":[],"status":"passed","title":"should handle the exact scenario from issue #90"},{"ancestorTitles":["Daily Note Task Addition Workflow","Task Insertion Order (Issue #90)"],"duration":3,"failureDetails":[],"failureMessages":[],"fullName":"Daily Note Task Addition Workflow Task Insertion Order (Issue #90) should handle case when section has no tasks initially","invocations":1,"location":null,"numPassingAsserts":3,"retryReasons":[],"status":"passed","title":"should handle case when section has no tasks initially"},{"ancestorTitles":["Daily Note Task Addition Workflow","Task Insertion Order (Issue #90)"],"duration":2,"failureDetails":[],"failureMessages":[],"fullName":"Daily Note Task Addition Workflow Task Insertion Order (Issue #90) should handle edge case - heading with no content","invocations":1,"location":null,"numPassingAsserts":3,"retryReasons":[],"status":"passed","title":"should handle edge case - heading with no content"},{"ancestorTitles":["Daily Note Task Addition Workflow","Error Scenarios from RCA"],"duration":3,"failureDetails":[],"failureMessages":[],"fullName":"Daily Note Task Addition Workflow Error Scenarios from RCA should not create duplicate files when updating daily notes","invocations":1,"location":null,"numPassingAsserts":2,"retryReasons":[],"status":"passed","title":"should not create duplicate files when updating daily notes"}],"endTime":1762117873579,"message":"","name":"/Users/shayon/DevProjects/mcp-for-lifeos/tests/integration/daily-note-task-workflow.test.ts","startTime":1762117873491,"status":"passed","summary":""},{"assertionResults":[{"ancestorTitles":["Rename Note Integration (Handler)","Successful rename operations"],"duration":11,"failureDetails":[],"failureMessages":[],"fullName":"Rename Note Integration (Handler) Successful rename operations should rename a note successfully","invocations":1,"location":null,"numPassingAsserts":8,"retryReasons":[],"status":"passed","title":"should rename a note successfully"},{"ancestorTitles":["Rename Note Integration (Handler)","Error handling"],"duration":1,"failureDetails":[],"failureMessages":[],"fullName":"Rename Note Integration (Handler) Error handling should return transaction error for non-existent file","invocations":1,"location":null,"numPassingAsserts":4,"retryReasons":[],"status":"passed","title":"should return transaction error for non-existent file"},{"ancestorTitles":["Rename Note Integration (Handler)","Error handling"],"duration":5,"failureDetails":[],"failureMessages":[],"fullName":"Rename Note Integration (Handler) Error handling should handle destination exists scenario via transaction","invocations":1,"location":null,"numPassingAsserts":3,"retryReasons":[],"status":"passed","title":"should handle destination exists scenario via transaction"},{"ancestorTitles":["Rename Note Integration (Handler)","Error handling"],"duration":8,"failureDetails":[],"failureMessages":[],"fullName":"Rename Note Integration (Handler) Error handling should throw error for missing .md extension","invocations":1,"location":null,"numPassingAsserts":1,"retryReasons":[],"status":"passed","title":"sh
[...]
y","getConsolidatedTools()"],"duration":1,"failureDetails":[],"failureMessages":[],"fullName":"Tool Registry getConsolidatedTools() should return exactly 3 consolidated tools","invocations":1,"location":null,"numPassingAsserts":2,"retryReasons":[],"status":"passed","title":"should return exactly 3 consolidated tools"},{"ancestorTitles":["Tool Registry","getConsolidatedTools()"],"duration":1,"failureDetails":[],"failureMessages":[],"fullName":"Tool Registry getConsolidatedTools() should have valid tool structure","invocations":1,"location":null,"numPassingAsserts":18,"retryReasons":[],"status":"passed","title":"should have valid tool structure"},{"ancestorTitles":["Tool Registry","getLegacyTools()"],"duration":0,"failureDetails":[],"failureMessages":[],"fullName":"Tool Registry getLegacyTools() should return exactly 11 legacy tools","invocations":1,"location":null,"numPassingAsserts":1,"retryReasons":[],"status":"passed","title":"should return exactly 11 legacy tools"},{"ancestorTitles":["Tool Registry","getLegacyTools()"],"duration":1,"failureDetails":[],"failureMessages":[],"fullName":"Tool Registry getLegacyTools() should not have deprecation notices in descriptions","invocations":1,"location":null,"numPassingAsserts":11,"retryReasons":[],"status":"passed","title":"should not have deprecation notices in descriptions"},{"ancestorTitles":["Tool Registry","getLegacyAliases()"],"duration":0,"failureDetails":[],"failureMessages":[],"fullName":"Tool Registry getLegacyAliases() should return exactly 11 legacy aliases","invocations":1,"location":null,"numPassingAsserts":1,"retryReasons":[],"status":"passed","title":"should return exactly 11 legacy aliases"},{"ancestorTitles":["Tool Registry","getLegacyAliases()"],"duration":1,"failureDetails":[],"failureMessages":[],"fullName":"Tool Registry getLegacyAliases() should have deprecation notices in descriptions","invocations":1,"location":null,"numPassingAsserts":11,"retryReasons":[],"status":"passed","title":"should have deprecation notices in descriptions"},{"ancestorTitles":["Tool Registry","getLegacyAliases()"],"duration":0,"failureDetails":[],"failureMessages":[],"fullName":"Tool Registry getLegacyAliases() should share schemas with legacy tools","invocations":1,"location":null,"numPassingAsserts":23,"retryReasons":[],"status":"passed","title":"should share schemas with legacy tools"},{"ancestorTitles":["Tool Registry","getAlwaysAvailableTools()"],"duration":1,"failureDetails":[],"failureMessages":[],"fullName":"Tool Registry getAlwaysAvailableTools() should return exactly 10 always-available tools","invocations":1,"location":null,"numPassingAsserts":1,"retryReasons":[],"status":"passed","title":"should return exactly 10 always-available tools"},{"ancestorTitles":["Tool Registry","getAlwaysAvailableTools()"],"duration":0,"failureDetails":[],"failureMessages":[],"fullName":"Tool Registry getAlwaysAvailableTools() should include core tools","invocations":1,"location":null,"numPassingAsserts":5,"retryReasons":[],"status":"passed","title":"should include core tools"},{"ancestorTitles":["Tool Registry","getToolsForMode()"],"duration":0,"failureDetails":[],"failureMessages":[],"fullName":"Tool Registry getToolsForMode() should return 13 tools for consolidated-only mode","invocations":1,"location":null,"numPassingAsserts":1,"retryReasons":[],"status":"passed","title":"should return 13 tools for consolidated-only mode"},{"ancestorTitles":["Tool Registry","getToolsForMode()"],"duration":1,"failureDetails":[],"failureMessages":[],"fullName":"Tool Registry getToolsForMode() should return 21 tools for legacy-only mode","invocations":1,"location":null,"numPassingAsserts":1,"retryReasons":[],"status":"passed","title":"should return 21 tools for legacy-only mode"},{"ancestorTitles":["Tool Registry","getToolsForMode()"],"duration":0,"failureDetails":[],"failureMessages":[],"fullName":"Tool Registry getToolsForMode() should return 35 tools for consolidated-with-aliases mode","invocations":1,"location":null,"numPassingAsserts":1,"retryReasons":[],"status":"passed","title":"should return 35 tools for consolidated-with-aliases mode"},{"ancestorTitles":["Tool Registry","getToolsForMode()"],"duration":8,"failureDetails":[],"failureMessages":[],"fullName":"Tool Registry getToolsForMode() should throw error for invalid mode","invocations":1,"location":null,"numPassingAsserts":1,"retryReasons":[],"status":"passed","title":"should throw error for invalid mode"},{"ancestorTitles":["Tool Registry","getToolsForMode()"],"duration":0,"failureDetails":[],"failureMessages":[],"fullName":"Tool Registry getToolsForMode() should include always-available tools in all modes","invocations":1,"location":null,"numPassingAsserts":6,"retryReasons":[],"status":"passed","title":"should include always-available tools in all modes"},{"ancestorTitles":["Tool Registry","addVersionMetadata()"],"duration":1,"failureDetails":[],"failureMessages":[],"fullName":"Tool Registry addVersionMetadata() should add metadata to response","invocations":1,"location":null,"numPassingAsserts":4,"retryReasons":[],"status":"passed","title":"should add metadata to response"},{"ancestorTitles":["Tool Registry","addVersionMetadata()"],"duration":0,"failureDetails":[],"failureMessages":[],"fullName":"Tool Registry addVersionMetadata() should preserve existing metadata","invocations":1,"location":null,"numPassingAsserts":2,"retryReasons":[],"status":"passed","title":"should preserve existing metadata"},{"ancestorTitles":["Tool Registry","addVersionMetadata()"],"duration":0,"failureDetails":[],"failureMessages":[],"fullName":"Tool Registry addVersionMetadata() should not mutate original response","invocations":1,"location":null,"numPassingAsserts":2,"retryReasons":[],"status":"passed","title":"should not mutate original response"}],"endTime":1762117874996,"message":"","name":"/Users/shayon/DevProjects/mcp-for-lifeos/tests/unit/server/tool-registry.test.ts","startTime":1762117874965,"status":"passed","summary":""},{"assertionResults":[{"ancestorTitles":["QueryParser","extractTerms"],"duration":0,"failureDetails":[],"failureMessages":[],"fullName":"QueryParser extractTerms should extract single word","invocations":1,"location":null,"numPassingAsserts":1,"retryReasons":[],"status":"passed","title":"should extract single word"},{"ancestorTitles":["QueryParser","extractTerms"],"duration":1,"failureDetails":[],"failureMessages":[],"fullName":"QueryParser extractTerms should extract multiple words","invocations":1,"location":null,"numPassingAsserts":1,"retryReasons":[],"status":"passed","title":"should extract multiple words"},{"ancestorTitles":["QueryParser","extractTerms"],"duration":0,"failureDetails":[],"failureMessages":[],"fullName":"QueryParser extractTerms should handle quoted strings as single term","invocations":1,"location":null,"numPassingAsserts":1,"retryReasons":[],"status":"passed","title":"should handle quoted strings as single term"},{"ancestorTitles":["QueryParser","extractTerms"],"duration":0,"failureDetails":[],"failureMessages":[],"fullName":"QueryParser extractTerms should handle mixed quoted and unquoted","invocations":1,"location":null,"numPassingAsserts":1,"retryReasons":[],"status":"passed","title":"should handle mixed quoted and unquoted"},{"ancestorTitles":["QueryParser","extractTerms"],"duration":0,"failureDetails":[],"failureMessages":[],"fullName":"QueryParser extractTerms should handle extra whitespace","invocations":1,"location":null,"numPassingAsserts":1,"retryReasons":[],"status":"passed","title":"should handle extra whitespace"},{"ancestorTitles":["QueryParser","extractTerms"],"duration":0,"failureDetails":[],"failureMessages":[],"fullName":"QueryParser extractTerms should handle empty string","invocations":1,"location":null,"numPassingAsserts":1,"retryReasons":[],"status":"passed","title":"should handle empty string"},{"ancestorTitles":["QueryParser","hasRegexChars"],"duration":0,"failureDetails":[],"failureMessages":[],"fullName":"QueryParser hasRegexChars should detect regex special chars","invocations":1,"location":null,"numPassingAsserts":3,"retryReasons":[],"status":"passed","title":"should detect regex special chars"},{"ancestorTitles":["QueryParser","hasRegexChars"],"duration":1,"failureDetails":[],"failureMessages":[],"fullName":"QueryParser hasRegexChars should not flag spaces as regex chars","invocations":1,"location":null,"numPassingAsserts":1,"retryReasons":[],"status":"passed","title":"should not flag spaces as regex chars"},{"ancestorTitles":["QueryParser","hasRegexChars"],"duration":0,"failureDetails":[],"failureMessages":[],"fullName":"QueryParser hasRegexChars should not flag normal text","invocations":1,"location":null,"numPassingAsserts":1,"retryReasons":[],"status":"passed","title":"should not flag normal text"},{"ancestorTitles":["QueryParser","isQuoted"],"duration":0,"failureDetails":[],"failureMessages":[],"fullName":"QueryParser isQuoted should detect quoted strings","invocations":1,"location":null,"numPassingAsserts":2,"retryReasons":[],"status":"passed","title":"should detect quoted strings"},{"ancestorTitles":["QueryParser","isQuoted"],"duration":0,"failureDetails":[],"failureMessages":[],"fullName":"QueryParser isQuoted should not detect unquoted strings","invocations":1,"location":null,"numPassingAsserts":1,"retryReasons":[],"status":"passed","title":"should not detect unquoted strings"},{"ancestorTitles":["QueryParser","isQuoted"],"duration":1,"failureDetails":[],"failureMessages":[],"fullName":"QueryParser isQuoted should not detect partial quotes","invocations":1,"location":null,"numPassingAsserts":2,"retryReasons":[],"status":"passed","title":"should not detect partial quotes"},{"ancestorTitles":["QueryParser","detectStrategy"],"duration":1,"failureDetails":[],"failureMessages":[],"fullName":"QueryParser detectStrategy should detect exact_phrase for quoted strings","invocations":1,"location":null,"numPassingAsserts":1,"retryReasons":[],"status":"passed","title":"should detect exact_phrase for quoted strings"},{"ancestorTitles":["QueryParser","detectStrategy"],"duration":1,"failureDetails":[],"failureMessages":[],"fullName":"QueryParser detectStrategy should detect any_term for OR queries","invocations":1,"location":null,"numPassingAsserts":2,"retryReasons":[],"status":"passed","title":"should detect any_term for OR queries"},{"ancestorTitles":["QueryParser","detectStrategy"],"duration":0,"failureDetails":[],"failureMessages":[],"fullName":"QueryParser detectStrategy should detect exact_phrase for 1-2 word queries","invocations":1,"location":null,"numPassingAsserts":2,"retryReasons":[],"status":"passed","title":"should detect exact_phrase for 1-2 word queries"},{"ancestorTitles":["QueryParser","detectStrategy"],"duration":0,"failureDetails":[],"failureMessages":[],"fullName":"QueryParser detectStrategy should detect all_terms for 3+ word queries","invocations":1,"location":null,"numPassingAsserts":2,"retryReasons":[],"status":"passed","title":"should detect all_terms for 3+ word queries"},{"ancestorTitles":["QueryParser","detectStrategy"],"duration":0,"failureDetails":[],"failureMessages":[],"fullName":"QueryParser detectStrategy should prioritize quotes over word count","invocations":1,"location":null,"numPassingAsserts":1,"retryReasons":[],"status":"passed","title":"should prioritize quotes over word count"},{"ancestorTitles":["QueryParser","detectStrategy"],"duration":1,"failureDetails":[],"failureMessages":[],"fullName":"QueryParser detectStrategy should prioritize OR over word count","invocations":1,"location":null,"numPassingAsserts":1,"retryReasons":[],"status":"passed","title":"should prioritize OR over word count"},{"ancestorTitles":["QueryParser","parse"],"duration":0,"failureDetails":[],"failureMessages":[],"fullName":"QueryParser parse should parse simple query","invocations":1,"location":null,"numPassingAsserts":1,"retryReasons":[],"status":"passed","title":"should parse simple query"},{"ancestorTitles":["QueryParser","parse"],"duration":0,"failureDetails":[],"failureMessages":[],"fullName":"QueryParser parse should parse multi-word query","invocations":1,"location":null,"numPassingAsserts":1,"retryReasons":[],"status":"passed","title":"should parse multi-word query"},{"ancestorTitles":["QueryParser","parse"],"duration":1,"failureDetails":[],"failureMessages":[],"fullName":"QueryParser parse should parse quoted query","invocations":1,"location":null,"numPassingAsserts":1,"retryReasons":[],"status":"passed","title":"should parse quoted query"},{"ancestorTitles":["QueryParser","parse"],"duration":0,"failureDetails":[],"failureMessages":[],"fullName":"QueryParser parse should parse OR query","invocations":1,"location":null,"numPassingAsserts":1,"retryReasons":[],"status":"passed","title":"should parse OR query"},{"ancestorTitles":["QueryParser","parse"],"duration":0,"failureDetails":[],"failureMessages":[],"fullName":"QueryParser parse should detect regex chars","invocations":1,"location":null,"numPassingAsserts":1,"retryReasons":[],"status":"passed","title":"should detect regex chars"},{"ancestorTitles":["QueryParser","createPatterns","exact_phrase strategy"],"duration":0,"failureDetails":[],"failureMessages":[],"fullName":"QueryParser createPatterns exact_phrase strategy should create single pattern for sequential match","invocations":1,"location":null,"numPassingAsserts":4,"retryReasons":[],"status":"passed","title":"should create single pattern for sequential match"},{"ancestorTitles":["QueryParser","createPatterns","exact_phrase strategy"],"duration":1,"failureDetails":[],"failureMessages":[],"fullName":"QueryParser createPatterns exact_phrase strategy should respect case sensitivity","invocations":1,"location":null,"numPassingAsserts":2,"retryReasons":[],"status":"passed","title":"should respect case sensitivity"},{"ancestorTitles":["QueryParser","createPatterns","all_terms strategy"],"duration":0,"failureDetails":[],"failureMessages":[],"fullName":"QueryParser createPatterns all_terms strategy should create lookahead pattern for all terms","invocations":1,"location":null,"numPassingAsserts":5,"retryReasons":[],"status":"passed","title":"should create lookahead pattern for all terms"},{"ancestorTitles":["QueryParser","createPatterns","all_terms strategy"],"duration":1,"failureDetails":[],"failureMessages":[],"fullName":"QueryParser createPatterns all_terms strategy should use word boundaries","invocations":1,"location":null,"numPassingAsserts":1,"retryReasons":[],"status":"passed","title":"should use word boundaries"},{"ancestorTitles":["QueryParser","createPatterns","any_term strategy"],"duration":0,"failureDetails":[],"failureMessages":[],"fullName":"QueryParser createPatterns any_term strategy should create alternation pattern for any term","invocations":1,"location":null,"numPassingAsserts":5,"retryReasons":[],"status":"passed","title":"should create alternation pattern for any term"},{"ancestorTitles":["QueryParser","createPatterns","any_term strategy"],"duration":0,"failureDetails":[],"failureMessages":[],"fullName":"QueryParser createPatterns any_term strategy should use word boundaries","invocations":1,"location":null,"numPassingAsserts":1,"retryReasons":[],"status":"passed","title":"should use word boundaries"},{"ancestorTitles":["QueryParser","createPatterns","auto strategy"],"duration":0,"failureDetails":[],"failureMessages":[],"fullName":"QueryParser createPatterns auto strategy should fallback to exact_phrase for auto","invocations":1,"location":null,"numPassingAsserts":2,"retryReasons":[],"status":"passed","title":"should fallback to exact_phrase for auto"},{"ancestorTitles":["QueryParser","Bug Regression: MCP-59"],"duration":1,"failureDetails":[],"failureMessages":[],"fullName":"QueryParser Bug Regression: MCP-59 should handle \"trip to india november planning\" with all_terms","invocations":1,"location":null,"numPassingAsserts":5,"retryReasons":[],"status":"passed","title":"should handle \"trip to india november planning\" with all_terms"},{"ancestorTitles":["QueryParser","Bug Regression: MCP-59"],"duration":0,"failureDetails":[],"failureMessages":[],"fullName":"QueryParser Bug Regression: MCP-59 should maintain exact_phrase for \"India trip\"","invocations":1,"location":null,"numPassingAsserts":3,"retryReasons":[],"status":"passed","title":"should maintain exact_phrase for \"India trip\""}],"endTime":1762117875023,"message":"","name":"/Users/shayon/DevProjects/mcp-for-lifeos/tests/unit/query-parser.test.ts","startTime":1762117874997,"status":"passed","summary":""},{"assertionResults":[{"ancestorTitles":["Hybrid Dispatch - Analytics Exemption"],"duration":1,"failureDetails":[],"failureMessages":[],"fullName":"Hybrid Dispatch - Analytics Exemption should NOT wrap get_daily_note with analytics (exemption)","invocations":1,"location":null,"numPassingAsserts":5,"retryReasons":[],"status":"passed","title":"should NOT wrap get_daily_note with analytics (exemption)"},{"ancestorTitles":["Hybrid Dispatch - Analytics Exemption"],"duration":0,"failureDetails":[],"failureMessages":[],"fullName":"Hybrid Dispatch - Analytics Exemption should call get_daily_note fallback handler directly with arguments","invocations":1,"location":null,"numPassingAsserts":2,"retryReasons":[],"status":"passed","title":"should call get_daily_note fallback handler directly with arguments"},{"ancestorTitles":["Hybrid Dispatch - Analytics Exemption"],"duration":1,"failureDetails":[],"failureMessages":[],"fullName":"Hybrid Dispatch - Analytics Exemption should wrap non-exempt tools with analytics","invocations":1,"location":null,"numPassingAsserts":5,"retryReasons":[],"status":"passed","title":"should wrap non-exempt tools with analytics"},{"ancestorTitles":["Hybrid Dispatch - Analytics Exemption"],"duration":1,"failureDetails":[],"failureMessages":[],"fullName":"Hybrid Dispatch - Analytics Exemption should wrap read_note (always-available tool) with analytics","invocations":1,"location":null,"numPassingAsserts":2,"retryReasons":[],"status":"passed","title":"should wrap read_note (always-available tool) with analytics"},{"ancestorTitles":["Hybrid Dispatch - Analytics Exemption"],"duration":1,"failureDetails":[],"failureMessages":[],"fullName":"Hybrid Dispatch - Analytics Exemption should wrap create_note (consolidated tool) with analytics","invocations":1,"location":null,"numPassingAsserts":2,"retryReasons":[],"status":"passed","title":"should wrap create_note (consolidated tool) with analytics"},{"ancestorTitles":["Hybrid Dispatch - Analytics Exemption"],"duration":3,"failureDetails":[],"failureMessages":[],"fullName":"Hybrid Dispatch - Analytics Exemption should throw error if fallback handler not found","invocations":1,"location":null,"numPassingAsserts":2,"retryReasons":[],"status":"passed","title":"should throw error if fallback handler not found"},{"ancestorTitles":["Hybrid Dispatch - Analytics Exemption"],"duration":1,"failureDetails":[],"failureMessages":[],"fullName":"Hybrid Dispatch - Analytics Exemption should propagate non-\"Unknown tool\" errors","invocations":1,"location":null,"numPassingAsserts":3,"retryReasons":[],"status":"passed","title":"should propagate non-\"Unknown tool\" errors"}],"endTime":1762117875049,"message":"","name":"/Users/shayon/DevProjects/mcp-for-lifeos/tests/unit/hybrid-dispatch.test.ts","startTime":1762117875025,"status":"passed","summary":""},{"assertionResults":[{"ancestorTitles":["SearchEngine MCP-59 regressions"],"duration":1,"failureDetails":[],"failureMessages":[],"fullName":"SearchEngine MCP-59 regressions returns matches for all_terms queries after evaluating multiple notes","invocations":1,"location":null,"numPassingAsserts":2,"retryReasons":[],"status":"passed","title":"returns matches for all_terms queries after evaluating multiple notes"}],"endTime":1762117875066,"message":"","name":"/Users/shayon/DevProjects/mcp-for-lifeos/tests/unit/search-engine.test.ts","startTime":1762117875051,"status":"passed","summary":""}],"wasInterrupted":false}
