{"numFailedTestSuites":9,"numFailedTests":22,"numPassedTestSuites":6,"numPassedTests":149,"numPendingTestSuites":0,"numPendingTests":1,"numRuntimeErrorTestSuites":0,"numTodoTests":0,"numTotalTestSuites":15,"numTotalTests":172,"openHandles":[],"snapshot":{"added":0,"didUpdate":false,"failure":false,"filesAdded":0,"filesRemoved":0,"filesRemovedList":[],"filesUnmatched":0,"filesUpdated":0,"matched":0,"total":0,"unchecked":0,"uncheckedKeysByFile":[],"unmatched":0,"updated":0},"startTime":1761110293729,"success":false,"testResults":[{"assertionResults":[{"ancestorTitles":["MCP Server Concurrent Operations","Multiple Server Instances"],"duration":15003,"failureDetails":[{"message":"thrown: \"Exceeded timeout of 15000 ms for a test.\nAdd a timeout value to this test to increase the timeout, if this is a long-running test. See https://jestjs.io/docs/api#testname-fn-timeout.\""}],"failureMessages":["Error: thrown: \"Exceeded timeout of 15000 ms for a test.\nAdd a timeout value to this test to increase the timeout, if this is a long-running test. See https://jestjs.io/docs/api#testname-fn-timeout.\"\n    at /Users/shayon/DevProjects/mcp-for-lifeos/tests/integration/mcp-server-concurrent.test.ts:37:7\n    at _dispatchDescribe (/Users/shayon/DevProjects/mcp-for-lifeos/node_modules/jest-circus/build/index.js:91:26)\n    at describe (/Users/shayon/DevProjects/mcp-for-lifeos/node_modules/jest-circus/build/index.js:55:5)\n    at /Users/shayon/DevProjects/mcp-for-lifeos/tests/integration/mcp-server-concurrent.test.ts:36:11\n    at _dispatchDescribe (/Users/shayon/DevProjects/mcp-for-lifeos/node_modules/jest-circus/build/index.js:91:26)\n    at describe (/Users/shayon/DevProjects/mcp-for-lifeos/node_modules/jest-circus/build/index.js:55:5)\n    at Object.<anonymous> (/Users/shayon/DevProjects/mcp-for-lifeos/tests/integration/mcp-server-concurrent.test.ts:12:9)\n    at Runtime._execModule (/Users/shayon/DevProjects/mcp-for-lifeos/node_modules/jest-runtime/build/index.js:1439:24)\n    at Runtime._loadModule (/Users/shayon/DevProjects/mcp-for-lifeos/node_modules/jest-runtime/build/index.js:1022:12)\n    at Runtime.requireModule (/Users/shayon/DevProjects/mcp-for-lifeos/node_modules/jest-runtime/build/index.js:882:12)\n    at jestAdapter (/Users/shayon/DevProjects/mcp-for-lifeos/node_modules/jest-circus/build/legacy-code-todo-rewrite/jestAdapter.js:77:13)\n    at processTicksAndRejections (node:internal/process/task_queues:105:5)\n    at runTestInternal (/Users/shayon/DevProjects/mcp-for-lifeos/node_modules/jest-runner/build/runTest.js:367:16)\n    at runTest (/Users/shayon/DevProjects/mcp-for-lifeos/node_modules/jest-runner/build/runTest.js:444:34)"],"fullName":"MCP Server Concurrent Operations Multiple Server Instances should handle multiple MCP server instances writing analytics concurrently","invocations":1,"location":null,"numPassingAsserts":0,"retryReasons":[],"status":"failed","title":"should handle multiple MCP server instances writing analytics concurrently"},{"ancestorTitles":["MCP Server Concurrent Operations","Multiple Server Instances"],"duration":20004,"failureDetails":[{"message":"thrown: \"Exceeded timeout of 20000 ms for a test.\nAdd a timeout value to this test to increase the timeout, if this is a long-running test. See https://jestjs.io/docs/api#testname-fn-timeout.\""}],"failureMessages":["Error: thrown: \"Exceeded timeout of 20000 ms for a test.\nAdd a timeout value to this test to increase the timeout, if this is a long-running test. See https://jestjs.io/docs/api#testname-fn-timeout.\"\n    at /Users/shayon/DevProjects/mcp-for-lifeos/tests/integration/mcp-server-concurrent.test.ts:109:7\n    at _dispatchDescribe (/Users/shayon/DevProjects/mcp-for-lifeos/node_modules/jest-circus/build/index.js:91:26)\n    at describe (/Users/shayon/DevProjects/mcp-for-lifeos/node_modules/jest-circus/build/index.js:55:5)\n    at /Users/shayon/DevProjects/mcp-for-lifeos/tests/integration/mcp-server-concurrent.test.ts:36:11\n    at _dispatchDescribe (/Users/shayon/DevProjects/mcp-for-lifeos/node_modules/jest-circus/build/index.js:91:26)\n    at describe (/Users/shayon/DevProjects/mcp-for-lifeos/node_modules/jest-circus/build/index.js:55:5)\n    at Object.<anonymous> (/Users/shayon/DevProjects/mcp-for-lifeos/tests/integration/mcp-server-concurrent.test.ts:12:9)\n    at Runtime._execModule (/Users/shayon/DevProjects/mcp-for-lifeos/node_modules/jest-runtime/build/index.js:1439:24)\n    at Runtime._loadModule (/Users/shayon/DevProjects/mcp-for-lifeos/node_modules/jest-runtime/build/index.js:1022:12)\n    at Runtime.requireModule (/Users/shayon/DevProjects/mcp-for-lifeos/node_modules/jest-runtime/build/index.js:882:12)\n    at jestAdapter (/Users/shayon/DevProjects/mcp-for-lifeos/node_modules/jest-circus/build/legacy-code-todo-rewrite/jestAdapter.js:77:13)\n    at processTicksAndRejections (node:internal/process/task_queues:105:5)\n    at runTestInternal (/Users/shayon/DevProjects/mcp-for-lifeos/node_modules/jest-runner/build/runTest.js:367:16)\n    at runTest (/Users/shayon/DevProjects/mcp-for-lifeos/node_modules/jest-runner/build/runTest.js:444:34)"],"fullName":"MCP Server Concurrent Operations Multiple Server Instances should maintain data integrity when servers start and stop frequently","invocations":1,"location":null,"numPassingAsserts":0,"retryReasons":[],"status":"failed","title":"should maintain data integrity when servers start and stop frequently"},{"ancestorTitles":["MCP Server Concurrent Operations","Analytics Collection Behavior"],"duration":10004,"failureDetails":[{"message":"thrown: \"Exceeded timeout of 10000 ms for a test.\nAdd a timeout value to this test to increase the timeout, if this is a long-running test. See https://jestjs.io/docs/api#testname-fn-timeout.\""}],"failureMessages":["Error: thrown: \"Exceeded timeout of 10000 ms for a test.\nAdd a timeout value to this test to increase the timeout, if this is a long-running test. See https://jestjs.io/docs/api#testname-fn-timeout.\"\n    at /Users/shayon/DevProjects/mcp-for-lifeos/tests/integration/mcp-server-concurrent.test.ts:171:7\n    at _dispatchDescribe (/Users/shayon/DevProjects/mcp-for-lifeos/node_modules/jest-circus/build/index.js:91:26)\n    at describe (/Users/shayon/DevProjects/mcp-for-lifeos/node_modules/jest-circus/build/index.js:55:5)\n    at /Users/shayon/DevProjects/mcp-for-lifeos/tests/integration/mcp-server-concurrent.test.ts:170:11\n    at _dispatchDescribe (/Users/shayon/DevProjects/mcp-for-lifeos/node_modules/jest-circus/build/index.js:91:26)\n    at describe (/Users/shayon/DevProjects/mcp-for-lifeos/node_modules/jest-circus/build/index.js:55:5)\n    at Object.<anonymous> (/Users/shayon/DevProjects/mcp-for-lifeos/tests/integration/mcp-server-concurrent.test.ts:12:9)\n    at Runtime._execModule (/Users/shayon/DevProjects/mcp-for-lifeos/node_modules/jest-runtime/build/index.js:1439:24)\n    at Runtime._loadModule (/Users/shayon/DevProjects/mcp-for-lifeos/node_modules/jest-runtime/build/index.js:1022:12)\n    at Runtime.requireModule (/Users/shayon/DevProjects/mcp-for-lifeos/node_modules/jest-runtime/build/index.js:882:12)\n    at jestAdapter (/Users/shayon/DevProjects/mcp-for-lifeos/node_modules/jest-circus/build/legacy-code-todo-rewrite/jestAdapter.js:77:13)\n    at processTicksAndRejections (node:internal/process/task_queues:105:5)\n    at runTestInternal (/Users/shayon/DevProjects/mcp-for-lifeos/node_modules/jest-runner/build/runTest.js:367:16)\n    at runTest (/Users/shayon/DevProjects/mcp-for-lifeos/node_modules/jest-runner/build/runTest.js:444:34)"],"fullName":"MCP Server Concurrent Operations Analytics Collection Behavior should append to existing JSONL file","invocations":1,"location":null,"numPassingAsserts":0,"retryReasons":[],"status":"failed","title":"should append to existing JSONL file"},{"ancestorTitles":["MCP Server Concurrent Operations","Analytics Collection Behavior"],"duration":10004,"failureDetails":[{"message":"thrown: \"Exceeded timeout of 10000 ms for a test.\nAdd a timeout value to this test to increase the timeout, if this is a long-running test. See https://jestjs.io/docs/api#testname-fn-timeout.\""}],"failureMessages":["Error: thrown: \"Exceeded timeout of 10000 ms for a test.\nAdd a timeout value to this test to increase the timeout, if this is a long-running test. See https://jestjs.io/docs/api#testname-fn-timeout.\"\n    at /Users/shayon/DevProjects/mcp-for-lifeos/tests/integration/mcp-server-concurrent.test.ts:223:7\n    at _dispatchDescribe (/Users/shayon/DevProjects/mcp-for-lifeos/node_modules/jest-circus/build/index.js:91:26)\n    at describe (/Users/shayon/DevProjects/mcp-for-lifeos/node_modules/jest-circus/build/index.js:55:5)\n    at /Users/shayon/DevProjects/mcp-for-lifeos/tests/integration/mcp-server-concurrent.test.ts:170:11\n    at _dispatchDescribe (/Users/shayon/DevProjects/mcp-for-lifeos/node_modules/jest-circus/build/index.js:91:26)\n    at describe (/Users/shayon/DevProjects/mcp-for-lifeos/node_modules/jest-circus/build/index.js:55:5)\n    at Object.<anonymous> (/Users/shayon/DevProjects/mcp-for-lifeos/tests/integration/mcp-server-concurrent.test.ts:12:9)\n    at Runtime._execModule (/Users/shayon/DevProjects/mcp-for-lifeos/node_modules/jest-runtime/build/index.js:1439:24)\n    at Runtime._loadModule (/Users/shayon/DevProjects/mcp-for-lifeos/node_modules/jest-runtime/build/index.js:1022:12)\n    at Runtime.requireModule (/Users/shayon/DevProjects/mcp-for-lifeos/node_modules/jest-runtime/build/index.js:882:12)\n    at jestAdapter (/Users/shayon/DevProjects/mcp-for-lifeos/node_modules/jest-circus/build/legacy-code-todo-rewrite/jestAdapter.js:77:13)\n    at processTicksAndRejections (node:internal/process/task_queues:105:5)\n    at runTestInternal (/Users/shayon/DevProjects/mcp-for-lifeos/node_modules/jest-runner/build/runTest.js:367:16)\n    at runTest (/Users/shayon/DevProjects/mcp-for-lifeos/node_modules/jest-runner/build/runTest.js:444:34)"],"fullName":"MCP Server Concurrent Operations Analytics Collection Behavior should handle rapid sequential writes without data loss","invocations":1,"location":null,"numPassingAsserts":0,"retryReasons":[],"status":"failed","title":"should handle rapid sequential writes without data loss"}],"endTime":1761110348994,"message":"  ● MCP Server Concurrent Operations › Multiple Server Instances › should handle multiple MCP server instances writing analytics concurrently\n\n    thrown: \"Exceeded timeout of 15000 ms for a test.\n    Add a timeout value to this test to increase the timeout, if this is a long-running test. See https://jestjs.io/docs/api#testname-fn-timeout.\"\n\n      35 |\n      36 |   describe('Multiple Server Instances', () => {\n    > 37 |     it('should handle multiple MCP server instances writing analytics concurrently', async () => {\n         |       ^\n      38 |       const NUM_SERVERS = 3;\n      39 |       const servers: ChildProcess[] = [];\n      40 |       \n\n      at tests/integration/mcp-server-concurrent.test.ts:37:7\n      at tests/integration/mcp-server-concurrent.test.ts:36:11\n      at Object.<anonymous> (tests/integration/mcp-server-concurrent.test.ts:12:9)\n\n  ● MCP Server Concurrent Operations › Multiple Server Instances › should maintain data integrity when servers start and stop frequently\n\n    thrown: \"Exceeded timeout of 20000 ms for a test.\n    Add a timeout value to this test to increase the timeout, if this is a long-running test. See https://jestjs.io/docs/api#testname-fn-timeout.\"\n\n      107 |     }, 15000); // 15 second timeout\n      108 |\n    > 109 |     it('should maintain data integrity when servers start and stop frequently', async () => {\n          |       ^\n      110 |       const iterations = 5;\n      111 |       const allMetrics = [];\n      112 |       \n\n      at tests/integration/mcp-server-concurrent.test.ts:109:7\n      at tests/integration/mcp-server-concurrent.test.ts:36:11\n      at Object.<anonymous> (tests/integration/mcp-server-concurrent.test.ts:12:9)\n\n  ● MCP Server Concurrent Operations › Analytics Collection Behavior › should append to existing JSONL file\n\n    thrown: \"Exceeded timeout of 10000 ms for a test.\n    Add a timeout value to this test to increase the timeout, if this is a long-running test. See https://jestjs.io/docs/api#testname-fn-timeout.\"\n\n      169 |\n      170 |   describe('Analytics Collection Behavior', () => {\n    > 171 |     it('should append to existing JSONL file', async () => {\n          |       ^\n      172 |       // Create initial JSONL file\n      173 |       const initialMetric = {\n      174 |         instanceId: 'initial-instance',\n\n      at tests/integration/mcp-server-concurrent.test.ts:171:7\n      at tests/integration/mcp-server-concurrent.test.ts:170:11\n      at Object.<anonymous> (tests/integration/mcp-server-concurrent.test.ts:12:9)\n\n  ● MCP Server Concurrent Operations › Analytics Collection Behavior › should handle rapid sequential writes without data loss\n\n    thrown: \"Exceeded timeout of 10000 ms for a test.\n    Add a timeout value to this test to increase the timeout, if this is a long-running test. See https://jestjs.io/docs/api#testname-fn-timeout.\"\n\n      221 |     }, 10000);\n      222 |\n    > 223 |     it('should handle rapid sequential writes without data loss', async () => {\n          |       ^\n      224 |       const env = {\n      225 |         ...process.env,\n      226 |         ANALYTICS_DIR: TEST_DIR,\n\n      at tests/integration/mcp-server-concurrent.test.ts:223:7\n      at tests/integration/mcp-server-concurrent.test.ts:170:11\n      at Object.<anonymous> (tests/integration/mcp-server-concurrent.test.ts:12:9)\n","name":"/Users/shayon/DevProjects/mcp-for-lifeos/tests/integration/mcp-server-concurrent.test.ts","startTime":1761110293860,"status":"failed","summary":""},{"assertionResults":[{"ancestorTitles":["JSONL Analytics Stress Tests","Memory Usage Tests"],"duration":41,"failureDetails":[],"failureMessages":[],"fullName":"JSONL Analytics Stress Tests Memory Usage Tests should maintain stable memory usage during continuous writes","invocations":1,"location":null,"numPassingAsserts":2,"retryReasons":[],"status":"passed","title":"should maintain stable memory usage during continuous writes"},{"ancestorTitles":["JSONL Analytics Stress Tests","Memory Usage Tests"],"duration":335,"failureDetails":[{"matcherResult":{"message":"expect(received).toBeLessThan(expected)\n\nExpected: < 2177780\nReceived:   7810600","pass":false}}],"failureMessages":["Error: expect(received).toBeLessThan(expected)\n\nExpected: < 2177780\nReceived:   7810600\n    at Object.<anonymous> (/Users/shayon/DevProjects/mcp-for-lifeos/tests/integration/jsonl-stress.test.ts:123:28)\n    at Promise.then.completed (/Users/shayon/DevProjects/mcp-for-lifeos/node_modules/jest-circus/build/utils.js:298:28)\n    at new Promise (<anonymous>)\n    at callAsyncCircusFn (/Users/shayon/DevProjects/mcp-for-lifeos/node_modules/jest-circus/build/utils.js:231:10)\n    at _callCircusTest (/Users/shayon/DevProjects/mcp-for-lifeos/node_modules/jest-circus/build/run.js:316:40)\n    at _runTest (/Users/shayon/DevProjects/mcp-for-lifeos/node_modules/jest-circus/build/run.js:252:3)\n    at _runTestsForDescribeBlock (/Users/shayon/DevProjects/mcp-for-lifeos/node_modules/jest-circus/build/run.js:126:9)\n    at _runTestsForDescribeBlock (/Users/shayon/DevProjects/mcp-for-lifeos/node_modules/jest-circus/build/run.js:121:9)\n    at _runTestsForDescribeBlock (/Users/shayon/DevProjects/mcp-for-lifeos/node_modules/jest-circus/build/run.js:121:9)\n    at run (/Users/shayon/DevProjects/mcp-for-lifeos/node_modules/jest-circus/build/run.js:71:3)\n    at runAndTransformResultsToJestFormat (/Users/shayon/DevProjects/mcp-for-lifeos/node_modules/jest-circus/build/legacy-code-todo-rewrite/jestAdapterInit.js:122:21)\n    at jestAdapter (/Users/shayon/DevProjects/mcp-for-lifeos/node_modules/jest-circus/build/legacy-code-todo-rewrite/jestAdapter.js:79:19)\n    at runTestInternal (/Users/shayon/DevProjects/mcp-for-lifeos/node_modules/jest-runner/build/runTest.js:367:16)\n    at runTest (/Users/shayon/DevProjects/mcp-for-lifeos/node_modules/jest-runner/build/runTest.js:444:34)"],"fullName":"JSONL Analytics Stress Tests Memory Usage Tests should not leak memory when reading large JSONL files","invocations":1,"location":null,"numPassingAsserts":1,"retryReasons":[],"status":"failed","title":"should not leak memory when reading large JSONL files"},{"ancestorTitles":["JSONL Analytics Stress Tests","Data Integrity Under Load"],"duration":1000,"failureDetails":[],"failureMessages":[],"fullName":"JSONL Analytics Stress Tests Data Integrity Under Load should maintain data integrity with 10 concurrent processes","invocations":1,"location":null,"numPassingAsserts":1012,"retryReasons":[],"status":"passed","title":"should maintain data integrity with 10 concurrent processes"},{"ancestorTitles":["JSONL Analytics Stress Tests","Data Integrity Under Load"],"duration":742,"failureDetails":[],"failureMessages":[],"fullName":"JSONL Analytics Stress Tests Data Integrity Under Load should handle rapid write bursts without data corruption","invocations":1,"location":null,"numPassingAsserts":5006,"retryReasons":[],"status":"passed","title":"should handle rapid write bursts without data corruption"},{"ancestorTitles":["JSONL Analytics Stress Tests","Performance Benchmarks"],"duration":5025,"failureDetails":[],"failureMessages":[],"fullName":"JSONL Analytics Stress Tests Performance Benchmarks should achieve > 1000 writes per second","invocations":1,"location":null,"numPassingAsserts":2,"retryReasons":[],"status":"passed","title":"should achieve > 1000 writes per second"},{"ancestorTitles":["JSONL Analytics Stress Tests","Performance Benchmarks"],"duration":19,"failureDetails":[],"failureMessages":[],"fullName":"JSONL Analytics Stress Tests Performance Benchmarks should handle mixed read/write operations efficiently","invocations":1,"location":null,"numPassingAsserts":2,"retryReasons":[],"status":"passed","title":"should handle mixed read/write operations efficiently"},{"ancestorTitles":["JSONL Analytics Stress Tests","Error Recovery"],"duration":2,"failureDetails":[{"matcherResult":{"actual":4,"expected":5,"message":"expect(received).toBe(expected) // Object.is equality\n\nExpected: 5\nReceived: 4","name":"toBe","pass":false}}],"failureMessages":["Error: expect(received).toBe(expected) // Object.is equality\n\nExpected: 5\nReceived: 4\n    at Object.<anonymous> (/Users/shayon/DevProjects/mcp-for-lifeos/tests/integration/jsonl-stress.test.ts:381:35)\n    at Promise.then.completed (/Users/shayon/DevProjects/mcp-for-lifeos/node_modules/jest-circus/build/utils.js:298:28)\n    at new Promise (<anonymous>)\n    at callAsyncCircusFn (/Users/shayon/DevProjects/mcp-for-lifeos/node_modules/jest-circus/build/utils.js:231:10)\n    at _callCircusTest (/Users/shayon/DevProjects/mcp-for-lifeos/node_modules/jest-circus/build/run.js:316:40)\n    at _runTest (/Users/shayon/DevProjects/mcp-for-lifeos/node_modules/jest-circus/build/run.js:252:3)\n    at _runTestsForDescribeBlock (/Users/shayon/DevProjects/mcp-for-lifeos/node_modules/jest-circus/build/run.js:126:9)\n    at _runTestsForDescribeBlock (/Users/shayon/DevProjects/mcp-for-lifeos/node_modules/jest-circus/build/run.js:121:9)\n    at _runTestsForDescribeBlock (/Users/shayon/DevProjects/mcp-for-lifeos/node_modules/jest-circus/build/run.js:121:9)\n    at run (/Users/shayon/DevProjects/mcp-for-lifeos/node_modules/jest-circus/build/run.js:71:3)\n    at runAndTransformResultsToJestFormat (/Users/shayon/DevProjects/mcp-for-lifeos/node_modules/jest-circus/build/legacy-code-todo-rewrite/jestAdapterInit.js:122:21)\n    at jestAdapter (/Users/shayon/DevProjects/mcp-for-lifeos/node_modules/jest-circus/build/legacy-code-todo-rewrite/jestAdapter.js:79:19)\n    at runTestInternal (/Users/shayon/DevProjects/mcp-for-lifeos/node_modules/jest-runner/build/runTest.js:367:16)\n    at runTest (/Users/shayon/DevProjects/mcp-for-lifeos/node_modules/jest-runner/build/runTest.js:444:34)"],"fullName":"JSONL Analytics Stress Tests Error Recovery should recover from corrupted JSONL files","invocations":1,"location":null,"numPassingAsserts":0,"retryReasons":[],"status":"failed","title":"should recover from corrupted JSONL files"},{"ancestorTitles":["JSONL Analytics Stress Tests","Error Recovery"],"duration":1,"failureDetails":[],"failureMessages":[],"fullName":"JSONL Analytics Stress Tests Error Recovery should handle file system errors gracefully","invocations":1,"location":null,"numPassingAsserts":2,"retryReasons":[],"status":"passed","title":"should handle file system errors gracefully"}],"endTime":1761110356226,"message":"  ● JSONL Analytics Stress Tests › Memory Usage Tests › should not leak memory when reading large JSONL files\n\n    expect(received).toBeLessThan(expected)\n\n    Expected: < 2177780\n    Received:   7810600\n\n      121 |       \n      122 |       // Allow for some overhead, but should be much less than file size * iterations\n    > 123 |       expect(memoryGrowth).toBeLessThan(fileSize * 2); // Should not hold all iterations in memory\n          |                            ^\n      124 |     });\n      125 |   });\n      126 |\n\n      at Object.<anonymous> (tests/integration/jsonl-stress.test.ts:123:28)\n\n  ● JSONL Analytics Stress Tests › Error Recovery › should recover from corrupted JSONL files\n\n    expect(received).toBe(expected) // Object.is equality\n\n    Expected: 5\n    Received: 4\n\n      379 |       \n      380 |       // Should recover valid metrics\n    > 381 |       expect(validMetrics.length).toBe(5);\n          |                                   ^\n      382 |       expect(validMetrics.map(m => m.valid)).toEqual([1, 3, 4, 5]);\n      383 |       \n      384 |       // Should track errors\n\n      at Object.<anonymous> (tests/integration/jsonl-stress.test.ts:381:35)\n","name":"/Users/shayon/DevProjects/mcp-for-lifeos/tests/integration/jsonl-stress.test.ts","startTime":1761110349002,"status":"failed","summary":""},{"assertionResults":[{"ancestorTitles":["Claude Desktop Integration Tests","Tool Selection Accuracy"],"duration":1,"failureDetails":[{}],"failureMessages":["Error: MCP server not found at dist/index.js. Run 'npm run build' first.\n    at /Users/shayon/DevProjects/mcp-for-lifeos/tests/integration/claude-desktop-integration.test.ts:80:16\n    at new Promise (<anonymous>)\n    at ClaudeDesktopTestClient.connect (/Users/shayon/DevProjects/mcp-for-lifeos/tests/integration/claude-desktop-integration.test.ts:78:12)\n    at Object.<anonymous> (/Users/shayon/DevProjects/mcp-for-lifeos/tests/integration/claude-desktop-integration.test.ts:377:18)\n    at Promise.then.completed (/Users/shayon/DevProjects/mcp-for-lifeos/node_modules/jest-circus/build/utils.js:298:28)\n    at new Promise (<anonymous>)\n    at callAsyncCircusFn (/Users/shayon/DevProjects/mcp-for-lifeos/node_modules/jest-circus/build/utils.js:231:10)\n    at _callCircusHook (/Users/shayon/DevProjects/mcp-for-lifeos/node_modules/jest-circus/build/run.js:281:40)\n    at _runTestsForDescribeBlock (/Users/shayon/DevProjects/mcp-for-lifeos/node_modules/jest-circus/build/run.js:95:7)\n    at _runTestsForDescribeBlock (/Users/shayon/DevProjects/mcp-for-lifeos/node_modules/jest-circus/build/run.js:121:9)\n    at run (/Users/shayon/DevProjects/mcp-for-lifeos/node_modules/jest-circus/build/run.js:71:3)\n    at runAndTransformResultsToJestFormat (/Users/shayon/DevProjects/mcp-for-lifeos/node_modules/jest-circus/build/legacy-code-todo-rewrite/jestAdapterInit.js:122:21)\n    at jestAdapter (/Users/shayon/DevProjects/mcp-for-lifeos/node_modules/jest-circus/build/legacy-code-todo-rewrite/jestAdapter.js:79:19)\n    at runTestInternal (/Users/shayon/DevProjects/mcp-for-lifeos/node_modules/jest-runner/build/runTest.js:367:16)\n    at runTest (/Users/shayon/DevProjects/mcp-for-lifeos/node_modules/jest-runner/build/runTest.js:444:34)"],"fullName":"Claude Desktop Integration Tests Tool Selection Accuracy AI chooses correct tools for common user requests","invocations":1,"location":null,"numPassingAsserts":0,"retryReasons":[],"status":"failed","title":"AI chooses correct tools for common user requests"},{"ancestorTitles":["Claude Desktop Integration Tests","Performance Comparison"],"duration":0,"failureDetails":[{}],"failureMessages":["Error: MCP server not found at dist/index.js. Run 'npm run build' first.\n    at /Users/shayon/DevProjects/mcp-for-lifeos/tests/integration/claude-desktop-integration.test.ts:80:16\n    at new Promise (<anonymous>)\n    at ClaudeDesktopTestClient.connect (/Users/shayon/DevProjects/mcp-for-lifeos/tests/integration/claude-desktop-integration.test.ts:78:12)\n    at Object.<anonymous> (/Users/shayon/DevProjects/mcp-for-lifeos/tests/integration/claude-desktop-integration.test.ts:377:18)\n    at Promise.then.completed (/Users/shayon/DevProjects/mcp-for-lifeos/node_modules/jest-circus/build/utils.js:298:28)\n    at new Promise (<anonymous>)\n    at callAsyncCircusFn (/Users/shayon/DevProjects/mcp-for-lifeos/node_modules/jest-circus/build/utils.js:231:10)\n    at _callCircusHook (/Users/shayon/DevProjects/mcp-for-lifeos/node_modules/jest-circus/build/run.js:281:40)\n    at _runTestsForDescribeBlock (/Users/shayon/DevProjects/mcp-for-lifeos/node_modules/jest-circus/build/run.js:95:7)\n    at _runTestsForDescribeBlock (/Users/shayon/DevProjects/mcp-for-lifeos/node_modules/jest-circus/build/run.js:121:9)\n    at run (/Users/shayon/DevProjects/mcp-for-lifeos/node_modules/jest-circus/build/run.js:71:3)\n    at runAndTransformResultsToJestFormat (/Users/shayon/DevProjects/mcp-for-lifeos/node_modules/jest-circus/build/legacy-code-todo-rewrite/jestAdapterInit.js:122:21)\n    at jestAdapter (/Users/shayon/DevProjects/mcp-for-lifeos/node_modules/jest-circus/build/legacy-code-todo-rewrite/jestAdapter.js:79:19)\n    at runTestInternal (/Users/shayon/DevProjects/mcp-for-lifeos/node_modules/jest-runner/build/runTest.js:367:16)\n    at runTest (/Users/shayon/DevProjects/mcp-for-lifeos/node_modules/jest-runner/build/runTest.js:444:34)"],"fullName":"Claude Desktop Integration Tests Performance Comparison Consolidated tools perform comparably to legacy tools","invocations":1,"location":null,"numPassingAsserts":0,"retryReasons":[],"status":"failed","title":"Consolidated tools perform comparably to legacy tools"},{"ancestorTitles":["Claude Desktop Integration Tests","User Experience Workflows"],"duration":0,"failureDetails":[{}],"failureMessages":["Error: MCP server not found at dist/index.js. Run 'npm run build' first.\n    at /Users/shayon/DevProjects/mcp-for-lifeos/tests/integration/claude-desktop-integration.test.ts:80:16\n    at new Promise (<anonymous>)\n    at ClaudeDesktopTestClient.connect (/Users/shayon/DevProjects/mcp-for-lifeos/tests/integration/claude-desktop-integration.test.ts:78:12)\n    at Object.<anonymous> (/Users/shayon/DevProjects/mcp-for-lifeos/tests/integration/claude-desktop-integration.test.ts:377:18)\n    at Promise.then.completed (/Users/shayon/DevProjects/mcp-for-lifeos/node_modules/jest-circus/build/utils.js:298:28)\n    at new Promise (<anonymous>)\n    at callAsyncCircusFn (/Users/shayon/DevProjects/mcp-for-lifeos/node_modules/jest-circus/build/utils.js:231:10)\n    at _callCircusHook (/Users/shayon/DevProjects/mcp-for-lifeos/node_modules/jest-circus/build/run.js:281:40)\n    at _runTestsForDescribeBlock (/Users/shayon/DevProjects/mcp-for-lifeos/node_modules/jest-circus/build/run.js:95:7)\n    at _runTestsForDescribeBlock (/Users/shayon/DevProjects/mcp-for-lifeos/node_modules/jest-circus/build/run.js:121:9)\n    at run (/Users/shayon/DevProjects/mcp-for-lifeos/node_modules/jest-circus/build/run.js:71:3)\n    at runAndTransformResultsToJestFormat (/Users/shayon/DevProjects/mcp-for-lifeos/node_modules/jest-circus/build/legacy-code-todo-rewrite/jestAdapterInit.js:122:21)\n    at jestAdapter (/Users/shayon/DevProjects/mcp-for-lifeos/node_modules/jest-circus/build/legacy-code-todo-rewrite/jestAdapter.js:79:19)\n    at runTestInternal (/Users/shayon/DevProjects/mcp-for-lifeos/node_modules/jest-runner/build/runTest.js:367:16)\n    at runTest (/Users/shayon/DevProjects/mcp-for-lifeos/node_modules/jest-runner/build/runTest.js:444:34)"],"fullName":"Claude Desktop Integration Tests User Experience Workflows End-to-end workflow: search → create → edit","invocations":1,"location":null,"numPassingAsserts":0,"retryReasons":[],"status":"failed","title":"End-to-end workflow: search → create → edit"},{"ancestorTitles":["Claude Desktop Integration Tests","Error Handling Validation"],"duration":0,"failureDetails":[{}],"failureMessages":["Error: MCP server not found at dist/index.js. Run 'npm run build' first.\n    at /Users/shayon/DevProjects/mcp-for-lifeos/tests/integration/claude-desktop-integration.test.ts:80:16\n    at new Promise (<anonymous>)\n    at ClaudeDesktopTestClient.connect (/Users/shayon/DevProjects/mcp-for-lifeos/tests/integration/claude-desktop-integration.test.ts:78:12)\n    at Object.<anonymous> (/Users/shayon/DevProjects/mcp-for-lifeos/tests/integration/claude-desktop-integration.test.ts:377:18)\n    at Promise.then.completed (/Users/shayon/DevProjects/mcp-for-lifeos/node_modules/jest-circus/build/utils.js:298:28)\n    at new Promise (<anonymous>)\n    at callAsyncCircusFn (/Users/shayon/DevProjects/mcp-for-lifeos/node_modules/jest-circus/build/utils.js:231:10)\n    at _callCircusHook (/Users/shayon/DevProjects/mcp-for-lifeos/node_modules/jest-circus/build/run.js:281:40)\n    at _runTestsForDescribeBlock (/Users/shayon/DevProjects/mcp-for-lifeos/node_modules/jest-circus/build/run.js:95:7)\n    at _runTestsForDescribeBlock (/Users/shayon/DevProjects/mcp-for-lifeos/node_modules/jest-circus/build/run.js:121:9)\n    at run (/Users/shayon/DevProjects/mcp-for-lifeos/node_modules/jest-circus/build/run.js:71:3)\n    at runAndTransformResultsToJestFormat (/Users/shayon/DevProjects/mcp-for-lifeos/node_modules/jest-circus/build/legacy-code-todo-rewrite/jestAdapterInit.js:122:21)\n    at jestAdapter (/Users/shayon/DevProjects/mcp-for-lifeos/node_modules/jest-circus/build/legacy-code-todo-rewrite/jestAdapter.js:79:19)\n    at runTestInternal (/Users/shayon/DevProjects/mcp-for-lifeos/node_modules/jest-runner/build/runTest.js:367:16)\n    at runTest (/Users/shayon/DevProjects/mcp-for-lifeos/node_modules/jest-runner/build/runTest.js:444:34)"],"fullName":"Claude Desktop Integration Tests Error Handling Validation Graceful handling of invalid requests","invocations":1,"location":null,"numPassingAsserts":0,"retryReasons":[],"status":"failed","title":"Graceful handling of invalid requests"}],"endTime":1761110356287,"message":"  ● Claude Desktop Integration Tests › Tool Selection Accuracy › AI chooses correct tools for common user requests\n\n    MCP server not found at dist/index.js. Run 'npm run build' first.\n\n      78 |     return new Promise((resolve, reject) => {\n      79 |       if (!existsSync(TEST_CONFIG.SERVER_PATH)) {\n    > 80 |         reject(new Error(`MCP server not found at ${TEST_CONFIG.SERVER_PATH}. Run 'npm run build' first.`));\n         |                ^\n      81 |         return;\n      82 |       }\n      83 |\n\n      at tests/integration/claude-desktop-integration.test.ts:80:16\n      at ClaudeDesktopTestClient.connect (tests/integration/claude-desktop-integration.test.ts:78:12)\n      at Object.<anonymous> (tests/integration/claude-desktop-integration.test.ts:377:18)\n\n  ● Claude Desktop Integration Tests › Performance Comparison › Consolidated tools perform comparably to legacy tools\n\n    MCP server not found at dist/index.js. Run 'npm run build' first.\n\n      78 |     return new Promise((resolve, reject) => {\n      79 |       if (!existsSync(TEST_CONFIG.SERVER_PATH)) {\n    > 80 |         reject(new Error(`MCP server not found at ${TEST_CONFIG.SERVER_PATH}. Run 'npm run build' first.`));\n         |                ^\n      81 |         return;\n      82 |       }\n      83 |\n\n      at tests/integration/claude-desktop-integration.test.ts:80:16\n      at ClaudeDesktopTestClient.connect (tests/integration/claude-desktop-integration.test.ts:78:12)\n      at Object.<anonymous> (tests/integration/claude-desktop-integration.test.ts:377:18)\n\n  ● Claude Desktop Integration Tests › User Experience Workflows › End-to-end workflow: search → create → edit\n\n    MCP server not found at dist/index.js. Run 'npm run build' first.\n\n      78 |     return new Promise((resolve, reject) => {\n      79 |       if (!existsSync(TEST_CONFIG.SERVER_PATH)) {\n    > 80 |         reject(new Error(`MCP server not found at ${TEST_CONFIG.SERVER_PATH}. Run 'npm run build' first.`));\n         |                ^\n      81 |         return;\n      82 |       }\n      83 |\n\n      at tests/integration/claude-desktop-integration.test.ts:80:16\n      at ClaudeDesktopTestClient.connect (tests/integration/claude-desktop-integration.test.ts:78:12)\n      at Object.<anonymous> (tests/integration/claude-desktop-integration.test.ts:377:18)\n\n  ● Claude Desktop Integration Tests › Error Handling Validation › Graceful handling of invalid requests\n\n    MCP server not found at dist/index.js. Run 'npm run build' first.\n\n      78 |     return new Promise((resolve, reject) => {\n      79 |       if (!existsSync(TEST_CONFIG.SERVER_PATH)) {\n    > 80 |         reject(new Error(`MCP server not found at ${TEST_CONFIG.SERVER_PATH}. Run 'npm run build' first.`));\n         |                ^\n      81 |         return;\n      82 |       }\n      83 |\n\n      at tests/integration/claude-desktop-integration.test.ts:80:16\n      at ClaudeDesktopTestClient.connect (tests/integration/claude-desktop-integration.test.ts:78:12)\n      at Object.<anonymous> (tests/integration/claude-desktop-integration.test.ts:377:18)\n","name":"/Users/shayon/DevProjects/mcp-for-lifeos/tests/integration/claude-desktop-integration.test.ts","startTime":1761110356230,"status":"failed","summary":""},{"assertionResults":[{"ancestorTitles":["Daily Note Task Addition Workflow","Reproducing Issue #88"],"duration":23,"failureDetails":[{}],"failureMessages":["Error: Target folder does not exist: /var/folders/w1/163_69gj72q17895lndngfyc0000gn/T/test-vault-e743bfb91c110372/var/folders/w1/163_69gj72q17895lndngfyc0000gn/T/test-vault-e743bfb91c110372/20 - Areas/21 - Myself/Journals/Daily\n    at Function.createNote (/Users/shayon/DevProjects/mcp-for-lifeos/src/vault-utils.ts:297:13)\n    at Function.createDailyNote (/Users/shayon/DevProjects/mcp-for-lifeos/src/vault-utils.ts:1124:19)\n    at Object.<anonymous> (/Users/shayon/DevProjects/mcp-for-lifeos/tests/integration/daily-note-task-workflow.test.ts:53:25)"],"fullName":"Daily Note Task Addition Workflow Reproducing Issue #88 should add tasks to existing Day's Notes section","invocations":1,"location":null,"numPassingAsserts":0,"retryReasons":[],"status":"failed","title":"should add tasks to existing Day's Notes section"},{"ancestorTitles":["Daily Note Task Addition Workflow","Reproducing Issue #88"],"duration":4,"failureDetails":[{}],"failureMessages":["Error: Target folder does not exist: /var/folders/w1/163_69gj72q17895lndngfyc0000gn/T/test-vault-3a24045395e35972/var/folders/w1/163_69gj72q17895lndngfyc0000gn/T/test-vault-3a24045395e35972/20 - Areas/21 - Myself/Journals/Daily\n    at Function.createNote (/Users/shayon/DevProjects/mcp-for-lifeos/src/vault-utils.ts:297:13)\n    at Function.createDailyNote (/Users/shayon/DevProjects/mcp-for-lifeos/src/vault-utils.ts:1124:19)\n    at Object.<anonymous> (/Users/shayon/DevProjects/mcp-for-lifeos/tests/integration/daily-note-task-workflow.test.ts:87:25)"],"fullName":"Daily Note Task Addition Workflow Reproducing Issue #88 should handle multiple task additions without creating duplicates","invocations":1,"location":null,"numPassingAsserts":0,"retryReasons":[],"status":"failed","title":"should handle multiple task additions without creating duplicates"},{"ancestorTitles":["Daily Note Task Addition Workflow","Reproducing Issue #88"],"duration":3,"failureDetails":[{}],"failureMessages":["Error: Target folder does not exist: /var/folders/w1/163_69gj72q17895lndngfyc0000gn/T/test-vault-dfb2ea22e69ad9ac/var/folders/w1/163_69gj72q17895lndngfyc0000gn/T/test-vault-dfb2ea22e69ad9ac/20 - Areas/21 - Myself/Journals/Daily\n    at Function.createNote (/Users/shayon/DevProjects/mcp-for-lifeos/src/vault-utils.ts:297:13)\n    at Function.createDailyNote (/Users/shayon/DevProjects/mcp-for-lifeos/src/vault-utils.ts:1124:19)\n    at Object.<anonymous> (/Users/shayon/DevProjects/mcp-for-lifeos/tests/integration/daily-note-task-workflow.test.ts:121:25)"],"fullName":"Daily Note Task Addition Workflow Reproducing Issue #88 should fail gracefully when heading doesn't exist","invocations":1,"location":null,"numPassingAsserts":0,"retryReasons":[],"status":"failed","title":"should fail gracefully when heading doesn't exist"},{"ancestorTitles":["Daily Note Task Addition Workflow","Reproducing Issue #88"],"duration":7,"failureDetails":[],"failureMessages":[],"fullName":"Daily Note Task Addition Workflow Reproducing Issue #88 should handle case variations in Day's Notes","invocations":1,"location":null,"numPassingAsserts":2,"retryReasons":[],"status":"passed","title":"should handle case variations in Day's Notes"},{"ancestorTitles":["Daily Note Task Addition Workflow","Task Insertion Order (Issue #90)"],"duration":3,"failureDetails":[],"failureMessages":[],"fullName":"Daily Note Task Addition Workflow Task Insertion Order (Issue #90) should append new tasks at the bottom of existing task lists","invocations":1,"location":null,"numPassingAsserts":4,"retryReasons":[],"status":"passed","title":"should append new tasks at the bottom of existing task lists"},{"ancestorTitles":["Daily Note Task Addition Workflow","Task Insertion Order (Issue #90)"],"duration":5,"failureDetails":[],"failureMessages":[],"fullName":"Daily Note Task Addition Workflow Task Insertion Order (Issue #90) should handle mixed content with tasks properly","invocations":1,"location":null,"numPassingAsserts":2,"retryReasons":[],"status":"passed","title":"should handle mixed content with tasks properly"},{"ancestorTitles":["Daily Note Task Addition Workflow","Task Insertion Order (Issue #90)"],"duration":4,"failureDetails":[],"failureMessages":[],"fullName":"Daily Note Task Addition Workflow Task Insertion Order (Issue #90) should insert task at bottom when section has no existing tasks","invocations":1,"location":null,"numPassingAsserts":4,"retryReasons":[],"status":"passed","title":"should insert task at bottom when section has no existing tasks"},{"ancestorTitles":["Daily Note Task Addition Workflow","Task Insertion Order (Issue #90)"],"duration":3,"failureDetails":[],"failureMessages":[],"fullName":"Daily Note Task Addition Workflow Task Insertion Order (Issue #90) should NOT insert tasks at the beginning of the section","invocations":1,"location":null,"numPassingAsserts":5,"retryReasons":[],"status":"passed","title":"should NOT insert tasks at the beginning of the section"},{"ancestorTitles":["Daily Note Task Addition Workflow","Task Insertion Order (Issue #90)"],"duration":5,"failureDetails":[],"failureMessages":[],"fullName":"Daily Note Task Addition Workflow Task Insertion Order (Issue #90) should handle the exact scenario from issue #90","invocations":1,"location":null,"numPassingAsserts":3,"retryReasons":[],"status":"passed","title":"should handle the exact scenario from issue #90"},{"ancestorTitles":["Daily Note Task Addition Workflow","Task Insertion Order (Issue #90)"],"duration":3,"failureDetails":[],"failureMessages":[],"fullName":"Daily Note Task Addition Workflow Task Insertion Order (Issue #90) should handle case when section has no tasks initially","invocations":1,"location":null,"numPassingAsserts":3,"retryReasons":[],"status":"passed","title":"should handle case when section has no tasks initially"},{"ancestorTitles":["Daily Note Task Addition Workflow","Task Insertion Order (Issue #90)"],"duration":3,"failureDetails":[],"failureMessages":[],"fullName":"Daily Note Task Addition Workflow Task Insertion Order (Issue #90) should handle edge case - heading with no content","invocations":1,"location":null,"numPassingAsserts":3,"retryReasons":[],"status":"passed","title":"should handle edge case - heading with no content"},{"ancestorTitles":["Daily Note Task Addition Workflow","Error Scenarios from RCA"],"duration":2,"failureDetails":[{}],"failureMessages":["Error: Target folder does not exist: /var/folders/w1/163_69gj72q17895lndngfyc0000gn/T/test-vault-eae9d601ddc0ef06/var/folders/w1/163_69gj72q17895lndngfyc0000gn/T/test-vault-eae9d601ddc0ef06/20 - Areas/21 - Myself/Journals/Daily\n    at Function.createNote (/Users/shayon/DevProjects/mcp-for-lifeos/src/vault-utils.ts:297:13)\n    at Function.createDailyNote (/Users/shayon/DevProjects/mcp-for-lifeos/src/vault-utils.ts:1124:19)\n    at Object.<anonymous> (/Users/shayon/DevProjects/mcp-for-lifeos/tests/integration/daily-note-task-workflow.test.ts:546:25)"],"fullName":"Daily Note Task Addition Workflow Error Scenarios from RCA should not create duplicate files when updating daily notes","invocations":1,"location":null,"numPassingAsserts":0,"retryReasons":[],"status":"failed","title":"should not create duplicate files when updating daily notes"}],"endTime":1761110356560,"message":"  ● Daily Note Task Addition Workflow › Reproducing Issue #88 › should add tasks to existing Day's Notes section\n\n    Target folder does not exist: /var/folders/w1/163_69gj72q17895lndngfyc0000gn/T/test-vault-e743bfb91c110372/var/folders/w1/163_69gj72q17895lndngfyc0000gn/T/test-vault-e743bfb91c110372/20 - Areas/21 - Myself/Journals/Daily\n\n      295 |\n      296 |     if (!existsSync(folderPath)) {\n    > 297 |       throw new Error(`Target folder does not exist: ${folderPath}`);\n          |             ^\n      298 |     }\n      299 |\n      300 |     const filePath = join(folderPath, `${fileName}.md`);\n\n      at Function.createNote (src/vault-utils.ts:297:13)\n      at Function.createDailyNote (src/vault-utils.ts:1124:19)\n      at Object.<anonymous> (tests/integration/daily-note-task-workflow.test.ts:53:25)\n\n  ● Daily Note Task Addition Workflow › Reproducing Issue #88 › should handle multiple task additions without creating duplicates\n\n    Target folder does not exist: /var/folders/w1/163_69gj72q17895lndngfyc0000gn/T/test-vault-3a24045395e35972/var/folders/w1/163_69gj72q17895lndngfyc0000gn/T/test-vault-3a24045395e35972/20 - Areas/21 - Myself/Journals/Daily\n\n      295 |\n      296 |     if (!existsSync(folderPath)) {\n    > 297 |       throw new Error(`Target folder does not exist: ${folderPath}`);\n          |             ^\n      298 |     }\n      299 |\n      300 |     const filePath = join(folderPath, `${fileName}.md`);\n\n      at Function.createNote (src/vault-utils.ts:297:13)\n      at Function.createDailyNote (src/vault-utils.ts:1124:19)\n      at Object.<anonymous> (tests/integration/daily-note-task-workflow.test.ts:87:25)\n\n  ● Daily Note Task Addition Workflow › Reproducing Issue #88 › should fail gracefully when heading doesn't exist\n\n    Target folder does not exist: /var/folders/w1/163_69gj72q17895lndngfyc0000gn/T/test-vault-dfb2ea22e69ad9ac/var/folders/w1/163_69gj72q17895lndngfyc0000gn/T/test-vault-dfb2ea22e69ad9ac/20 - Areas/21 - Myself/Journals/Daily\n\n      295 |\n      296 |     if (!existsSync(folderPath)) {\n    > 297 |       throw new Error(`Target folder does not exist: ${folderPath}`);\n          |             ^\n      298 |     }\n      299 |\n      300 |     const filePath = join(folderPath, `${fileName}.md`);\n\n      at Function.createNote (src/vault-utils.ts:297:13)\n      at Function.createDailyNote (src/vault-utils.ts:1124:19)\n      at Object.<anonymous> (tests/integration/daily-note-task-workflow.test.ts:121:25)\n\n  ● Daily Note Task Addition Workflow › Error Scenarios from RCA › should not create duplicate files when updating daily notes\n\n    Target folder does not exist: /var/folders/w1/163_69gj72q17895lndngfyc0000gn/T/test-vault-eae9d601ddc0ef06/var/folders/w1/163_69gj72q17895lndngfyc0000gn/T/test-vault-eae9d601ddc0ef06/20 - Areas/21 - Myself/Journals/Daily\n\n      295 |\n      296 |     if (!existsSync(folderPath)) {\n    > 297 |       throw new Error(`Target folder does not exist: ${folderPath}`);\n          |             ^\n      298 |     }\n      299 |\n      300 |     const filePath = join(folderPath, `${fileName}.md`);\n\n      at Function.createNote (src/vault-utils.ts:297:13)\n      at Function.createDailyNote (src/vault-utils.ts:1124:19)\n      at Object.<anonymous> (tests/integration/daily-note-task-workflow.test.ts:546:25)\n","name":"/Users/shayon/DevProjects/mcp-for-lifeos/tests/integration/daily-note-task-workflow.test.ts","startTime":1761110356290,"status":"failed","summary":""},{"assertionResults":[{"ancestorTitles":["ObsidianLinks.extractNoteTitle()","Priority 1: Frontmatter title field"],"duration":1,"failureDetails":[],"failureMessages":[],"fullName":"ObsidianLinks.extractNoteTitle() Priority 1: Frontmatter title field should prioritize frontmatter.title when provided and non-empty","invocations":1,"location":null,"numPassingAsserts":1,"retryReasons":[],"status":"passed","title":"should prioritize frontmatter.title when provided and non-empty"},{"ancestorTitles":["ObsidianLinks.extractNoteTitle()","Priority 1: Frontmatter title field"],"duration":0,"failureDetails":[],"failureMessages":[],"fullName":"ObsidianLinks.extractNoteTitle() Priority 1: Frontmatter title field should use frontmatter.title even for daily note filenames","invocations":1,"location":null,"numPassingAsserts":1,"retryReasons":[],"status":"passed","title":"should use frontmatter.title even for daily note filenames"},{"ancestorTitles":["ObsidianLinks.extractNoteTitle()","Priority 1: Frontmatter title field"],"duration":0,"failureDetails":[],"failureMessages":[],"fullName":"ObsidianLinks.extractNoteTitle() Priority 1: Frontmatter title field should handle frontmatter with Record<string, any> type","invocations":1,"location":null,"numPassingAsserts":1,"retryReasons":[],"status":"passed","title":"should handle frontmatter with Record<string, any> type"},{"ancestorTitles":["ObsidianLinks.extractNoteTitle()","Priority 1: Frontmatter title field"],"duration":1,"failureDetails":[],"failureMessages":[],"fullName":"ObsidianLinks.extractNoteTitle() Priority 1: Frontmatter title field should ignore empty string frontmatter.title","invocations":1,"location":null,"numPassingAsserts":1,"retryReasons":[],"status":"passed","title":"should ignore empty string frontmatter.title"},{"ancestorTitles":["ObsidianLinks.extractNoteTitle()","Priority 1: Frontmatter title field"],"duration":0,"failureDetails":[],"failureMessages":[],"fullName":"ObsidianLinks.extractNoteTitle() Priority 1: Frontmatter title field should ignore whitespace-only frontmatter.title","invocations":1,"location":null,"numPassingAsserts":1,"retryReasons":[],"status":"passed","title":"should ignore whitespace-only frontmatter.title"},{"ancestorTitles":["ObsidianLinks.extractNoteTitle()","Priority 1: Frontmatter title field"],"duration":1,"failureDetails":[],"failureMessages":[],"fullName":"ObsidianLinks.extractNoteTitle() Priority 1: Frontmatter title field should handle non-string frontmatter.title","invocations":1,"location":null,"numPassingAsserts":1,"retryReasons":[],"status":"passed","title":"should handle non-string frontmatter.title"},{"ancestorTitles":["ObsidianLinks.extractNoteTitle()","Priority 2: Daily note date formatting (YYYY-MM-DD)"],"duration":0,"failureDetails":[],"failureMessages":[],"fullName":"ObsidianLinks.extractNoteTitle() Priority 2: Daily note date formatting (YYYY-MM-DD) should format daily notes as \"Month DD, YYYY\"","invocations":1,"location":null,"numPassingAsserts":1,"retryReasons":[],"status":"passed","title":"should format daily notes as \"Month DD, YYYY\""},{"ancestorTitles":["ObsidianLinks.extractNoteTitle()","Priority 2: Daily note date formatting (YYYY-MM-DD)"],"duration":0,"failureDetails":[],"failureMessages":[],"fullName":"ObsidianLinks.extractNoteTitle() Priority 2: Daily note date formatting (YYYY-MM-DD) should handle timezone correctly - MCP-31 FIX (parseISO vs new Date)","invocations":1,"location":null,"numPassingAsserts":4,"retryReasons":[],"status":"passed","title":"should handle timezone correctly - MCP-31 FIX (parseISO vs new Date)"},{"ancestorTitles":["ObsidianLinks.extractNoteTitle()","Priority 2: Daily note date formatting (YYYY-MM-DD)"],"duration":1,"failureDetails":[],"failureMessages":[],"fullName":"ObsidianLinks.extractNoteTitle() Priority 2: Daily note date formatting (YYYY-MM-DD) should handle leap year daily notes","invocations":1,"location":null,"numPassingAsserts":1,"retryReasons":[],"status":"passed","title":"should handle leap year daily notes"},{"ancestorTitles":["ObsidianLinks.extractNoteTitle()","Priority 2: Daily note date formatting (YYYY-MM-DD)"],"duration":0,"failureDetails":[],"failureMessages":[],"fullName":"ObsidianLinks.extractNoteTitle() Priority 2: Daily note date formatting (YYYY-MM-DD) should handle daily notes without frontmatter parameter","invocations":1,"location":null,"numPassingAsserts":1,"retryReasons":[],"status":"passed","title":"should handle daily notes without frontmatter parameter"},{"ancestorTitles":["ObsidianLinks.extractNoteTitle()","Priority 2: Daily note date formatting (YYYY-MM-DD)"],"duration":0,"failureDetails":[],"failureMessages":[],"fullName":"ObsidianLinks.extractNoteTitle() Priority 2: Daily note date formatting (YYYY-MM-DD) should handle daily notes with empty frontmatter object","invocations":1,"location":null,"numPassingAsserts":1,"retryReasons":[],"status":"passed","title":"should handle daily notes with empty frontmatter object"},{"ancestorTitles":["ObsidianLinks.extractNoteTitle()","Priority 2: Daily note date formatting (YYYY-MM-DD)"],"duration":1,"failureDetails":[],"failureMessages":[],"fullName":"ObsidianLinks.extractNoteTitle() Priority 2: Daily note date formatting (YYYY-MM-DD) should only match YYYY-MM-DD format exactly","invocations":1,"location":null,"numPassingAsserts":4,"retryReasons":[],"status":"passed","title":"should only match YYYY-MM-DD format exactly"},{"ancestorTitles":["ObsidianLinks.extractNoteTitle()","Priority 3: Title-cased filename transformation"],"duration":0,"failureDetails":[],"failureMessages":[],"fullName":"ObsidianLinks.extractNoteTitle() Priority 3: Title-cased filename transformation should transform dashes to spaces","invocations":1,"location":null,"numPassingAsserts":1,"retryReasons":[],"status":"passed","title":"should transform dashes to spaces"},{"ancestorTitles":["ObsidianLinks.extractNoteTitle()","Priority 3: Title-cased filename transformation"],"duration":2,"failureDetails":[],"failureMessages":[],"fullName":"ObsidianLinks.extractNoteTitle() Priority 3: Title-cased filename transformation should transform underscores to spaces","invocations":1,"location":null,"numPassingAsserts":1,"retryReasons":[],"status":"passed","title":"should transform underscores to spaces"},{"ancestorTitles":["ObsidianLinks.extractNoteTitle()","Priority 3: Title-cased filename transformation"],"duration":0,"failureDetails":[],"failureMessages":[],"fullName":"ObsidianLinks.extractNoteTitle() Priority 3: Title-cased filename transformation should transform mixed dashes and underscores","invocations":1,"location":null,"numPassingAsserts":1,"retryReasons":[],"status":"passed","title":"should transform mixed dashes and underscores"},{"ancestorTitles":["ObsidianLinks.extractNoteTitle()","Priority 3: Title-cased filename transformation"],"duration":0,"failureDetails":[],"failureMessages":[],"fullName":"ObsidianLinks.extractNoteTitle() Priority 3: Title-cased filename transformation should apply title case to each word","invocations":1,"location":null,"numPassingAsserts":1,"retryReasons":[],"status":"passed","title":"should apply title case to each word"},{"ancestorTitles":["ObsidianLinks.extractNoteTitle()","Priority 3: Title-cased filename transformation"],"duration":0,"failureDetails":[],"failureMessages":[],"fullName":"ObsidianLinks.extractNoteTitle() Priority 3: Title-cased filename transformation should handle single word filenames","invocations":1,"location":null,"numPassingAsserts":1,"retryReasons":[],"status":"passed","title":"should handle single word filenames"},{"ancestorTitles":["ObsidianLinks.extractNoteTitle()","Priority 3: Title-cased filename transformation"],"duration":0,"failureDetails":[],"failureMessages":[],"fullName":"ObsidianLinks.extractNoteTitle() Priority 3: Title-cased filename transformation should handle filenames with numbers","invocations":1,"location":null,"numPassingAsserts":1,"retryReasons":[],"status":"passed","title":"should handle filenames with numbers"},{"ancestorTitles":["ObsidianLinks.extractNoteTitle()","Priority 3: Title-cased filename transformation"],"duration":0,"failureDetails":[],"failureMessages":[],"fullName":"ObsidianLinks.extractNoteTitle() Priority 3: Title-cased filename transformation should remove .md extension","invocations":1,"location":null,"numPassingAsserts":2,"retryReasons":[],"status":"passed","title":"should remove .md extension"},{"ancestorTitles":["ObsidianLinks.extractNoteTitle()","Edge Cases and Error Handling"],"duration":1,"failureDetails":[],"failureMessages":[],"fullName":"ObsidianLinks.extractNoteTitle() Edge Cases and Error Handling should handle missing frontmatter parameter (undefined)","invocations":1,"location":null,"numPassingAsserts":1,"retryReasons":[],"status":"passed","title":"should handle missing frontmatter parameter (undefined)"},{"ancestorTitles":["ObsidianLinks.extractNoteTitle()","Edge Cases and Error Handling"],"duration":0,"failureDetails":[],"failureMessages":[],"fullName":"ObsidianLinks.extractNoteTitle() Edge Cases and Error Handling should handle null frontmatter","invocations":1,"location":null,"numPassingAsserts":1,"retryReasons":[],"status":"passed","title":"should handle null frontmatter"},{"ancestorTitles":["ObsidianLinks.extractNoteTitle()","Edge Cases and Error Handling"],"duration":0,"failureDetails":[],"failureMessages":[],"fullName":"ObsidianLinks.extractNoteTitle() Edge Cases and Error Handling should handle frontmatter without title field","invocations":1,"location":null,"numPassingAsserts":1,"retryReasons":[],"status":"passed","title":"should handle frontmatter without title field"},{"ancestorTitles":["ObsidianLinks.extractNoteTitle()","Edge Cases and Error Handling"],"duration":0,"failureDetails":[],"failureMessages":[],"fullName":"ObsidianLinks.extractNoteTitle() Edge Cases and Error Handling should handle absolute paths","invocations":1,"location":null,"numPassingAsserts":1,"retryReasons":[],"status":"passed","title":"should handle absolute paths"},{"ancestorTitles":["ObsidianLinks.extractNoteTitle()","Edge Cases and Error Handling"],"duration":1,"failureDetails":[],"failureMessages":[],"fullName":"ObsidianLinks.extractNoteTitle() Edge Cases and Error Handling should handle relative paths","invocations":1,"location":null,"numPassingAsserts":1,"retryReasons":[],"status":"passed","title":"should handle relative paths"},{"ancestorTitles":["ObsidianLinks.extractNoteTitle()","Edge Cases and Error Handling"],"duration":0,"failureDetails":[],"failureMessages":[],"fullName":"ObsidianLinks.extractNoteTitle() Edge Cases and Error Handling should handle paths without extension","invocations":1,"location":null,"numPassingAsserts":1,"retryReasons":[],"status":"passed","title":"should handle paths without extension"},{"ancestorTitles":["ObsidianLinks.extractNoteTitle()","Edge Cases and Error Handling"],"duration":1,"failureDetails":[{"matcherResult":{"actual":".Md","expected":"","message":"expect(received).toBe(expected) // Object.is equality\n\nExpected: \"\"\nReceived: \".Md\"","name":"toBe","pass":false}}],"failureMessages":["Error: expect(received).toBe(expected) // Object.is equality\n\nExpected: \"\"\nReceived: \".Md\"\n    at Object.<anonymous> (/Users/shayon/DevProjects/mcp-for-lifeos/tests/unit/obsidian-links.test.ts:238:22)\n    at Promise.then.completed (/Users/shayon/DevProjects/mcp-for-lifeos/node_modules/jest-circus/build/utils.js:298:28)\n    at new Promise (<anonymous>)\n    at callAsyncCircusFn (/Users/shayon/DevProjects/mcp-for-lifeos/node_modules/jest-circus/build/utils.js:231:10)\n    at _callCircusTest (/Users/shayon/DevProjects/mcp-for-lifeos/node_modules/jest-circus/build/run.js:316:40)\n    at _runTest (/Users/shayon/DevProjects/mcp-for-lifeos/node_modules/jest-circus/build/run.js:252:3)\n    at _runTestsForDescribeBlock (/Users/shayon/DevProjects/mcp-for-lifeos/node_modules/jest-circus/build/run.js:126:9)\n    at _runTestsForDescribeBlock (/Users/shayon/DevProjects/mcp-for-lifeos/node_modules/jest-circus/build/run.js:121:9)\n    at _runTestsForDescribeBlock (/Users/shayon/DevProjects/mcp-for-lifeos/node_modules/jest-circus/build/run.js:121:9)\n    at run (/Users/shayon/DevProjects/mcp-for-lifeos/node_modules/jest-circus/build/run.js:71:3)\n    at runAndTransformResultsToJestFormat (/Users/shayon/DevProjects/mcp-for-lifeos/node_modules/jest-circus/build/legacy-code-todo-rewrite/jestAdapterInit.js:122:21)\n    at jestAdapter (/Users/shayon/DevProjects/mcp-for-lifeos/node_modules/jest-circus/build/legacy-code-todo-rewrite/jestAdapter.js:79:19)\n    at runTestInternal (/Users/shayon/DevProjects/mcp-for-lifeos/node_modules/jest-runner/build/runTest.js:367:16)\n    at runTest (/Users/shayon/DevProjects/mcp-for-lifeos/node_modules/jest-runner/build/runTest.js:444:34)"],"fullName":"ObsidianLinks.extractNoteTitle() Edge Cases and Error Handling should handle empty filename (edge case)","invocations":1,"location":null,"numPassingAsserts":0,"retryReasons":[],"status":"failed","title":"should handle empty filename (edge case)"},{"ancestorTitles":["ObsidianLinks.extractNoteTitle()","Edge Cases and Error Handling"],"duration":0,"failureDetails":[],"failureMessages":[],"fullName":"ObsidianLinks.extractNoteTitle() Edge Cases and Error Handling should handle paths with multiple dots","invocations":1,"location":null,"numPassingAsserts":1,"retryReasons":[],"status":"passed","title":"should handle paths with multiple dots"},{"ancestorTitles":["ObsidianLinks.extractNoteTitle()","Backward Compatibility"],"duration":0,"failureDetails":[],"failureMessages":[],"fullName":"ObsidianLinks.extractNoteTitle() Backward Compatibility should work without frontmatter parameter (original signature)","invocations":1,"location":null,"numPassingAsserts":1,"retryReasons":[],"status":"passed","title":"should work without frontmatter parameter (original signature)"},{"ancestorTitles":["ObsidianLinks.extractNoteTitle()","Backward Compatibility"],"duration":1,"failureDetails":[],"failureMessages":[],"fullName":"ObsidianLinks.extractNoteTitle() Backward Compatibility should work with frontmatter parameter (enhanced signature)","invocations":1,"location":null,"numPassingAsserts":1,"retryReasons":[],"status":"passed","title":"should work with frontmatter parameter (enhanced signature)"},{"ancestorTitles":["ObsidianLinks.extractNoteTitle()","Real-World Scenarios"],"duration":0,"failureDetails":[],"failureMessages":[],"fullName":"ObsidianLinks.extractNoteTitle() Real-World Scenarios should handle typical daily note without custom title","invocations":1,"location":null,"numPassingAsserts":1,"retryReasons":[],"status":"passed","title":"should handle typical daily note without custom title"},{"ancestorTitles":["ObsidianLinks.extractNoteTitle()","Real-World Scenarios"],"duration":0,"failureDetails":[],"failureMessages":[],"fullName":"ObsidianLinks.extractNoteTitle() Real-World Scenarios should handle project note with custom title","invocations":1,"location":null,"numPassingAsserts":1,"retryReasons":[],"status":"passed","title":"should handle project note with custom title"},{"ancestorTitles":["ObsidianLinks.extractNoteTitle()","Real-World Scenarios"],"duration":0,"failureDetails":[],"failureMessages":[],"fullName":"ObsidianLinks.extractNoteTitle() Real-World Scenarios should handle article note with title","invocations":1,"location":null,"numPassingAsserts":1,"retryReasons":[],"status":"passed","title":"should handle article note with title"},{"ancestorTitles":["ObsidianLinks.extractNoteTitle()","Real-World Scenarios"],"duration":0,"failureDetails":[],"failureMessages":[],"fullName":"ObsidianLinks.extractNoteTitle() Real-World Scenarios should handle meeting note without custom title","invocations":1,"location":null,"numPassingAsserts":1,"retryReasons":[],"status":"passed","title":"should handle meeting note without custom title"}],"endTime":1761110356616,"message":"  ● ObsidianLinks.extractNoteTitle() › Edge Cases and Error Handling › should handle empty filename (edge case)\n\n    expect(received).toBe(expected) // Object.is equality\n\n    Expected: \"\"\n    Received: \".Md\"\n\n      236 |       // basename('', '.md') returns ''\n      237 |       // Empty string replacement results in empty string\n    > 238 |       expect(result).toBe('');\n          |                      ^\n      239 |     });\n      240 |\n      241 |     it('should handle paths with multiple dots', () => {\n\n      at Object.<anonymous> (tests/unit/obsidian-links.test.ts:238:22)\n","name":"/Users/shayon/DevProjects/mcp-for-lifeos/tests/unit/obsidian-links.test.ts","startTime":1761110356564,"status":"failed","summary":""},{"assertionResults":[{"ancestorTitles":["Daily Note Template Integration (Direct)","Daily note creation with templates"],"duration":17,"failureDetails":[],"failureMessages":[],"fullName":"Daily Note Template Integration (Direct) Daily note creation with templates should create daily note using configured template","invocations":1,"location":null,"numPassingAsserts":9,"retryReasons":[],"status":"passed","title":"should create daily note using configured template"},{"ancestorTitles":["Daily Note Template Integration (Direct)","Daily note creation with templates"],"duration":6,"failureDetails":[],"failureMessages":[],"fullName":"Daily Note Template Integration (Direct) Daily note creation with templates should handle different date formats","invocations":1,"location":null,"numPassingAsserts":8,"retryReasons":[],"status":"passed","title":"should handle different date formats"},{"ancestorTitles":["Daily Note Template Integration (Direct)","Daily note creation with templates"],"duration":4,"failureDetails":[],"failureMessages":[],"fullName":"Daily Note Template Integration (Direct) Daily note creation with templates should create weekly template when specified","invocations":1,"location":null,"numPassingAsserts":4,"retryReasons":[],"status":"passed","title":"should create weekly template when specified"},{"ancestorTitles":["Daily Note Template Integration (Direct)","Daily note creation with templates"],"duration":5,"failureDetails":[],"failureMessages":[],"fullName":"Daily Note Template Integration (Direct) Daily note creation with templates should handle missing template gracefully","invocations":1,"location":null,"numPassingAsserts":1,"retryReasons":[],"status":"passed","title":"should handle missing template gracefully"},{"ancestorTitles":["Daily Note Template Integration (Direct)","Daily note creation with templates"],"duration":4,"failureDetails":[],"failureMessages":[],"fullName":"Daily Note Template Integration (Direct) Daily note creation with templates should apply template caching","invocations":1,"location":null,"numPassingAsserts":3,"retryReasons":[],"status":"passed","title":"should apply template caching"},{"ancestorTitles":["Daily Note Template Integration (Direct)","Template processing edge cases"],"duration":7,"failureDetails":[],"failureMessages":[],"fullName":"Daily Note Template Integration (Direct) Template processing edge cases should handle malformed template syntax","invocations":1,"location":null,"numPassingAsserts":3,"retryReasons":[],"status":"passed","title":"should handle malformed template syntax"},{"ancestorTitles":["Daily Note Template Integration (Direct)","Template processing edge cases"],"duration":5,"failureDetails":[],"failureMessages":[],"fullName":"Daily Note Template Integration (Direct) Template processing edge cases should handle complex date formatting","invocations":1,"location":null,"numPassingAsserts":6,"retryReasons":[],"status":"passed","title":"should handle complex date formatting"},{"ancestorTitles":["Daily Note Template Integration (Direct)","Template processing edge cases"],"duration":4,"failureDetails":[],"failureMessages":[],"fullName":"Daily Note Template Integration (Direct) Template processing edge cases should handle nested folders in template path","invocations":1,"location":null,"numPassingAsserts":1,"retryReasons":[],"status":"passed","title":"should handle nested folders in template path"},{"ancestorTitles":["Daily Note Template Integration (Direct)","VaultUtils integration"],"duration":6,"failureDetails":[{}],"failureMessages":["Error: Target folder does not exist: /var/folders/w1/163_69gj72q17895lndngfyc0000gn/T/test-vault-bade1ed124a47bf2/var/folders/w1/163_69gj72q17895lndngfyc0000gn/T/test-vault-bade1ed124a47bf2/Daily\n    at Function.createNote (/Users/shayon/DevProjects/mcp-for-lifeos/src/vault-utils.ts:297:13)\n    at Function.createDailyNote (/Users/shayon/DevProjects/mcp-for-lifeos/src/vault-utils.ts:1124:19)\n    at Object.<anonymous> (/Users/shayon/DevProjects/mcp-for-lifeos/tests/integration/daily-note-simple.test.ts:330:20)"],"fullName":"Daily Note Template Integration (Direct) VaultUtils integration should create daily note with VaultUtils","invocations":1,"location":null,"numPassingAsserts":0,"retryReasons":[],"status":"failed","title":"should create daily note with VaultUtils"}],"endTime":1761110356722,"message":"  ● Daily Note Template Integration (Direct) › VaultUtils integration › should create daily note with VaultUtils\n\n    Target folder does not exist: /var/folders/w1/163_69gj72q17895lndngfyc0000gn/T/test-vault-bade1ed124a47bf2/var/folders/w1/163_69gj72q17895lndngfyc0000gn/T/test-vault-bade1ed124a47bf2/Daily\n\n      295 |\n      296 |     if (!existsSync(folderPath)) {\n    > 297 |       throw new Error(`Target folder does not exist: ${folderPath}`);\n          |             ^\n      298 |     }\n      299 |\n      300 |     const filePath = join(folderPath, `${fileName}.md`);\n\n      at Function.createNote (src/vault-utils.ts:297:13)\n      at Function.createDailyNote (src/vault-utils.ts:1124:19)\n      at Object.<anonymous> (tests/integration/daily-note-simple.test.ts:330:20)\n","name":"/Users/shayon/DevProjects/mcp-for-lifeos/tests/integration/daily-note-simple.test.ts","startTime":1761110356618,"status":"failed","summary":""},{"assertionResults":[{"ancestorTitles":["Task Formatting with Obsidian Tasks Plugin","Task Creation Date Formatting"],"duration":4,"failureDetails":[],"failureMessages":[],"fullName":"Task Formatting with Obsidian Tasks Plugin Task Creation Date Formatting should add creation date to tasks without one","invocations":1,"location":null,"numPassingAsserts":1,"retryReasons":[],"status":"passed","title":"should add creation date to tasks without one"},{"ancestorTitles":["Task Formatting with Obsidian Tasks Plugin","Task Creation Date Formatting"],"duration":2,"failureDetails":[],"failureMessages":[],"fullName":"Task Formatting with Obsidian Tasks Plugin Task Creation Date Formatting should not add creation date to tasks that already have one","invocations":1,"location":null,"numPassingAsserts":2,"retryReasons":[],"status":"passed","title":"should not add creation date to tasks that already have one"},{"ancestorTitles":["Task Formatting with Obsidian Tasks Plugin","Task Creation Date Formatting"],"duration":3,"failureDetails":[],"failureMessages":[],"fullName":"Task Formatting with Obsidian Tasks Plugin Task Creation Date Formatting should handle multiple tasks correctly","invocations":1,"location":null,"numPassingAsserts":3,"retryReasons":[],"status":"passed","title":"should handle multiple tasks correctly"},{"ancestorTitles":["Task Formatting with Obsidian Tasks Plugin","Task Creation Date Formatting"],"duration":2,"failureDetails":[],"failureMessages":[],"fullName":"Task Formatting with Obsidian Tasks Plugin Task Creation Date Formatting should not modify non-task list items","invocations":1,"location":null,"numPassingAsserts":3,"retryReasons":[],"status":"passed","title":"should not modify non-task list items"},{"ancestorTitles":["Task Formatting with Obsidian Tasks Plugin","Task Creation Date Formatting"],"duration":3,"failureDetails":[{}],"failureMessages":["Error: Target folder does not exist: /var/folders/w1/163_69gj72q17895lndngfyc0000gn/T/test-vault-a33f228902e58978/var/folders/w1/163_69gj72q17895lndngfyc0000gn/T/test-vault-a33f228902e58978/20 - Areas/21 - Myself/Journals/Daily\n    at Function.createNote (/Users/shayon/DevProjects/mcp-for-lifeos/src/vault-utils.ts:297:13)\n    at Function.createDailyNote (/Users/shayon/DevProjects/mcp-for-lifeos/src/vault-utils.ts:1124:19)\n    at Object.<anonymous> (/Users/shayon/DevProjects/mcp-for-lifeos/tests/unit/task-formatting.test.ts:175:25)"],"fullName":"Task Formatting with Obsidian Tasks Plugin Task Creation Date Formatting should work with daily note task workflow","invocations":1,"location":null,"numPassingAsserts":0,"retryReasons":[],"status":"failed","title":"should work with daily note task workflow"},{"ancestorTitles":["Task Formatting with Obsidian Tasks Plugin","Task Properties Formatting"],"duration":4,"failureDetails":[],"failureMessages":[],"fullName":"Task Formatting with Obsidian Tasks Plugin Task Properties Formatting should maintain other task properties when adding creation date","invocations":1,"location":null,"numPassingAsserts":17,"retryReasons":[],"status":"passed","title":"should maintain other task properties when adding creation date"}],"endTime":1761110356795,"message":"  ● Task Formatting with Obsidian Tasks Plugin › Task Creation Date Formatting › should work with daily note task workflow\n\n    Target folder does not exist: /var/folders/w1/163_69gj72q17895lndngfyc0000gn/T/test-vault-a33f228902e58978/var/folders/w1/163_69gj72q17895lndngfyc0000gn/T/test-vault-a33f228902e58978/20 - Areas/21 - Myself/Journals/Daily\n\n      295 |\n      296 |     if (!existsSync(folderPath)) {\n    > 297 |       throw new Error(`Target folder does not exist: ${folderPath}`);\n          |             ^\n      298 |     }\n      299 |\n      300 |     const filePath = join(folderPath, `${fileName}.md`);\n\n      at Function.createNote (src/vault-utils.ts:297:13)\n      at Function.createDailyNote (src/vault-utils.ts:1124:19)\n      at Object.<anonymous> (tests/unit/task-formatting.test.ts:175:25)\n","name":"/Users/shayon/DevProjects/mcp-for-lifeos/tests/unit/task-formatting.test.ts","startTime":1761110356725,"status":"failed","summary":""},{"assertionResults":[{"ancestorTitles":["TemplateManager","getTemplateNames"],"duration":3,"failureDetails":[{"matcherResult":{"actual":[],"expected":["tpl-daily","tpl-meeting"],"message":"expect(received).toEqual(expected) // deep equality\n\n- Expected  - 4\n+ Received  + 1\n\n- Array [\n-   \"tpl-daily\",\n-   \"tpl-meeting\",\n- ]\n+ Array []","name":"toEqual","pass":false}}],"failureMessages":["Error: expect(received).toEqual(expected) // deep equality\n\n- Expected  - 4\n+ Received  + 1\n\n- Array [\n-   \"tpl-daily\",\n-   \"tpl-meeting\",\n- ]\n+ Array []\n    at Object.<anonymous> (/Users/shayon/DevProjects/mcp-for-lifeos/tests/unit/template-manager.test.ts:73:21)"],"fullName":"TemplateManager getTemplateNames should return template names from cache when valid","invocations":1,"location":null,"numPassingAsserts":0,"retryReasons":[],"status":"failed","title":"should return template names from cache when valid"},{"ancestorTitles":["TemplateManager","getTemplateNames"],"duration":1,"failureDetails":[{"matcherResult":{"message":"expect(jest.fn()).toHaveBeenCalledTimes(expected)\n\nExpected number of calls: 2\nReceived number of calls: 1","pass":false}}],"failureMessages":["Error: expect(jest.fn()).toHaveBeenCalledTimes(expected)\n\nExpected number of calls: 2\nReceived number of calls: 1\n    at Object.<anonymous> (/Users/shayon/DevProjects/mcp-for-lifeos/tests/unit/template-manager.test.ts:97:26)"],"fullName":"TemplateManager getTemplateNames should refresh cache when expired","invocations":1,"location":null,"numPassingAsserts":0,"retryReasons":[],"status":"failed","title":"should refresh cache when expired"},{"ancestorTitles":["TemplateManager","getTemplateNames"],"duration":3,"failureDetails":[],"failureMessages":[],"fullName":"TemplateManager getTemplateNames should handle missing template folder gracefully","invocations":1,"location":null,"numPassingAsserts":1,"retryReasons":[],"status":"passed","title":"should handle missing template folder gracefully"},{"ancestorTitles":["TemplateManager","getTemplate"],"duration":1,"failureDetails":[],"failureMessages":[],"fullName":"TemplateManager getTemplate should load template content from file","invocations":1,"location":null,"numPassingAsserts":4,"retryReasons":[],"status":"passed","title":"should load template content from file"},{"ancestorTitles":["TemplateManager","getTemplate"],"duration":0,"failureDetails":[],"failureMessages":[],"fullName":"TemplateManager getTemplate should return null for non-existent template","invocations":1,"location":null,"numPassingAsserts":1,"retryReasons":[],"status":"passed","title":"should return null for non-existent template"},{"ancestorTitles":["TemplateManager","getTemplate"],"duration":1,"failureDetails":[{"matcherResult":{"message":"expect(received).toBeTruthy()\n\nReceived: null","pass":false}}],"failureMessages":["Error: expect(received).toBeTruthy()\n\nReceived: null\n    at Object.<anonymous> (/Users/shayon/DevProjects/mcp-for-lifeos/tests/unit/template-manager.test.ts:156:24)"],"fullName":"TemplateManager getTemplate should handle template with .md extension","invocations":1,"location":null,"numPassingAsserts":0,"retryReasons":[],"status":"failed","title":"should handle template with .md extension"},{"ancestorTitles":["TemplateManager","getDailyNoteTemplate"],"duration":0,"failureDetails":[],"failureMessages":[],"fullName":"TemplateManager getDailyNoteTemplate should return daily note template name from settings","invocations":1,"location":null,"numPassingAsserts":1,"retryReasons":[],"status":"passed","title":"should return daily note template name from settings"},{"ancestorTitles":["TemplateManager","getDailyNoteTemplate"],"duration":1,"failureDetails":[],"failureMessages":[],"fullName":"TemplateManager getDailyNoteTemplate should return null when no template configured","invocations":1,"location":null,"numPassingAsserts":1,"retryReasons":[],"status":"passed","title":"should return null when no template configured"},{"ancestorTitles":["TemplateManager","processTemplate"],"duration":1,"failureDetails":[{"matcherResult":{"expected":"# 2025-06-28","message":"expect(received).toBe(expected) // Object.is equality\n\nExpected: \"# 2025-06-28\"\nReceived: undefined","name":"toBe","pass":false}}],"failureMessages":["Error: expect(received).toBe(expected) // Object.is equality\n\nExpected: \"# 2025-06-28\"\nReceived: undefined\n    at Object.<anonymous> (/Users/shayon/DevProjects/mcp-for-lifeos/tests/unit/template-manager.test.ts:210:22)"],"fullName":"TemplateManager processTemplate should process template with context","invocations":1,"location":null,"numPassingAsserts":0,"retryReasons":[],"status":"failed","title":"should process template with context"},{"ancestorTitles":["TemplateManager","processTemplate"],"duration":0,"failureDetails":[],"failureMessages":[],"fullName":"TemplateManager processTemplate should return null for non-existent template","invocations":1,"location":null,"numPassingAsserts":1,"retryReasons":[],"status":"passed","title":"should return null for non-existent template"},{"ancestorTitles":["TemplateManager","caching behavior"],"duration":1,"failureDetails":[],"failureMessages":[],"fullName":"TemplateManager caching behavior should reuse cache within expiry period","invocations":1,"location":null,"numPassingAsserts":1,"retryReasons":[],"status":"passed","title":"should reuse cache within expiry period"},{"ancestorTitles":["TemplateManager","caching behavior"],"duration":1,"failureDetails":[],"failureMessages":[],"fullName":"TemplateManager caching behavior should handle errors gracefully","invocations":1,"location":null,"numPassingAsserts":1,"retryReasons":[],"status":"passed","title":"should handle errors gracefully"}],"endTime":1761110356849,"message":"  ● TemplateManager › getTemplateNames › should return template names from cache when valid\n\n    expect(received).toEqual(expected) // deep equality\n\n    - Expected  - 4\n    + Received  + 1\n\n    - Array [\n    -   \"tpl-daily\",\n    -   \"tpl-meeting\",\n    - ]\n    + Array []\n\n      71 |       const names = await templateManager.getTemplateNames();\n      72 |       \n    > 73 |       expect(names).toEqual(['tpl-daily', 'tpl-meeting']);\n         |                     ^\n      74 |       expect(fs.readdir).toHaveBeenCalledTimes(1);\n      75 |     });\n      76 |\n\n      at Object.<anonymous> (tests/unit/template-manager.test.ts:73:21)\n\n  ● TemplateManager › getTemplateNames › should refresh cache when expired\n\n    expect(jest.fn()).toHaveBeenCalledTimes(expected)\n\n    Expected number of calls: 2\n    Received number of calls: 1\n\n       95 |       await templateManager.getTemplateNames();\n       96 |       \n    >  97 |       expect(fs.readdir).toHaveBeenCalledTimes(2);\n          |                          ^\n       98 |     });\n       99 |\n      100 |     it('should handle missing template folder gracefully', async () => {\n\n      at Object.<anonymous> (tests/unit/template-manager.test.ts:97:26)\n\n  ● TemplateManager › getTemplate › should handle template with .md extension\n\n    expect(received).toBeTruthy()\n\n    Received: null\n\n      154 |       const template = await templateManager.getTemplate('tpl-daily.md');\n      155 |       \n    > 156 |       expect(template).toBeTruthy();\n          |                        ^\n      157 |       expect(template?.name).toBe('tpl-daily');\n      158 |     });\n      159 |   });\n\n      at Object.<anonymous> (tests/unit/template-manager.test.ts:156:24)\n\n  ● TemplateManager › processTemplate › should process template with context\n\n    expect(received).toBe(expected) // Object.is equality\n\n    Expected: \"# 2025-06-28\"\n    Received: undefined\n\n      208 |       });\n      209 |       \n    > 210 |       expect(result).toBe('# 2025-06-28');\n          |                      ^\n      211 |     });\n      212 |\n      213 |     it('should return null for non-existent template', async () => {\n\n      at Object.<anonymous> (tests/unit/template-manager.test.ts:210:22)\n","name":"/Users/shayon/DevProjects/mcp-for-lifeos/tests/unit/template-manager.test.ts","startTime":1761110356797,"status":"failed","summary":""},{"assertionResults":[{"ancestorTitles":["Concurrent JSONL Integration Tests","Concurrent Process Writes"],"duration":819,"failureDetails":[],"failureMessages":[],"fullName":"Concurrent JSONL Integration Tests Concurrent Process Writes should handle 3 concurrent processes with zero data loss","invocations":1,"location":null,"numPassingAsserts":305,"retryReasons":[],"status":"passed","title":"should handle 3 concurrent processes with zero data loss"},{"ancestorTitles":["Concurrent JSONL Integration Tests","Concurrent Process Writes"],"duration":361,"failureDetails":[],"failureMessages":[],"fullName":"Concurrent JSONL Integration Tests Concurrent Process Writes should maintain line atomicity (no 
[...]
ages":[],"fullName":"JSONL Analytics Unit Tests Buffer Management should flush buffer on timer interval","invocations":1,"location":null,"numPassingAsserts":1,"retryReasons":[],"status":"passed","title":"should flush buffer on timer interval"}],"endTime":1761110369695,"message":"","name":"/Users/shayon/DevProjects/mcp-for-lifeos/tests/unit/jsonl-analytics.test.ts","startTime":1761110369402,"status":"passed","summary":""},{"assertionResults":[{"ancestorTitles":["VaultUtils.insertContent","Heading-based insertion"],"duration":7,"failureDetails":[],"failureMessages":[],"fullName":"VaultUtils.insertContent Heading-based insertion should insert content after a heading","invocations":1,"location":null,"numPassingAsserts":1,"retryReasons":[],"status":"passed","title":"should insert content after a heading"},{"ancestorTitles":["VaultUtils.insertContent","Heading-based insertion"],"duration":4,"failureDetails":[],"failureMessages":[],"fullName":"VaultUtils.insertContent Heading-based insertion should insert content before a heading","invocations":1,"location":null,"numPassingAsserts":1,"retryReasons":[],"status":"passed","title":"should insert content before a heading"},{"ancestorTitles":["VaultUtils.insertContent","Heading-based insertion"],"duration":4,"failureDetails":[],"failureMessages":[],"fullName":"VaultUtils.insertContent Heading-based insertion should handle headings without hash prefix in target","invocations":1,"location":null,"numPassingAsserts":1,"retryReasons":[],"status":"passed","title":"should handle headings without hash prefix in target"},{"ancestorTitles":["VaultUtils.insertContent","Heading-based insertion"],"duration":22,"failureDetails":[],"failureMessages":[],"fullName":"VaultUtils.insertContent Heading-based insertion should throw error if heading not found","invocations":1,"location":null,"numPassingAsserts":1,"retryReasons":[],"status":"passed","title":"should throw error if heading not found"},{"ancestorTitles":["VaultUtils.insertContent","Block reference insertion"],"duration":2,"failureDetails":[],"failureMessages":[],"fullName":"VaultUtils.insertContent Block reference insertion should insert content after a block reference","invocations":1,"location":null,"numPassingAsserts":1,"retryReasons":[],"status":"passed","title":"should insert content after a block reference"},{"ancestorTitles":["VaultUtils.insertContent","Block reference insertion"],"duration":1,"failureDetails":[],"failureMessages":[],"fullName":"VaultUtils.insertContent Block reference insertion should handle block ref without caret prefix","invocations":1,"location":null,"numPassingAsserts":1,"retryReasons":[],"status":"passed","title":"should handle block ref without caret prefix"},{"ancestorTitles":["VaultUtils.insertContent","Pattern-based insertion"],"duration":2,"failureDetails":[],"failureMessages":[],"fullName":"VaultUtils.insertContent Pattern-based insertion should insert content after a text pattern","invocations":1,"location":null,"numPassingAsserts":1,"retryReasons":[],"status":"passed","title":"should insert content after a text pattern"},{"ancestorTitles":["VaultUtils.insertContent","Pattern-based insertion"],"duration":2,"failureDetails":[],"failureMessages":[],"fullName":"VaultUtils.insertContent Pattern-based insertion should throw error if pattern not found","invocations":1,"location":null,"numPassingAsserts":1,"retryReasons":[],"status":"passed","title":"should throw error if pattern not found"},{"ancestorTitles":["VaultUtils.insertContent","Line number insertion"],"duration":2,"failureDetails":[],"failureMessages":[],"fullName":"VaultUtils.insertContent Line number insertion should insert content at specific line number","invocations":1,"location":null,"numPassingAsserts":1,"retryReasons":[],"status":"passed","title":"should insert content at specific line number"},{"ancestorTitles":["VaultUtils.insertContent","Line number insertion"],"duration":1,"failureDetails":[],"failureMessages":[],"fullName":"VaultUtils.insertContent Line number insertion should throw error if line number out of range","invocations":1,"location":null,"numPassingAsserts":1,"retryReasons":[],"status":"passed","title":"should throw error if line number out of range"},{"ancestorTitles":["VaultUtils.insertContent","Position options"],"duration":2,"failureDetails":[],"failureMessages":[],"fullName":"VaultUtils.insertContent Position options should append to end of target line","invocations":1,"location":null,"numPassingAsserts":1,"retryReasons":[],"status":"passed","title":"should append to end of target line"},{"ancestorTitles":["VaultUtils.insertContent","Position options"],"duration":3,"failureDetails":[],"failureMessages":[],"fullName":"VaultUtils.insertContent Position options should prepend to beginning of target line","invocations":1,"location":null,"numPassingAsserts":1,"retryReasons":[],"status":"passed","title":"should prepend to beginning of target line"},{"ancestorTitles":["VaultUtils.insertContent","Newline handling"],"duration":1,"failureDetails":[],"failureMessages":[],"fullName":"VaultUtils.insertContent Newline handling should ensure newlines by default","invocations":1,"location":null,"numPassingAsserts":1,"retryReasons":[],"status":"passed","title":"should ensure newlines by default"},{"ancestorTitles":["VaultUtils.insertContent","Newline handling"],"duration":2,"failureDetails":[],"failureMessages":[],"fullName":"VaultUtils.insertContent Newline handling should not add newlines when disabled","invocations":1,"location":null,"numPassingAsserts":1,"retryReasons":[],"status":"passed","title":"should not add newlines when disabled"}],"endTime":1761110369834,"message":"","name":"/Users/shayon/DevProjects/mcp-for-lifeos/tests/unit/insert-content.test.ts","startTime":1761110369700,"status":"passed","summary":""},{"assertionResults":[{"ancestorTitles":["Insert Content - Section Targeting","Daily Note - Day's Notes Section"],"duration":5,"failureDetails":[],"failureMessages":[],"fullName":"Insert Content - Section Targeting Daily Note - Day's Notes Section should find \"Day's Notes\" heading correctly","invocations":1,"location":null,"numPassingAsserts":6,"retryReasons":[],"status":"passed","title":"should find \"Day's Notes\" heading correctly"},{"ancestorTitles":["Insert Content - Section Targeting","Daily Note - Day's Notes Section"],"duration":4,"failureDetails":[],"failureMessages":[],"fullName":"Insert Content - Section Targeting Daily Note - Day's Notes Section should handle exact heading matching with hash prefix","invocations":1,"location":null,"numPassingAsserts":2,"retryReasons":[],"status":"passed","title":"should handle exact heading matching with hash prefix"},{"ancestorTitles":["Insert Content - Section Targeting","Daily Note - Day's Notes Section"],"duration":11,"failureDetails":[],"failureMessages":[],"fullName":"Insert Content - Section Targeting Daily Note - Day's Notes Section should add multiple tasks to the same section","invocations":1,"location":null,"numPassingAsserts":6,"retryReasons":[],"status":"passed","title":"should add multiple tasks to the same section"},{"ancestorTitles":["Insert Content - Section Targeting","Daily Note - Day's Notes Section"],"duration":12,"failureDetails":[],"failureMessages":[],"fullName":"Insert Content - Section Targeting Daily Note - Day's Notes Section should throw error for non-existent heading","invocations":1,"location":null,"numPassingAsserts":1,"retryReasons":[],"status":"passed","title":"should throw error for non-existent heading"},{"ancestorTitles":["Insert Content - Section Targeting","Daily Note - Day's Notes Section"],"duration":2,"failureDetails":[],"failureMessages":[],"fullName":"Insert Content - Section Targeting Daily Note - Day's Notes Section should handle case sensitivity correctly","invocations":1,"location":null,"numPassingAsserts":1,"retryReasons":[],"status":"passed","title":"should handle case sensitivity correctly"},{"ancestorTitles":["Insert Content - Section Targeting","Template Variations"],"duration":2,"failureDetails":[],"failureMessages":[],"fullName":"Insert Content - Section Targeting Template Variations should handle template with \"Days Notes\" (no apostrophe)","invocations":1,"location":null,"numPassingAsserts":1,"retryReasons":[],"status":"passed","title":"should handle template with \"Days Notes\" (no apostrophe)"},{"ancestorTitles":["Insert Content - Section Targeting","Template Variations"],"duration":1,"failureDetails":[],"failureMessages":[],"fullName":"Insert Content - Section Targeting Template Variations should handle template with different heading levels","invocations":1,"location":null,"numPassingAsserts":1,"retryReasons":[],"status":"passed","title":"should handle template with different heading levels"}],"endTime":1761110369916,"message":"","name":"/Users/shayon/DevProjects/mcp-for-lifeos/tests/unit/insert-content-sections.test.ts","startTime":1761110369836,"status":"passed","summary":""},{"assertionResults":[{"ancestorTitles":["DateResolver","resolveDailyNoteDate"],"duration":2,"failureDetails":[],"failureMessages":[],"fullName":"DateResolver resolveDailyNoteDate should handle \"today\" keyword","invocations":1,"location":null,"numPassingAsserts":1,"retryReasons":[],"status":"passed","title":"should handle \"today\" keyword"},{"ancestorTitles":["DateResolver","resolveDailyNoteDate"],"duration":1,"failureDetails":[],"failureMessages":[],"fullName":"DateResolver resolveDailyNoteDate should handle \"yesterday\" keyword","invocations":1,"location":null,"numPassingAsserts":1,"retryReasons":[],"status":"passed","title":"should handle \"yesterday\" keyword"},{"ancestorTitles":["DateResolver","resolveDailyNoteDate"],"duration":1,"failureDetails":[],"failureMessages":[],"fullName":"DateResolver resolveDailyNoteDate should handle \"tomorrow\" keyword","invocations":1,"location":null,"numPassingAsserts":1,"retryReasons":[],"status":"passed","title":"should handle \"tomorrow\" keyword"},{"ancestorTitles":["DateResolver","resolveDailyNoteDate"],"duration":2,"failureDetails":[],"failureMessages":[],"fullName":"DateResolver resolveDailyNoteDate should handle relative date formats","invocations":1,"location":null,"numPassingAsserts":6,"retryReasons":[],"status":"passed","title":"should handle relative date formats"},{"ancestorTitles":["DateResolver","resolveDailyNoteDate"],"duration":1,"failureDetails":[],"failureMessages":[],"fullName":"DateResolver resolveDailyNoteDate should handle weekday names","invocations":1,"location":null,"numPassingAsserts":3,"retryReasons":[],"status":"passed","title":"should handle weekday names"},{"ancestorTitles":["DateResolver","resolveDailyNoteDate"],"duration":null,"failureDetails":[],"failureMessages":[],"fullName":"DateResolver resolveDailyNoteDate should handle \"last\" weekday names","invocations":1,"location":null,"numPassingAsserts":0,"retryReasons":[],"status":"pending","title":"should handle \"last\" weekday names"},{"ancestorTitles":["DateResolver","resolveDailyNoteDate"],"duration":1,"failureDetails":[],"failureMessages":[],"fullName":"DateResolver resolveDailyNoteDate should handle YYYY-MM-DD format","invocations":1,"location":null,"numPassingAsserts":2,"retryReasons":[],"status":"passed","title":"should handle YYYY-MM-DD format"},{"ancestorTitles":["DateResolver","resolveDailyNoteDate"],"duration":1,"failureDetails":[],"failureMessages":[],"fullName":"DateResolver resolveDailyNoteDate should handle various date formats","invocations":1,"location":null,"numPassingAsserts":4,"retryReasons":[],"status":"passed","title":"should handle various date formats"},{"ancestorTitles":["DateResolver","resolveDailyNoteDate"],"duration":0,"failureDetails":[],"failureMessages":[],"fullName":"DateResolver resolveDailyNoteDate should default to today for empty input","invocations":1,"location":null,"numPassingAsserts":2,"retryReasons":[],"status":"passed","title":"should default to today for empty input"},{"ancestorTitles":["DateResolver","resolveDailyNoteDate"],"duration":1,"failureDetails":[],"failureMessages":[],"fullName":"DateResolver resolveDailyNoteDate should handle invalid dates gracefully","invocations":1,"location":null,"numPassingAsserts":2,"retryReasons":[],"status":"passed","title":"should handle invalid dates gracefully"},{"ancestorTitles":["DateResolver","resolveDailyNoteDate"],"duration":1,"failureDetails":[],"failureMessages":[],"fullName":"DateResolver resolveDailyNoteDate should handle ISO date strings","invocations":1,"location":null,"numPassingAsserts":1,"retryReasons":[],"status":"passed","title":"should handle ISO date strings"},{"ancestorTitles":["DateResolver","relative date handling through resolveDailyNoteDate"],"duration":1,"failureDetails":[],"failureMessages":[],"fullName":"DateResolver relative date handling through resolveDailyNoteDate should handle positive relative dates","invocations":1,"location":null,"numPassingAsserts":3,"retryReasons":[],"status":"passed","title":"should handle positive relative dates"},{"ancestorTitles":["DateResolver","relative date handling through resolveDailyNoteDate"],"duration":0,"failureDetails":[],"failureMessages":[],"fullName":"DateResolver relative date handling through resolveDailyNoteDate should handle negative relative dates","invocations":1,"location":null,"numPassingAsserts":3,"retryReasons":[],"status":"passed","title":"should handle negative relative dates"},{"ancestorTitles":["DateResolver","weekday handling through resolveDailyNoteDate"],"duration":4,"failureDetails":[],"failureMessages":[],"fullName":"DateResolver weekday handling through resolveDailyNoteDate should find next occurrence of weekday","invocations":1,"location":null,"numPassingAsserts":3,"retryReasons":[],"status":"passed","title":"should find next occurrence of weekday"},{"ancestorTitles":["DateResolver","weekday handling through resolveDailyNoteDate"],"duration":0,"failureDetails":[],"failureMessages":[],"fullName":"DateResolver weekday handling through resolveDailyNoteDate should handle case insensitively","invocations":1,"location":null,"numPassingAsserts":3,"retryReasons":[],"status":"passed","title":"should handle case insensitively"},{"ancestorTitles":["DateResolver","timezone handling"],"duration":1,"failureDetails":[],"failureMessages":[],"fullName":"DateResolver timezone handling should use local timezone for date resolution","invocations":1,"location":null,"numPassingAsserts":1,"retryReasons":[],"status":"passed","title":"should use local timezone for date resolution"},{"ancestorTitles":["DateResolver","edge cases"],"duration":1,"failureDetails":[],"failureMessages":[],"fullName":"DateResolver edge cases should handle month boundaries correctly","invocations":1,"location":null,"numPassingAsserts":2,"retryReasons":[],"status":"passed","title":"should handle month boundaries correctly"},{"ancestorTitles":["DateResolver","edge cases"],"duration":0,"failureDetails":[],"failureMessages":[],"fullName":"DateResolver edge cases should handle year boundaries correctly","invocations":1,"location":null,"numPassingAsserts":2,"retryReasons":[],"status":"passed","title":"should handle year boundaries correctly"},{"ancestorTitles":["DateResolver","edge cases"],"duration":1,"failureDetails":[],"failureMessages":[],"fullName":"DateResolver edge cases should handle leap years correctly","invocations":1,"location":null,"numPassingAsserts":2,"retryReasons":[],"status":"passed","title":"should handle leap years correctly"}],"endTime":1761110369975,"message":"","name":"/Users/shayon/DevProjects/mcp-for-lifeos/tests/unit/date-resolver.test.ts","startTime":1761110369918,"status":"focused","summary":""},{"assertionResults":[{"ancestorTitles":["DateResolver - Timezone Edge Cases","midnight boundary crossing"],"duration":4,"failureDetails":[],"failureMessages":[],"fullName":"DateResolver - Timezone Edge Cases midnight boundary crossing should handle \"today\" correctly near midnight UTC","invocations":1,"location":null,"numPassingAsserts":4,"retryReasons":[],"status":"passed","title":"should handle \"today\" correctly near midnight UTC"},{"ancestorTitles":["DateResolver - Timezone Edge Cases","midnight boundary crossing"],"duration":1,"failureDetails":[],"failureMessages":[],"fullName":"DateResolver - Timezone Edge Cases midnight boundary crossing should handle \"today\" correctly just after midnight UTC","invocations":1,"location":null,"numPassingAsserts":4,"retryReasons":[],"status":"passed","title":"should handle \"today\" correctly just after midnight UTC"},{"ancestorTitles":["DateResolver - Timezone Edge Cases","DST transitions"],"duration":0,"failureDetails":[],"failureMessages":[],"fullName":"DateResolver - Timezone Edge Cases DST transitions should handle spring forward DST transition","invocations":1,"location":null,"numPassingAsserts":2,"retryReasons":[],"status":"passed","title":"should handle spring forward DST transition"},{"ancestorTitles":["DateResolver - Timezone Edge Cases","DST transitions"],"duration":1,"failureDetails":[],"failureMessages":[],"fullName":"DateResolver - Timezone Edge Cases DST transitions should handle fall back DST transition","invocations":1,"location":null,"numPassingAsserts":2,"retryReasons":[],"status":"passed","title":"should handle fall back DST transition"},{"ancestorTitles":["DateResolver - Timezone Edge Cases","extreme timezone differences"],"duration":0,"failureDetails":[],"failureMessages":[],"fullName":"DateResolver - Timezone Edge Cases extreme timezone differences should handle Pacific/Kiritimati (UTC+14)","invocations":1,"location":null,"numPassingAsserts":1,"retryReasons":[],"status":"passed","title":"should handle Pacific/Kiritimati (UTC+14)"},{"ancestorTitles":["DateResolver - Timezone Edge Cases","extreme timezone differences"],"duration":1,"failureDetails":[],"failureMessages":[],"fullName":"DateResolver - Timezone Edge Cases extreme timezone differences should handle Pacific/Midway (UTC-11)","invocations":1,"location":null,"numPassingAsserts":1,"retryReasons":[],"status":"passed","title":"should handle Pacific/Midway (UTC-11)"},{"ancestorTitles":["DateResolver - Timezone Edge Cases","user scenario simulations"],"duration":0,"failureDetails":[],"failureMessages":[],"fullName":"DateResolver - Timezone Edge Cases user scenario simulations should handle late night work session in EST","invocations":1,"location":null,"numPassingAsserts":2,"retryReasons":[],"status":"passed","title":"should handle late night work session in EST"},{"ancestorTitles":["DateResolver - Timezone Edge Cases","user scenario simulations"],"duration":1,"failureDetails":[],"failureMessages":[],"fullName":"DateResolver - Timezone Edge Cases user scenario simulations should handle morning work session in various timezones","invocations":1,"location":null,"numPassingAsserts":3,"retryReasons":[],"status":"passed","title":"should handle morning work session in various timezones"},{"ancestorTitles":["DateResolver - Timezone Edge Cases","relative dates across timezone boundaries"],"duration":0,"failureDetails":[],"failureMessages":[],"fullName":"DateResolver - Timezone Edge Cases relative dates across timezone boundaries should calculate \"yesterday\" correctly across timezones","invocations":1,"location":null,"numPassingAsserts":3,"retryReasons":[],"status":"passed","title":"should calculate \"yesterday\" correctly across timezones"},{"ancestorTitles":["DateResolver - Timezone Edge Cases","relative dates across timezone boundaries"],"duration":1,"failureDetails":[],"failureMessages":[],"fullName":"DateResolver - Timezone Edge Cases relative dates across timezone boundaries should calculate relative offsets correctly","invocations":1,"location":null,"numPassingAsserts":3,"retryReasons":[],"status":"passed","title":"should calculate relative offsets correctly"}],"endTime":1761110370019,"message":"","name":"/Users/shayon/DevProjects/mcp-for-lifeos/tests/unit/date-resolver-timezone.test.ts","startTime":1761110369978,"status":"passed","summary":""}],"wasInterrupted":false}
