{"numFailedTestSuites":0,"numFailedTests":0,"numPassedTestSuites":26,"numPassedTests":450,"numPendingTestSuites":0,"numPendingTests":4,"numRuntimeErrorTestSuites":0,"numTodoTests":0,"numTotalTestSuites":26,"numTotalTests":454,"openHandles":[],"snapshot":{"added":0,"didUpdate":false,"failure":false,"filesAdded":0,"filesRemoved":0,"filesRemovedList":[],"filesUnmatched":0,"filesUpdated":0,"matched":0,"total":0,"unchecked":0,"uncheckedKeysByFile":[],"unmatched":0,"updated":0},"startTime":1761861653849,"success":true,"testResults":[{"assertionResults":[{"ancestorTitles":["JSONL Analytics Stress Tests","Memory Usage Tests"],"duration":43,"failureDetails":[],"failureMessages":[],"fullName":"JSONL Analytics Stress Tests Memory Usage Tests should maintain stable memory usage during continuous writes","invocations":1,"location":null,"numPassingAsserts":2,"retryReasons":[],"status":"passed","title":"should maintain stable memory usage during continuous writes"},{"ancestorTitles":["JSONL Analytics Stress Tests","Memory Usage Tests"],"duration":424,"failureDetails":[],"failureMessages":[],"fullName":"JSONL Analytics Stress Tests Memory Usage Tests should not leak memory when reading large JSONL files","invocations":1,"location":null,"numPassingAsserts":2,"retryReasons":[],"status":"passed","title":"should not leak memory when reading large JSONL files"},{"ancestorTitles":["JSONL Analytics Stress Tests","Data Integrity Under Load"],"duration":1425,"failureDetails":[],"failureMessages":[],"fullName":"JSONL Analytics Stress Tests Data Integrity Under Load should maintain data integrity with 10 concurrent processes","invocations":1,"location":null,"numPassingAsserts":1012,"retryReasons":[],"status":"passed","title":"should maintain data integrity with 10 concurrent processes"},{"ancestorTitles":["JSONL Analytics Stress Tests","Data Integrity Under Load"],"duration":758,"failureDetails":[],"failureMessages":[],"fullName":"JSONL Analytics Stress Tests Data Integrity Under Load should handle rapid write bursts without data corruption","invocations":1,"location":null,"numPassingAsserts":5006,"retryReasons":[],"status":"passed","title":"should handle rapid write bursts without data corruption"},{"ancestorTitles":["JSONL Analytics Stress Tests","Performance Benchmarks"],"duration":5019,"failureDetails":[],"failureMessages":[],"fullName":"JSONL Analytics Stress Tests Performance Benchmarks should achieve > 1000 writes per second","invocations":1,"location":null,"numPassingAsserts":2,"retryReasons":[],"status":"passed","title":"should achieve > 1000 writes per second"},{"ancestorTitles":["JSONL Analytics Stress Tests","Performance Benchmarks"],"duration":18,"failureDetails":[],"failureMessages":[],"fullName":"JSONL Analytics Stress Tests Performance Benchmarks should handle mixed read/write operations efficiently","invocations":1,"location":null,"numPassingAsserts":2,"retryReasons":[],"status":"passed","title":"should handle mixed read/write operations efficiently"},{"ancestorTitles":["JSONL Analytics Stress Tests","Error Recovery"],"duration":1,"failureDetails":[],"failureMessages":[],"fullName":"JSONL Analytics Stress Tests Error Recovery should recover from corrupted JSONL files","invocations":1,"location":null,"numPassingAsserts":4,"retryReasons":[],"status":"passed","title":"should recover from corrupted JSONL files"},{"ancestorTitles":["JSONL Analytics Stress Tests","Error Recovery"],"duration":1,"failureDetails":[],"failureMessages":[],"fullName":"JSONL Analytics Stress Tests Error Recovery should handle file system errors gracefully","invocations":1,"location":null,"numPassingAsserts":2,"retryReasons":[],"status":"passed","title":"should handle file system errors gracefully"}],"endTime":1761861661737,"message":"","name":"/Users/shayon/DevProjects/mcp-for-lifeos/tests/integration/jsonl-stress.test.ts","startTime":1761861653967,"status":"passed","summary":""},{"assertionResults":[{"ancestorTitles":["MCP Server Concurrent Operations","Multiple Server Instances"],"duration":null,"failureDetails":[],"failureMessages":[],"fullName":"MCP Server Concurrent Operations Multiple Server Instances should handle multiple MCP server instances writing analytics concurrently","invocations":1,"location":null,"numPassingAsserts":0,"retryReasons":[],"status":"pending","title":"should handle multiple MCP server instances writing analytics concurrently"},{"ancestorTitles":["MCP Server Concurrent Operations","Multiple Server Instances"],"duration":2545,"failureDetails":[],"failureMessages":[],"fullName":"MCP Server Concurrent Operations Multiple Server Instances should maintain data integrity when servers start and stop frequently","invocations":1,"location":null,"numPassingAsserts":0,"retryReasons":[],"status":"passed","title":"should maintain data integrity when servers start and stop frequently"},{"ancestorTitles":["MCP Server Concurrent Operations","Analytics Collection Behavior"],"duration":null,"failureDetails":[],"failureMessages":[],"fullName":"MCP Server Concurrent Operations Analytics Collection Behavior should append to existing JSONL file","invocations":1,"location":null,"numPassingAsserts":0,"retryReasons":[],"status":"pending","title":"should append to existing JSONL file"},{"ancestorTitles":["MCP Server Concurrent Operations","Analytics Collection Behavior"],"duration":2123,"failureDetails":[],"failureMessages":[],"fullName":"MCP Server Concurrent Operations Analytics Collection Behavior should handle rapid sequential writes without data loss","invocations":1,"location":null,"numPassingAsserts":0,"retryReasons":[],"status":"passed","title":"should handle rapid sequential writes without data loss"}],"endTime":1761861666434,"message":"","name":"/Users/shayon/DevProjects/mcp-for-lifeos/tests/integration/mcp-server-concurrent.test.ts","startTime":1761861661743,"status":"focused","summary":""},{"assertionResults":[{"ancestorTitles":["Concurrent JSONL Integration Tests","Concurrent Process Writes"],"duration":1045,"failureDetails":[],"failureMessages":[],"fullName":"Concurrent JSONL Integration Tests Concurrent Process Writes should handle 3 concurrent processes with zero data loss","invocations":1,"location":null,"numPassingAsserts":305,"retryReasons":[],"status":"passed","title":"should handle 3 concurrent processes with zero data loss"},{"ancestorTitles":["Concurrent JSONL Integration Tests","Concurrent Process Writes"],"duration":364,"failureDetails":[],"failureMessages":[],"fullName":"Concurrent JSONL Integration Tests Concurrent Process Writes should maintain line atomicity (no interleaved writes)","invocations":1,"location":null,"numPassingAsserts":901,"retryReasons":[],"status":"passed","title":"should maintain line atomicity (no interleaved writes)"},{"ancestorTitles":["Concurrent JSONL Integration Tests","Concurrent Process Writes"],"duration":322,"failureDetails":[],"failureMessages":[],"fullName":"Concurrent JSONL Integration Tests Concurrent Process Writes should handle process crashes gracefully","invocations":1,"location":null,"numPassingAsserts":4,"retryReasons":[],"status":"passed","title":"should handle process crashes gracefully"},{"ancestorTitles":["Concurrent JSONL Integration Tests","Format Migration"],"duration":2,"failureDetails":[],"failureMessages":[],"fullName":"Concurrent JSONL Integration Tests Format Migration should read existing JSON format while writing JSONL","invocations":1,"location":null,"numPassingAsserts":3,"retryReasons":[],"status":"passed","title":"should read existing JSON format while writing JSONL"},{"ancestorTitles":["Concurrent JSONL Integration Tests","Format Migration"],"duration":1,"failureDetails":[],"failureMessages":[],"fullName":"Concurrent JSONL Integration Tests Format Migration should auto-detect format based on file extension","invocations":1,"location":null,"numPassingAsserts":2,"retryReasons":[],"status":"passed","title":"should auto-detect format based on file extension"},{"ancestorTitles":["Concurrent JSONL Integration Tests","Performance Validation"],"duration":5,"failureDetails":[],"failureMessages":[],"fullName":"Concurrent JSONL Integration Tests Performance Validation should complete append operations within 5ms","invocations":1,"location":null,"numPassingAsserts":2,"retryReasons":[],"status":"passed","title":"should complete append operations within 5ms"},{"ancestorTitles":["Concurrent JSONL Integration Tests","Performance Validation"],"duration":1021,"failureDetails":[],"failureMessages":[],"fullName":"Concurrent JSONL Integration Tests Performance Validation should handle high-frequency writes efficiently","invocations":1,"location":null,"numPassingAsserts":2,"retryReasons":[],"status":"passed","title":"should handle high-frequency writes efficiently"},{"ancestorTitles":["Concurrent JSONL Integration Tests","Edge Cases"],"duration":7,"failureDetails":[],"failureMessages":[],"fullName":"Concurrent JSONL Integration Tests Edge Cases should handle disk full scenarios gracefully","invocations":1,"location":null,"numPassingAsserts":2,"retryReasons":[],"status":"passed","title":"should handle disk full scenarios gracefully"},{"ancestorTitles":["Concurrent JSONL Integration Tests","Edge Cases"],"duration":1,"failureDetails":[],"failureMessages":[],"fullName":"Concurrent JSONL Integration Tests Edge Cases should handle permission denied errors","invocations":1,"location":null,"numPassingAsserts":2,"retryReasons":[],"status":"passed","title":"should handle permission denied errors"},{"ancestorTitles":["Concurrent JSONL Integration Tests","Edge Cases"],"duration":22,"failureDetails":[],"failureMessages":[],"fullName":"Concurrent JSONL Integration Tests Edge Cases should handle very large individual metrics","invocations":1,"location":null,"numPassingAsserts":2,"retryReasons":[],"status":"passed","title":"should handle very large individual metrics"}],"endTime":1761861669257,"message":"","name":"/Users/shayon/DevProjects/mcp-for-lifeos/tests/integration/concurrent-jsonl.test.ts","startTime":1761861666440,"status":"passed","summary":""},{"assertionResults":[{"ancestorTitles":["JSONL Analytics Unit Tests","Atomic Append Operations"],"duration":1,"failureDetails":[],"failureMessages":[],"fullName":"JSONL Analytics Unit Tests Atomic Append Operations should use fs.appendFileSync for atomic writes","invocations":1,"location":null,"numPassingAsserts":1,"retryReasons":[],"status":"passed","title":"should use fs.appendFileSync for atomic writes"},{"ancestorTitles":["JSONL Analytics Unit Tests","Atomic Append Operations"],"duration":0,"failureDetails":[],"failureMessages":[],"fullName":"JSONL Analytics Unit Tests Atomic Append Operations should ensure line size stays under PIPE_BUF (4096 bytes)","invocations":1,"location":null,"numPassingAsserts":1,"retryReasons":[],"status":"passed","title":"should ensure line size stays under PIPE_BUF (4096 bytes)"},{"ancestorTitles":["JSONL Analytics Unit Tests","Atomic Append Operations"],"duration":1,"failureDetails":[],"failureMessages":[],"fullName":"JSONL Analytics Unit Tests Atomic Append Operations should handle write errors gracefully","invocations":1,"location":null,"numPassingAsserts":1,"retryReasons":[],"status":"passed","title":"should handle write errors gracefully"},{"ancestorTitles":["JSONL Analytics Unit Tests","JSONL Line Formatting"],"duration":0,"failureDetails":[],"failureMessages":[],"fullName":"JSONL Analytics Unit Tests JSONL Line Formatting should format each metric as a single JSON line","invocations":1,"location":null,"numPassingAsserts":4,"retryReasons":[],"status":"passed","title":"should format each metric as a single JSON line"},{"ancestorTitles":["JSONL Analytics Unit Tests","JSONL Line Formatting"],"duration":1,"failureDetails":[],"failureMessages":[],"fullName":"JSONL Analytics Unit Tests JSONL Line Formatting should not include multi-line JSON formatting","invocations":1,"location":null,"numPassingAsserts":2,"retryReasons":[],"status":"passed","title":"should not include multi-line JSON formatting"},{"ancestorTitles":["JSONL Analytics Unit Tests","JSONL Line Formatting"],"duration":0,"failureDetails":[],"failureMessages":[],"fullName":"JSONL Analytics Unit Tests JSONL Line Formatting should escape special characters properly","invocations":1,"location":null,"numPassingAsserts":2,"retryReasons":[],"status":"passed","title":"should escape special characters properly"},{"ancestorTitles":["JSONL Analytics Unit Tests","Instance ID Generation"],"duration":4,"failureDetails":[],"failureMessages":[],"fullName":"JSONL Analytics Unit Tests Instance ID Generation should generate unique UUID v4 instance IDs","invocations":1,"location":null,"numPassingAsserts":101,"retryReasons":[],"status":"passed","title":"should generate unique UUID v4 instance IDs"},{"ancestorTitles":["JSONL Analytics Unit Tests","Instance ID Generation"],"duration":0,"failureDetails":[],"failureMessages":[],"fullName":"JSONL Analytics Unit Tests Instance ID Generation should include process ID and hostname","invocations":1,"location":null,"numPassingAsserts":4,"retryReasons":[],"status":"passed","title":"should include process ID and hostname"},{"ancestorTitles":["JSONL Analytics Unit Tests","Instance ID Generation"],"duration":0,"failureDetails":[],"failureMessages":[],"fullName":"JSONL Analytics Unit Tests Instance ID Generation should maintain instance ID throughout session","invocations":1,"location":null,"numPassingAsserts":2,"retryReasons":[],"status":"passed","title":"should maintain instance ID throughout session"},{"ancestorTitles":["JSONL Analytics Unit Tests","Malformed Line Parsing"],"duration":0,"failureDetails":[],"failureMessages":[],"fullName":"JSONL Analytics Unit Tests Malformed Line Parsing should skip malformed JSON lines","invocations":1,"location":null,"numPassingAsserts":4,"retryReasons":[],"status":"passed","title":"should skip malformed JSON lines"},{"ancestorTitles":["JSONL Analytics Unit Tests","Malformed Line Parsing"],"duration":1,"failureDetails":[],"failureMessages":[],"fullName":"JSONL Analytics Unit Tests Malformed Line Parsing should handle partial lines from process crashes","invocations":1,"location":null,"numPassingAsserts":3,"retryReasons":[],"status":"passed","title":"should handle partial lines from process crashes"},{"ancestorTitles":["JSONL Analytics Unit Tests","Malformed Line Parsing"],"duration":0,"failureDetails":[],"failureMessages":[],"fullName":"JSONL Analytics Unit Tests Malformed Line Parsing should handle empty lines and whitespace","invocations":1,"location":null,"numPassingAsserts":1,"retryReasons":[],"status":"passed","title":"should handle empty lines and whitespace"},{"ancestorTitles":["JSONL Analytics Unit Tests","Format Detection (JSON vs JSONL)"],"duration":0,"failureDetails":[],"failureMessages":[],"fullName":"JSONL Analytics Unit Tests Format Detection (JSON vs JSONL) should detect format by file extension","invocations":1,"location":null,"numPassingAsserts":4,"retryReasons":[],"status":"passed","title":"should detect format by file extension"},{"ancestorTitles":["JSONL Analytics Unit Tests","Format Detection (JSON vs JSONL)"],"duration":1,"failureDetails":[],"failureMessages":[],"fullName":"JSONL Analytics Unit Tests Format Detection (JSON vs JSONL) should detect format by content structure","invocations":1,"location":null,"numPassingAsserts":2,"retryReasons":[],"status":"passed","title":"should detect format by content structure"},{"ancestorTitles":["JSONL Analytics Unit Tests","Format Detection (JSON vs JSONL)"],"duration":0,"failureDetails":[],"failureMessages":[],"fullName":"JSONL Analytics Unit Tests Format Detection (JSON vs JSONL) should support reading both formats during migration","invocations":1,"location":null,"numPassingAsserts":2,"retryReasons":[],"status":"passed","title":"should support reading both formats during migration"},{"ancestorTitles":["JSONL Analytics Unit Tests","Buffer Management"],"duration":1,"failureDetails":[],"failureMessages":[],"fullName":"JSONL Analytics Unit Tests Buffer Management should flush buffer when size limit reached","invocations":1,"location":null,"numPassingAsserts":1,"retryReasons":[],"status":"passed","title":"should flush buffer when size limit reached"},{"ancestorTitles":["JSONL Analytics Unit Tests","Buffer Management"],"duration":255,"failureDetails":[],"failureMessages":[],"fullName":"JSONL Analytics Unit Tests Buffer Management should flush buffer on timer interval","invocations":1,"location":null,"numPassingAsserts":1,"retryReasons":[],"status":"passed","title":"should flush buffer on timer interval"}],"endTime":1761861669548,"message":"","name":"/Users/shayon/DevProjects/mcp-for-lifeos/tests/unit/jsonl-analytics.test.ts","startTime":1761861669259,"status":"passed","summary":""},{"assertionResults":[{"ancestorTitles":["Request Handler - isToolAllowed","Always-available tools"],"duration":1,"failureDetails":[],"failureMessages":[],"fullName":"Request Handler - isToolAllowed Always-available tools allows always-available tools in legacy-only mode","invocations":1,"location":null,"numPassingAsserts":18,"retryReasons":[],"status":"passed","title":"allows always-available tools in legacy-only mode"},{"ancestorTitles":["Request Handler - isToolAllowed","Always-available tools"],"duration":1,"failureDetails":[],"failureMessages":[],"fullName":"Request Handler - isToolAllowed Always-available tools allows always-available tools in consolidated-only mode","invocations":1,"location":null,"numPassingAsserts":18,"retryReasons":[],"status":"passed","title":"allows always-available tools in consolidated-only mode"},{"ancestorTitles":["Request Handler - isToolAllowed","Always-available tools"],"duration":2,"failureDetails":[],"failureMessages":[],"fullName":"Request Handler - isToolAllowed Always-available tools allows always-available tools in consolidated-with-aliases mode","invocations":1,"location":null,"numPassingAsserts":18,"retryReasons":[],"status":"passed","title":"allows always-available tools in consolidated-with-aliases mode"},{"ancestorTitles":["Request Handler - isToolAllowed","Consolidated tools"],"duration":0,"failureDetails":[],"failureMessages":[],"fullName":"Request Handler - isToolAllowed Consolidated tools allows consolidated tools in consolidated-only mode","invocations":1,"location":null,"numPassingAsserts":6,"retryReasons":[],"status":"passed","title":"allows consolidated tools in consolidated-only mode"},{"ancestorTitles":["Request Handler - isToolAllowed","Consolidated tools"],"duration":1,"failureDetails":[],"failureMessages":[],"fullName":"Request Handler - isToolAllowed Consolidated tools allows consolidated tools in consolidated-with-aliases mode","invocations":1,"location":null,"numPassingAsserts":6,"retryReasons":[],"status":"passed","title":"allows consolidated tools in consolidated-with-aliases mode"},{"ancestorTitles":["Request Handler - isToolAllowed","Consolidated tools"],"duration":0,"failureDetails":[],"failureMessages":[],"fullName":"Request Handler - isToolAllowed Consolidated tools blocks consolidated tools in legacy-only mode","invocations":1,"location":null,"numPassingAsserts":6,"retryReasons":[],"status":"passed","title":"blocks consolidated tools in legacy-only mode"},{"ancestorTitles":["Request Handler - isToolAllowed","Legacy tools"],"duration":0,"failureDetails":[],"failureMessages":[],"fullName":"Request Handler - isToolAllowed Legacy tools allows legacy tools in legacy-only mode","invocations":1,"location":null,"numPassingAsserts":22,"retryReasons":[],"status":"passed","title":"allows legacy tools in legacy-only mode"},{"ancestorTitles":["Request Handler - isToolAllowed","Legacy tools"],"duration":0,"failureDetails":[],"failureMessages":[],"fullName":"Request Handler - isToolAllowed Legacy tools allows legacy tools in consolidated-with-aliases mode","invocations":1,"location":null,"numPassingAsserts":22,"retryReasons":[],"status":"passed","title":"allows legacy tools in consolidated-with-aliases mode"},{"ancestorTitles":["Request Handler - isToolAllowed","Legacy tools"],"duration":1,"failureDetails":[],"failureMessages":[],"fullName":"Request Handler - isToolAllowed Legacy tools blocks legacy tools in consolidated-only mode","invocations":1,"location":null,"numPassingAsserts":22,"retryReasons":[],"status":"passed","title":"blocks legacy tools in consolidated-only mode"},{"ancestorTitles":["Request Handler - isToolAllowed","Unknown tools"],"duration":0,"failureDetails":[],"failureMessages":[],"fullName":"Request Handler - isToolAllowed Unknown tools blocks unknown tools in legacy-only mode","invocations":1,"location":null,"numPassingAsserts":6,"retryReasons":[],"status":"passed","title":"blocks unknown tools in legacy-only mode"},{"ancestorTitles":["Request Handler - isToolAllowed","Unknown tools"],"duration":1,"failureDetails":[],"failureMessages":[],"fullName":"Request Handler - isToolAllowed Unknown tools blocks unknown tools in consolidated-only mode","invocations":1,"location":null,"numPassingAsserts":6,"retryReasons":[],"status":"passed","title":"blocks unknown tools in consolidated-only mode"},{"ancestorTitles":["Request Handler - isToolAllowed","Unknown tools"],"duration":0,"failureDetails":[],"failureMessages":[],"fullName":"Request Handler - isToolAllowed Unknown tools blocks unknown tools in consolidated-with-aliases mode","invocations":1,"location":null,"numPassingAsserts":6,"retryReasons":[],"status":"passed","title":"blocks unknown tools in consolidated-with-aliases mode"},{"ancestorTitles":["Request Handler - isToolAllowed","Edge cases"],"duration":0,"failureDetails":[],"failureMessages":[],"fullName":"Request Handler - isToolAllowed Edge cases handles empty tool name","invocations":1,"location":null,"numPassingAsserts":1,"retryReasons":[],"status":"passed","title":"handles empty tool name"},{"ancestorTitles":["Request Handler - isToolAllowed","Edge cases"],"duration":0,"failureDetails":[],"failureMessages":[],"fullName":"Request Handler - isToolAllowed Edge cases handles case-sensitive tool names","invocations":1,"location":null,"numPassingAsserts":1,"retryReasons":[],"status":"passed","title":"handles case-sensitive tool names"},{"ancestorTitles":["Request Handler - isToolAllowed","Edge cases"],"duration":1,"failureDetails":[],"failureMessages":[],"fullName":"Request Handler - isToolAllowed Edge cases returns structured error message for invalid mode","invocations":1,"location":null,"numPassingAsserts":2,"retryReasons":[],"status":"passed","title":"returns structured error message for invalid mode"},{"ancestorTitles":["Request Handler - validateMaxResults","Default behavior"],"duration":0,"failureDetails":[],"failureMessages":[],"fullName":"Request Handler - validateMaxResults Default behavior returns default value (25) when undefined","invocations":1,"location":null,"numPassingAsserts":3,"retryReasons":[],"status":"passed","title":"returns default value (25) when undefined"},{"ancestorTitles":["Request Handler - validateMaxResults","Valid range (1-100)"],"duration":1,"failureDetails":[],"failureMessages":[],"fullName":"Request Handler - validateMaxResults Valid range (1-100) accepts value within range without adjustment","invocations":1,"location":null,"numPassingAsserts":18,"retryReasons":[],"status":"passed","title":"accepts value within range without adjustment"},{"ancestorTitles":["Request Handler - validateMaxResults","Constraint to minimum (1)"],"duration":0,"failureDetails":[],"failureMessages":[],"fullName":"Request Handler - validateMaxResults Constraint to minimum (1) constrains negative values to minimum","invocations":1,"location":null,"numPassingAsserts":3,"retryReasons":[],"status":"passed","title":"constrains negative values to minimum"},{"ancestorTitles":["Request Handler - validateMaxResults","Constraint to minimum (1)"],"duration":0,"failureDetails":[],"failureMessages":[],"fullName":"Request Handler - validateMaxResults Constraint to minimum (1) constrains zero to minimum","invocations":1,"location":null,"numPassingAsserts":3,"retryReasons":[],"status":"passed","title":"constrains zero to minimum"},{"ancestorTitles":["Request Handler - validateMaxResults","Constraint to maximum (100)"],"duration":1,"failureDetails":[],"failureMessages":[],"fullName":"Request Handler - validateMaxResults Constraint to maximum (100) constrains values above 100","invocations":1,"location":null,"numPassingAsserts":3,"retryReasons":[],"status":"passed","title":"constrains values above 100"},{"ancestorTitles":["Request Handler - validateMaxResults","Constraint to maximum (100)"],"duration":0,"failureDetails":[],"failureMessages":[],"fullName":"Request Handler - validateMaxResults Constraint to maximum (100) constrains very large values","invocations":1,"location":null,"numPassingAsserts":3,"retryReasons":[],"status":"passed","title":"constrains very large values"},{"ancestorTitles":["Request Handler - validateMaxResults","Tool name parameter (MCP-95)"],"duration":0,"failureDetails":[],"failureMessages":[],"fullName":"Request Handler - validateMaxResults Tool name parameter (MCP-95) accepts any tool name without tool-specific constraints","invocations":1,"location":null,"numPassingAsserts":6,"retryReasons":[],"status":"passed","title":"accepts any tool name without tool-specific constraints"},{"ancestorTitles":["Request Handler - createRequestHandler","Factory creation"],"duration":1,"failureDetails":[],"failureMessages":[],"fullName":"Request Handler - createRequestHandler Factory creation creates handler function","invocations":1,"location":null,"numPassingAsserts":1,"retryReasons":[],"status":"passed","title":"creates handler function"},{"ancestorTitles":["Request Handler - createRequestHandler","Factory creation"],"duration":1,"failureDetails":[],"failureMessages":[],"fullName":"Request Handler - createRequestHandler Factory creation creates handler without executing side effects","invocations":1,"location":null,"numPassingAsserts":1,"retryReasons":[],"status":"passed","title":"creates handler without executing side effects"},{"ancestorTitles":["Request Handler - createRequestHandler","Registry population (MCP-96)"],"duration":7,"failureDetails":[],"failureMessages":[],"fullName":"Request Handler - createRequestHandler Registry population (MCP-96) throws \"Missing arguments\" for request without arguments","invocations":1,"location":null,"numPassingAsserts":1,"retryReasons":[],"status":"passed","title":"throws \"Missing arguments\" for request without arguments"},{"ancestorTitles":["Request Handler - createRequestHandler","Registry population (MCP-96)"],"duration":1,"failureDetails":[],"failureMessages":[],"fullName":"Request Handler - createRequestHandler Registry population (MCP-96) executes consolidated tools via registry","invocations":1,"location":null,"numPassingAsserts":4,"retryReasons":[],"status":"passed","title":"executes consolidated tools via registry"},{"ancestorTitles":["Request Handler - createRequestHandler","Registry population (MCP-96)"],"duration":1,"failureDetails":[],"failureMessages":[],"fullName":"Request Handler - createRequestHandler Registry population (MCP-96) creates notes via consolidated registry handler","invocations":1,"location":null,"numPassingAsserts":3,"retryReasons":[],"status":"passed","title":"creates notes via consolidated registry handler"},{"ancestorTitles":["Request Handler - createRequestHandler","Registry population (MCP-96)"],"duration":0,"failureDetails":[],"failureMessages":[],"fullName":"Request Handler - createRequestHandler Registry population (MCP-96) lists data via consolidated registry handler","invocations":1,"location":null,"numPassingAsserts":2,"retryReasons":[],"status":"passed","title":"lists data via consolidated registry handler"},{"ancestorTitles":["Request Handler - createRequestHandler","Registry population (MCP-96)"],"duration":1,"failureDetails":[],"failureMessages":[],"fullName":"Request Handler - createRequestHandler Registry population (MCP-96) throws \"Unknown tool\" when registry lacks tool","invocations":1,"location":null,"numPassingAsserts":1,"retryReasons":[],"status":"passed","title":"throws \"Unknown tool\" when registry lacks tool"},{"ancestorTitles":["Request Handler - createRequestHandler","Registry population (MCP-96)"],"duration":1,"failureDetails":[],"failureMessages":[],"fullName":"Request Handler - createRequestHandler Registry population (MCP-96) validates tool mode before registry lookup","invocations":1,"location":null,"numPassingAsserts":1,"retryReasons":[],"status":"passed","title":"validates tool mode before registry lookup"},{"ancestorTitles":["Request Handler - createRequestHandler","Tool mode validation"],"duration":0,"failureDetails":[],"failureMessages":[],"fullName":"Request Handler - createRequestHandler Tool mode validation validates tool availability in legacy-only mode","invocations":1,"location":null,"numPassingAsserts":1,"retryReasons":[],"status":"passed","title":"validates tool availability in legacy-only mode"},{"ancestorTitles":["Request Handler - createRequestHandler","Tool mode validation"],"duration":2,"failureDetails":[],"failureMessages":[],"fullName":"Request Handler - createRequestHandler Tool mode validation validates tool availability in consolidated-only mode","invocations":1,"location":null,"numPassingAsserts":1,"retryReasons":[],"status":"passed","title":"validates tool availability in consolidated-only mode"},{"ancestorTitles":["Request Handler - createRequestHandler","Handler context"],"duration":1,"failureDetails":[],"failureMessages":[],"fullName":"Request Handler - createRequestHandler Handler context builds context with provided configuration","invocations":1,"location":null,"numPassingAsserts":1,"retryReasons":[],"status":"passed","title":"builds context with provided configuration"}],"endTime":1761861669775,"message":"","name":"/Users/shayon/DevProjects/mcp-for-lifeos/tests/unit/server/request-handler.test.ts","startTime":1761861669555,"status":"passed","summary":""},{"assertionResults":[{"ancestorTitles":["MCP Server Factory","isValidToolMode"],"duration":0,"failureDetails":[],"failureMessages":[],"fullName":"MCP Server Factory isValidToolMode should return true for valid tool modes","invocations":1,"location":null,"numPassingAsserts":3,"retryReasons":[],"status":"passed","title":"should return true for valid tool modes"},{"ancestorTitles":["MCP Server Factory","isValidToolMode"],"duration":0,"failureDetails":[],"failureMessages":[],"fullName":"MCP Server Factory isValidToolMode should return false for invalid tool modes","invocations":1,"location":null,"numPassingAsserts":4,"retryReasons":[],"status":"passed","title":"should return false for invalid tool modes"},{"ancestorTitles":["MCP Server Factory","parseToolMode"],"duration":0,"failureDetails":[],"failureMessages":[],"fullName":"MCP Server Factory parseToolMode should use TOOL_MODE when set to valid value","invocations":1,"location":null,"numPassingAsserts":3,"retryReasons":[],"status":"passed","title":"should use TOOL_MODE when set to valid value"},{"ancestorTitles":["MCP Server Factory","parseToolMode"],"duration":1,"failureDetails":[],"failureMessages":[],"fullName":"MCP Server Factory parseToolMode should fallback to default when TOOL_MODE is invalid","invocations":1,"location":null,"numPassingAsserts":3,"retryReasons":[],"status":"passed","title":"should fallback to default when TOOL_MODE is invalid"},{"ancestorTitles":["MCP Server Factory","parseToolMode"],"duration":0,"failureDetails":[],"failureMessages":[],"fullName":"MCP Server Factory parseToolMode should use CONSOLIDATED_TOOLS_ENABLED for backward compatibility","invocations":1,"location":null,"numPassingAsserts":4,"retryReasons":[],"status":"passed","title":"should use CONSOLIDATED_TOOLS_ENABLED for backward compatibility"},{"ancestorTitles":["MCP Server Factory","parseToolMode"],"duration":0,"failureDetails":[],"failureMessages":[],"fullName":"MCP Server Factory parseToolMode should prefer TOOL_MODE over CONSOLIDATED_TOOLS_ENABLED","invocations":1,"location":null,"numPassingAsserts":2,"retryReasons":[],"status":"passed","title":"should prefer TOOL_MODE over CONSOLIDATED_TOOLS_ENABLED"},{"ancestorTitles":["MCP Server Factory","parseToolMode"],"duration":1,"failureDetails":[],"failureMessages":[],"fullName":"MCP Server Factory parseToolMode should default to consolidated-only when no env vars set","invocations":1,"location":null,"numPassingAsserts":2,"retryReasons":[],"status":"passed","title":"should default to consolidated-only when no env vars set"},{"ancestorTitles":["MCP Server Factory","generateSessionId"],"duration":0,"failureDetails":[],"failureMessages":[],"fullName":"MCP Server Factory generateSessionId should generate valid UUID","invocations":1,"location":null,"numPassingAsserts":1,"retryReasons":[],"status":"passed","title":"should generate valid UUID"},{"ancestorTitles":["MCP Server Factory","generateSessionId"],"duration":0,"failureDetails":[],"failureMessages":[],"fullName":"MCP Server Factory generateSessionId should generate unique IDs","invocations":1,"location":null,"numPassingAsserts":1,"retryReasons":[],"status":"passed","title":"should generate unique IDs"},{"ancestorTitles":["MCP Server Factory","extractClientInfo"],"duration":1,"failureDetails":[],"failureMessages":[],"fullName":"MCP Server Factory extractClientInfo should extract client name and version from server","invocations":1,"location":null,"numPassingAsserts":1,"retryReasons":[],"status":"passed","title":"should extract client name and version from server"},{"ancestorTitles":["MCP Server Factory","extractClientInfo"],"duration":0,"failureDetails":[],"failureMessages":[],"fullName":"MCP Server Factory extractClientInfo should handle undefined client version","invocations":1,"location":null,"numPassingAsserts":1,"retryReasons":[],"status":"passed","title":"should handle undefined client version"},{"ancestorTitles":["MCP Server Factory","extractClientInfo"],"duration":0,"failureDetails":[],"failureMessages":[],"fullName":"MCP Server Factory extractClientInfo should handle partial client info (missing version)","invocations":1,"location":null,"numPassingAsserts":1,"retryReasons":[],"status":"passed","title":"should handle partial client info (missing version)"},{"ancestorTitles":["MCP Server Factory","extractClientInfo"],"duration":0,"failureDetails":[],"failureMessages":[],"fullName":"MCP Server Factory extractClientInfo should handle partial client info (missing name)","invocations":1,"location":null,"numPassingAsserts":1,"retryReasons":[],"status":"passed","title":"should handle partial client info (missing name)"},{"ancestorTitles":["MCP Server Factory","extractClientInfo"],"duration":1,"failureDetails":[],"failureMessages":[],"fullName":"MCP Server Factory extractClientInfo should extract info from multiple server instances consistently","invocations":1,"location":null,"numPassingAsserts":4,"retryReasons":[],"status":"passed","title":"should extract info from multiple server instances consistently"},{"ancestorTitles":["MCP Server Factory","extractClientInfo"],"duration":0,"failureDetails":[],"failureMessages":[],"fullName":"MCP Server Factory extractClientInfo should handle real-world client names","invocations":1,"location":null,"numPassingAsserts":3,"retryReasons":[],"status":"passed","title":"should handle real-world client names"},{"ancestorTitles":["MCP Server Factory","createMcpServer"],"duration":1,"failureDetails":[],"failureMessages":[],"fullName":"MCP Server Factory createMcpServer should create server with minimal config","invocations":1,"location":null,"numPassingAsserts":6,"retryReasons":[],"status":"passed","title":"should create server with minimal config"},{"ancestorTitles":["MCP Server Factory","createMcpServer"],"duration":5,"failureDetails":[],"failureMessages":[],"fullName":"MCP Server Factory createMcpServer should throw error for invalid vaultPath","invocations":1,"location":null,"numPassingAsserts":2,"retryReasons":[],"status":"passed","title":"should throw error for invalid vaultPath"},{"ancestorTitles":["MCP Server Factory","createMcpServer"],"duration":2,"failureDetails":[],"failureMessages":[],"fullName":"MCP Server Factory createMcpServer should throw error for non-existent vaultPath","invocations":1,"location":null,"numPassingAsserts":1,"retryReasons":[],"status":"passed","title":"should throw error for non-existent vaultPath"},{"ancestorTitles":["MCP Server Factory","createMcpServer"],"duration":1,"failureDetails":[],"failureMessages":[],"fullName":"MCP Server Factory createMcpServer should throw error for inaccessible vaultPath","invocations":1,"location":null,"numPassingAsserts":1,"retryReasons":[],"status":"passed","title":"should throw error for inaccessible vaultPath"},{"ancestorTitles":["MCP Server Factory","createMcpServer"],"duration":0,"failureDetails":[],"failureMessages":[],"fullName":"MCP Server Factory createMcpServer should use provided server name and version","invocations":1,"location":null,"numPassingAsserts":1,"retryReasons":[],"status":"passed","title":"should use provided server name and version"},{"ancestorTitles":["MCP Server Factory","createMcpServer"],"duration":1,"failureDetails":[],"failureMessages":[],"fullName":"MCP Server Factory createMcpServer should use default server name and version","invocations":1,"location":null,"numPassingAsserts":1,"retryReasons":[],"status":"passed","title":"should use default server name and version"},{"ancestorTitles":["MCP Server Factory","createMcpServer"],"duration":1,"failureDetails":[],"failureMessages":[],"fullName":"MCP Server Factory createMcpServer should accept explicit tool mode","invocations":1,"location":null,"numPassingAsserts":1,"retryReasons":[],"status":"passed","title":"should accept explicit tool mode"},{"ancestorTitles":["MCP Server Factory","createMcpServer"],"duration":0,"failureDetails":[],"failureMessages":[],"fullName":"MCP Server Factory createMcpServer should parse tool mode from environment","invocations":1,"location":null,"numPassingAsserts":1,"retryReasons":[],"status":"passed","title":"should parse tool mode from environment"},{"ancestorTitles":["MCP Server Factory","createMcpServer"],"duration":1,"failureDetails":[],"failureMessages":[],"fullName":"MCP Server Factory createMcpServer should accept custom session ID","invocations":1,"location":null,"numPassingAsserts":1,"retryReasons":[],"status":"passed","title":"should accept custom session ID"},{"ancestorTitles":["MCP Server Factory","createMcpServer"],"duration":1,"failureDetails":[],"failureMessages":[],"fullName":"MCP Server Factory createMcpServer should generate session ID if not provided","invocations":1,"location":null,"numPassingAsserts":2,"retryReasons":[],"status":"passed","title":"should generate session ID if not provided"},{"ancestorTitles":["MCP Server Factory","createMcpServer"],"duration":3,"failureDetails":[],"failureMessages":[],"fullName":"MCP Server Factory createMcpServer should create stdio transport by default","invocations":1,"location":null,"numPassingAsserts":1,"retryReasons":[],"status":"passed","title":"should create stdio transport by default"},{"ancestorTitles":["MCP Server Factory","createMcpServer"],"duration":1,"failureDetails":[],"failureMessages":[],"fullName":"MCP Server Factory createMcpServer should not create stdio transport when disabled","invocations":1,"location":null,"numPassingAsserts":1,"retryReasons":[],"status":"passed","title":"should not create stdio transport when disabled"},{"ancestorTitles":["MCP Server Factory","createMcpServer"],"duration":1,"failureDetails":[],"failureMessages":[],"fullName":"MCP Server Factory createMcpServer should return instance with lifecycle methods","invocations":1,"location":null,"numPassingAsserts":4,"retryReasons":[],"status":"passed","title":"should return instance with lifecycle methods"},{"ancestorTitles":["MCP Server Factory","Server Factory Integration"],"duration":1,"failureDetails":[],"failureMessages":[],"fullName":"MCP Server Factory Server Factory Integration should create server instance conforming to McpServerInstance contract","invocations":1,"location":null,"numPassingAsserts":8,"retryReasons":[],"status":"passed","title":"should create server instance conforming to McpServerInstance contract"},{"ancestorTitles":["MCP Server Factory","Server Factory Integration"],"duration":1,"failureDetails":[],"failureMessages":[],"fullName":"MCP Server Factory Server Factory Integration should share analytics singleton across instances","invocations":1,"location":null,"numPassingAsserts":1,"retryReasons":[],"status":"passed","title":"should share analytics singleton across instances"}],"endTime":1761861669861,"message":"","name":"/Users/shayon/DevProjects/mcp-for-lifeos/tests/unit/mcp-server-factory.test.ts","startTime":1761861669777,"status":"passed","summary":""},{"assertionResults":[{"ancestorTitles":["Daily Note Task Addition Workflow","Reproducing Issue #88"],"duration":16,"failureDetails":[],"failureMessages":[],"fullName":"Daily Note Task Addition Workflow Reproducing Issue #88 should add tasks to existing Day's Notes section","invocations":1,"location":null,"numPassingAsserts":6,"retryReasons":[],"status":"passed","title":"should add tasks to existing Day's Notes section"},{"ancestorTitles":["Daily Note Task Addition Workflow","Reproducing Issue #88"],"duration":5,"failureDetails":[],"failureMessages":[],"fullName":"Daily Note Task Addition Workflow Reproducing Issue #88 should handle multiple task additions without creating duplicates","invocations":1,"location":null,"numPassingAsserts":3,"retryReasons":[],"status":"passed","title":"should handle multiple task additions without creating duplicates"},{"ancestorTitles":["Daily Note Task Addition Workflow","Reproducing Issue #88"],"duration":14,"failureDetails":[],"failureMessages":[],"fullName":"Daily Note Task Addition Workflow Reproducing Issue #88 should fail gracefully when heading doesn't exist","invocations":1,"location":null,"numPassingAsserts":1,"retryReasons":[],"status":"passed","title":"should fail gracefully when heading doesn't exist"},{"ancestorTitles":["Daily Note Task Addition Workflow","Reproducing Issue #88"],"duration":3,"failureDetails":[],"failureMessages":[],"fullName":"Daily Note Task Addition Workflow Reproducing Issue #88 should handle case variations in Day's Notes","invocations":1,"location":null,"numPassingAsserts":2,"retryReasons":[],"status":"passed","title":"should handle case variations in Day's Notes"},{"ancestorTitles":["Daily Note Task Addition Workflow","Task Insertion Order (Issue #90)"],"duration":3,"failureDetails":[],"failureMessages":[],"fullName":"Daily Note Task Addition Workflow Task Insertion Order (Issue #90) should append new tasks at the bottom of existing task lists","invocations":1,"location":null,"numPassingAsserts":4,"retryReasons":[],"status":"passed","title":"should append new tasks at the bottom of existing task lists"},{"ancestorTitles":["Daily Note Task Addition Workflow","Task Insertion Order (Issue #90)"],"duration":3,"failureDetails":[],"failureMessages":[],"fullName":"Daily Note Task Addition Workflow Task Insertion Order (Issue #90) should handle mixed content with tasks properly","invocations":1,"location":null,"numPassingAsserts":2,"retryReasons":[],"status":"passed","title":"should handle mixed content with tasks properly"},{"ancestorTitles":["Daily Note Task Addition Workflow","Task Insertion Order (Issue #90)"],"duration":5,"failureDetails":[],"failureMessages":[],"fullName":"Daily Note Task Addition Workflow Task Insertion Order (Issue #90) should insert task at bottom when section has no existing tasks","invocations":1,"location":null,"numPassingAsserts":4,"retryReasons":[],"status":"passed","title":"should insert task at bottom when section has no existing tasks"},{"ancestorTitles":["Daily Note Task Addition Workflow","Task Insertion Order (Issue #90)"],"duration":2,"failureDetails":[],"failureMessages":[],"fullName":"Daily Note Task Addition Workflow Task Insertion Order (Issue #90) should NOT insert tasks at the beginning of the section","invocations":1,"location":null,"numPassingAsserts":5,"retryReasons":[],"status":"passed","title":"should NOT insert tasks at the beginning of the section"},{"ancestorTitles":["Daily Note Task Addition Workflow","Task Insertion Order (Issue #90)"],"duration":2,"failureDetails":[],"failureMessages":[],"fullName":"Daily Note Task Addition Workflow Task Insertion Order (Issue #90) should handle the exact scenario from issue #90","invocations":1,"location":null,"numPassingAsserts":3,"retryReasons":[],"status":"passed","title":"should handle the exact scenario from issue #90"},{"ancestorTitles":["Daily Note Task Addition Workflow","Task Insertion Order (Issue #90)"],"duration":5,"failureDetails":[],"failureMessages":[],"fullName":"Daily Note Task Addition Workflow Task Insertion Order (Issue #90) should handle case when section has no tasks initially","invocations":1,"location":null,"numPassingAsserts":3,"retryReasons":[],"status":"passed","title":"should handle case when section has no tasks initially"},{"ancestorTitles":["Daily Note Task Addition Workflow","Task Insertion Order (Issue #90)"],"duration":2,"failureDetails":[],"failureMessages":[],"fullName":"Daily Note Task Addition Workflow Task Insertion Order (Issue #90) should handle edge case - heading with no content","invocations":1,"location":null,"numPassingAsserts":3,"retryReasons":[],"status":"passed","title":"should handle edge case - heading with no content"},{"ancestorTitles":["Daily Note Task Addition Workflow","Error Scenarios from RCA"],"duration":3,"failureDetails":[],"failureMessages":[],"fullName":"Daily Note Task Addition Workflow Error Scenarios from RCA should not create duplicate files when updating daily notes","invocations":1,"location":null,"numPassingAsserts":2,"retryReasons":[],"status":"passed","title":"should not create duplicate files when updating daily notes"}],"endTime":1761861669970,"message":"","name":"/Users/shayon/DevProjects/mcp-for-lifeos/tests/integration/daily-note-task-workflow.test.ts","startTime":1761861669866,"status":"passed","summary":""},{"assertionResults":[{"ancestorTitles":["Daily Note Template Integration (Direct)","Daily note creation with templates"],"duration":8,"failureDetails":[],"failureMessages":[],"fullName":"Daily Note Template Integration (Direct) Daily note creation with templates should create daily note using configured template","invocations":1,"location":null,"numPassingAsserts":9,"retryReasons":[],"status":"passed","title":"should create daily note using configured template"},{"ancestorTitles":["Daily Note Template Integration (Direct)","Daily note creation with templates"],"duration":7,"failureDetails":[],"failureMessages":[],"fullName":"Daily Note Template Integration (Direct) Daily note creation with templates should handle different date formats","invocations":1,"location":null,"numPassingAsserts":8,"retryReasons":[],"status":"passed","title":"should handle different date formats"},{"ancestorTitles":["Daily Note Template Integration (Direct)","Daily note creation with templates"],"duration":4,"failureDetails":[],"failureMessages":[],"fullName":"Daily Note Template Integration (Direct) Daily note creation with templates should create weekly template when specified","invocations":1,"location":null,"numPassingAsserts":4,"retryReasons":[],"status":"passed","title":"should create weekly template when specified"},{"ancestorTitles":["Daily Note Template Integration (Direct)","Daily note creation with templates"],"duration":3,"failureDetails":[],"failureMessages":[],"fullName":"Daily Note Template Integration (Direct) Daily note creation with templates should handle missing template gracefully","invocations":1,"location":null,"numPassingAsserts":1,"retryReasons":[],"status":"passed","title":"should handle missing template gracefully"},{"ancestorTitles":["Daily Note Template Integration (Direct)","Daily note creation with templates"],"duration":4,"failureDetails":[],"failureMessages":[],"fullName":"Daily Note Template Integration (Direct) Daily note creation with templates should apply template caching","invocations":1,"location":null,"numPassingAsserts":3,"retryReasons":[],"status":"passed","title":"should apply template caching"},{"ancestorTitles":["Daily Note Template Integration (Direct)","Template processing edge cases"],"duration":3,"failureDetails":[],"failureMessages":[],"fullName":"Daily Note Template Integration (Direct) Template processing edge cases should handle malformed template syntax","invocations":1,"location":null,"numPassingAsserts":3,"retryReasons":[],"status":"passed","title":"should handle malformed template syntax"},{"ancestorTitles":["Daily Note Template Integration (Direct)","Template processing edge cases"],"duration":4,"failureDetails":[],"failureMessages":[],"fullName":"Daily Note Template Integration (Direct) Template processing edge cases should handle complex date formatting","invocations":1,"location":null,"numPassingAsserts":6,"retryReasons":[],"status":"passed","title":"should handle complex date formatting"},{"ancestorTitles":["Daily Note Template Integration (Direct)","Template processing edge cases"],"duration":4,"failureDetails":[],"failureMessages":[],"fullName":"Daily Note Template Integration (Direct) Template processing edge cases should handle nested folders in template path","invocations":1,"location":null,"numPassingAsserts":1,"retryReasons":[],"status":"passed","title":"should handle nested folders in template path"},{"ancestorTitles":["Daily Note Template Integration (Direct)","VaultUtils integration"],"duration":5,"failureDetails":[],"failureMessages":[],"fullName":"Daily Note Template Integration (Direct) VaultUtils integration should create daily note with VaultUtils","invocations":1,"location":null,"numPassingAsserts":8,"retryReasons":[],"status":"passed","title":"should create daily note with VaultUtils"}],"endTime":1761861670055,"message":"","name":"/Users/shayon/DevProjects/mcp-for-lifeos/tests/integration/daily-note-simple.test.ts","startTime":1761861669972,"status":"passed","summary":""},{"assertionResults":[{"ancestorTitles":["Insert Content - Section Targeting","Daily Note - Day's Notes Section"],"duration":4,"failureDetails":[],"failureMessages":[],"fullName":"Insert Content - Section Targeting Daily Note - Day's Notes Section should find \"Day's Notes\" heading correctly","invocations":1,"location":null,"numPassingAsserts":6,"retryReasons":[],"status":"passed","title":"should find \"Day's Notes\" heading correctly"},{"ancestorTitles":["Insert Content - Section Targeting","Daily Note - Day's Notes Section"],"duration":2,"failureDetails":[],"failureMessages":[],"fullName":"Insert Content - Section Targeting Daily Note - Day's Notes Section should handle exact heading matching with hash prefix","invocations":1,"location":null,"numPassingAsserts":2,"retryReasons":[],"status":"passed","title":"should handle exact heading matching with hash prefix"},{"ancestorTitles":["Insert Content - Section Targeting","Daily Note - Day's Notes Section"],"duration":2,"failureDetails":[],"failureMessages":[],"fullName":"Insert Content - Section Targeting Daily Note - Day's Notes Section should add multiple tasks to the same section","invocations":1,"location":null,"numPassingAsserts":6,"retryReasons":[],"status":"passed","title":"should add multiple tasks to the same section"},{"ancestorTitles":["Insert Content - Section Targeting","Daily Note - Day's Notes Section"],"duration":11,"failureDetails":[],"failureMessages":[],"fullName":"Insert Content - Section Targeting Daily Note - Day's Notes Section should throw error for non-existent heading","invocations":1,"location":null,"numPassingAsserts":1,"retryReasons":[],"status":"passed","title":"should throw error for non-existent heading"},{"ancestorTitles":["Insert Content - Section Targeting","Daily Note - Day's Notes Section"],"duration":2,"failureDetails":[],"failureMessages":[],"fullName":"Insert Content - Section Targeting Daily Note - Day's Notes Section should handle case sensitivity correctly","invocations":1,"location":null,"numPassingAsserts":1,"retryReasons":[],"status":"passed","title":"should handle case sensitivity correctly"},{"ancestorTitles":["Insert Content - Section Targeting","Template Variations"],"duration":1,"failureDetails":[],"failureMessages":[],"fullName":"Insert Content - Section Targeting Template Variations should handle template with \"Days Notes\" (no apostrophe)","invocations":1,"location":null,"numPassingAsserts":1,"retryReasons":[],"status":"passed","title":"should handle template with \"Days Notes\" (no apostrophe)"},{"ancestorTitles":["Insert Content - Section Targeting","Template Variations"],"duration":1,"failureDetails":[],"failureMessages":[],"fullName":"Insert Content - Section Targeting Template Variations should handle template with different heading levels","invocations":1,"location":null,"numPassingAsserts":1,"retryReasons":[],"status":"passed","title":"should handle template with different heading levels"}],"endTime":1761861670119,"message":"","name":"/Users/shayon/DevProjects/mcp-for-lifeos/tests/unit/insert-content-sections.test.ts","startTime":1761861670057,"status":"passed","summary":""},{"assertionResults":[{"ancestorTitles":["VaultUtils.insertContent","Heading-based insertion"],"duration":3,"failureDetails":[],"failureMessages":[],"fullName":"VaultUtils.insertContent Heading-based insertion should insert content after a heading","invocations":1,"location":null,"numPassingAsserts":1,"retryReasons":[],"status":"passed","title":"should insert content after a heading"},{"ancestorTitles":["VaultUtils.insertContent","Heading-based insertion"],"duration":2,"failureDetails":[],"failureMessages":[],"fullName":"VaultUtils.insertContent Heading-based insertion should insert content before a heading","invocations":1,"location":null,"numPassingAsserts":1,"retryReasons":[],"status":"passed","title":"should insert content before a heading"},{"ancestorTitles":["VaultUtils.insertContent","Heading-based insertion"],"duration":2,"failureDetails":[],"failureMessages":[],"fullName":"VaultUtils.insertContent Heading-based insertion should handle headings without hash prefix in target","invocations":1,"location":null,"numPassingAsserts":1,"retryReasons":[],"status":"passed","title":"should handle headings without hash prefix in target"},{"ancestorTitles":["VaultUtils.insertContent","Heading-based insertion"],"duration":10,"failureDetails":[],"failureMessages":[],"fullName":"VaultUtils.insertContent Heading-based insertion should throw error if heading not found","invocations":1,"location":null,"numPassingAsserts":1,"retryReasons":[],"status":"passed","title":"should throw error if heading not found"},{"ancestorTitles":["VaultUtils.insertContent","Block reference insertion"],"duration":3,"failureDetails":[],"failureMessages":[],"fullName":"VaultUtils.insertContent Block reference insertion should insert content after a block reference","invocations":1,"location":null,"numPassingAsserts":1,"retryReasons":[],"status":"passed","title":"should insert content after a block reference"},{"ancestorTitles":["VaultUtils.insertContent","Block reference insertion"],"duration":1,"failureDetails":[],"failureMessages":[],"fullName":"VaultUtils.insertContent Block reference insertion should handle block ref without caret prefix","invocations":1,"location":null,"numPassingAsserts":1,"retryReasons":[],"status":"passed","title":"should handle block ref without caret prefix"},{"ancestorTitles":["VaultUtils.insertContent","Pattern-based insertion"],"duration":1,"failureDetails":[],"failureMessages":[],"fullName":"VaultUtils.insertContent Pattern-based insertion should insert content after a text pattern","invocations":1,"location":null,"numPassingAsserts":1,"retryReasons":[],"status":"passed","title":"should insert content after a text pattern"},{"ancestorTitles":["VaultUtils.insertContent","Pattern-based insertion"],"duration":1,"failureDetails":[],"failureMessages":[],"fullName":"VaultUtils.insertContent Pattern-based insertion should throw error if pattern not found","invocations":1,"location":null,"numPassingAsserts":1,"retryReasons":[],"status":"passed","title":"should throw error if pattern not found"},{"ancestorTitles":["VaultUtils.insertContent","Line number insertion"],"duration":2,"failureDetails":[],"failureMessages":[],"fullName":"VaultUtils.insertContent Line number insertion should insert content at specific line number","invocations":1,"location":null,"numPassingAsserts":1,"retryReasons":[],"status":"passed","title":"should insert content at specific line number"},{"ancestorTitles":["VaultUtils.insertContent","Line number insertion"],"duration":2,"failureDetails":[],"failureMessages":[],"fullName":"VaultUtils.insertContent Line number insertion should throw error if line number out of range","invocations":1,"location":null,"numPassingAsserts":1,"retryReasons":[],"status":"passed","title":"should throw error if line number out of range"},{"ancestorTitles":["VaultUtils.insertContent","Position options"],"duration":1,"failureDetails":[],"failureMessages":[],"fullName":"VaultUtils.insertContent Position options should append to end of target line","invocations":1,"location":null,"numPassingAsserts":1,"retryReasons":[],"status":"passed","title":"should append to end of target line"},{"ancestorTitles":["VaultUtils.insertContent","Position options"],"duration":3,"failureDetails":[],"failureMessages":[],"fullName":"VaultUtils.insertContent Position options should prepend to beginning of target line","invocations":1,"location":null,"numPassingAsserts":1,"retryReasons":[],"status":"passed","title":"should prepend to beginning of target line"},{"ancestorTitles":["VaultUtils.insertContent","Newline handling"],"duration":1,"failureDetails":[],"failureMessages":[],"fullName":"VaultUtils.insertContent Newline handling should ensure newlines by default","invocations":1,"location":null,"numPassingAsserts":1,"retryReasons":[],"status":"passed","title":"should ensure newlines by default"},{"ancestorTitles":["VaultUtils.insertContent","Newline handling"],"duration":2,"failureDetails":[],"failureMessages":[],"fullName":"VaultUtils.insertContent Newline handling should not add newlines when disabled","invocations":1,"location":null,"numPassingAsserts":1,"retryReasons":[],"status":"passed","title":"should not add newlines when disabled"}],"endTime":1761861670194,"message":"","name":"/Users/shayon/DevProjects/mcp-for-lifeos/tests/unit/insert-content.test.ts","startTime":1761861670121,"status":"passed","summary":""},{"assertionResults":[{"ancestorTitles":["Token-Limited Search Integration","ObsidianLinks with Token Budget"],"duration":1,"failureDetails":[],"failureMessages":[],"fullName":"Token-Limited Search Integration ObsidianLinks with Token Budget should format search result and consume budget","invocations":1,"location":null,"numPassingAsserts":3,"retryReasons":[],"status":"passed","title":"should format search result and consume budget"},{"ancestorTitles":["Token-Limited Search Integration","ObsidianLinks with Token Budget"],"duration":0,"failureDetails":[],"failureMessages":[],"fullName":"Token-Limited Search Integration ObsidianLinks with Token Budget should format in detailed mode with token budget","invocations":1,"location":null,"numPassingAsserts":4,"retryReasons":[],"status":"passed","title":"should format in detailed mode with token budget"},{"ancestorTitles":["Token-Limited Search Integration","ObsidianLinks with Token Budget"],"duration":1,"failureDetails":[],"failureMessages":[],"fullName":"Token-Limited Search Integration ObsidianLinks with Token Budget should handle multiple results with budget tracking","invocations":1,"location":null,"numPassingAsserts":2,"retryReasons":[],"status":"passed","title":"should handle multiple results with budget tracking"},{"ancestorTitles":["Token-Limited Search Integration","ObsidianLinks with Token Budget"],"duration":1,"failureDetails":[],"failureMessages":[],"fullName":"Token-Limited Search Integration ObsidianLinks with Token Budget should stop adding results when budget exhausted","invocations":1,"location":null,"numPassingAsserts":2,"retryReasons":[],"status":"passed","title":"should stop adding results when budget exhausted"},{"ancestorTitles":["Token-Limited Search Integration","maxResults Parameter Validation"],"duration":0,"failureDetails":[],"failureMessages":[],"fullName":"Token-Limited Search Integration maxResults Parameter Validation should constrain minimum maxResults to 1","invocations":1,"location":null,"numPassingAsserts":3,"retryReasons":[],"status":"passed","title":"should constrain minimum maxResults to 1"},{"ancestorTitles":["Token-Limited Search Integration","maxResults Parameter Validation"],"duration":0,"failureDetails":[],"failureMessages":[],"fullName":"Token-Limited Search Integration maxResults Parameter Validation should constrain maximum maxResults to 100","invocations":1,"location":null,"numPassingAsserts":3,"retryReasons":[],"status":"passed","title":"should constrain maximum maxResults to 100"},{"ancestorTitles":["Token-Limited Search Integration","maxResults Parameter Validation"],"duration":0,"failureDetails":[],"failureMessages":[],"fullName":"Token-Limited Search Integration maxResults Parameter Validation should accept valid range 1-100","invocations":1,"location":null,"numPassingAsserts":3,"retryReasons":[],"status":"passed","title":"should accept valid range 1-100"},{"ancestorTitles":["Token-Limited Search Integration","maxResults Parameter Validation"],"duration":2,"failureDetails":[],"failureMessages":[],"fullName":"Token-Limited Search Integration maxResults Parameter Validation should return default when undefined","invocations":1,"location":null,"numPassingAsserts":3,"retryReasons":[],"status":"passed","title":"should return default when undefined"},{"ancestorTitles":["Token-Limited Search Integration","Truncation Metadata Generation"],"duration":0,"failureDetails":[],"failureMessages":[],"fullName":"Token-Limited Search Integration Truncation Metadata Generation should generate metadata when results truncated","invocations":1,"location":null,"numPassingAsserts":6,"retryReasons":[],"status":"passed","title":"should generate metadata when results truncated"},{"ancestorTitles":["Token-Limited Search Integration","Truncation Metadata Generation"],"duration":0,"failureDetails":[],"failureMessages":[],"fullName":"Token-Limited Search Integration Truncation Metadata Generation should indicate no truncation when all results shown","invocations":1,"location":null,"numPassingAsserts":3,"retryReasons":[],"status":"passed","title":"should indicate no truncation when all results shown"},{"ancestorTitles":["Token-Limited Search Integration","Truncation Metadata Generation"],"duration":0,"failureDetails":[],"failureMessages":[],"fullName":"Token-Limited Search Integration Truncation Metadata Generation should indicate auto-downgrade in suggestion","invocations":1,"location":null,"numPassingAsserts":3,"retryReasons":[],"status":"passed","title":"should indicate auto-downgrade in suggestion"},{"ancestorTitles":["Token-Limited Search Integration","End-to-End Scenarios"],"duration":0,"failureDetails":[],"failureMessages":[],"fullName":"Token-Limited Search Integration End-to-End Scenarios should handle search with maxResults constraint","invocations":1,"location":null,"numPassingAsserts":2,"retryReasons":[],"status":"passed","title":"should handle search with maxResults constraint"},{"ancestorTitles":["Token-Limited Search Integration","End-to-End Scenarios"],"duration":0,"failureDetails":[],"failureMessages":[],"fullName":"Token-Limited Search Integration End-to-End Scenarios should handle search with token budget constraint","invocations":1,"location":null,"numPassingAsserts":2,"retryReasons":[],"status":"passed","title":"should handle search with token budget constraint"},{"ancestorTitles":["Token-Limited Search Integration","End-to-End Scenarios"],"duration":0,"failureDetails":[],"failureMessages":[],"fullName":"Token-Limited Search Integration End-to-End Scenarios should handle combined maxResults and token budget constraints","invocations":1,"location":null,"numPassingAsserts":1,"retryReasons":[],"status":"passed","title":"should handle combined maxResults and token budget constraints"},{"ancestorTitles":["Token-Limited Search Integration","End-to-End Scenarios"],"duration":0,"failureDetails":[],"failureMessages":[],"fullName":"Token-Limited Search Integration End-to-End Scenarios should provide accurate truncation metadata after processing","invocations":1,"location":null,"numPassingAsserts":5,"retryReasons":[],"status":"passed","title":"should provide accurate truncation metadata after processing"},{"ancestorTitles":["Token-Limited Search Integration","Format Switching Impact"],"duration":1,"failureDetails":[],"failureMessages":[],"fullName":"Token-Limited Search Integration Format Switching Impact should show that detailed format consumes more budget than concise","invocations":1,"location":null,"numPassingAsserts":1,"retryReasons":[],"status":"passed","title":"should show that detailed format consumes more budget than concise"},{"ancestorTitles":["Token-Limited Search Integration","Format Switching Impact"],"duration":0,"failureDetails":[],"failureMessages":[],"fullName":"Token-Limited Search Integration Format Switching Impact should fit more results in concise mode than detailed mode","invocations":1,"location":null,"numPassingAsserts":1,"retryReasons":[],"status":"passed","title":"should fit more results in concise mode than detailed mode"},{"ancestorTitles":["Token-Limited Search Integration","Error Handling"],"duration":0,"failureDetails":[],"failureMessages":[],"fullName":"Token-Limited Search Integration Error Handling should not throw when adding results within budget","invocations":1,"location":null,"numPassingAsserts":1,"retryReasons":[],"status":"passed","title":"should not throw when adding results within budget"},{"ancestorTitles":["Token-Limited Search Integration","Error Handling"],"duration":0,"failureDetails":[],"failureMessages":[],"fullName":"Token-Limited Search Integration Error Handling should gracefully handle empty search results","invocations":1,"location":null,"numPassingAsserts":4,"retryReasons":[],"status":"passed","title":"should gracefully handle empty search results"}],"endTime":1761861670235,"message":"","name":"/Users/shayon/DevProjects/mcp-for-lifeos/tests/integration/token-limited-search.test.ts","startTime":1761861670195,"status":"passed","summary":""},{"assertionResults":[{"ancestorTitles":["Request Handler - Consolidated Registry Integration (MCP-96)","Consolidated execution"],"duration":1,"failureDetails":[],"failureMessages":[],"fullName":"Request Handler - Consolidated Registry Integration (MCP-96) Consolidated execution returns versioned response for consolidated search tool","invocations":1,"location":null,"numPassingAsserts":3,"retryReasons":[],"status":"passed","title":"returns versioned response for consolidated search tool"},{"ancestorTitles":["Request Handler - Consolidated Registry Integration (MCP-96)","Consolidated execution"],"duration":0,"failureDetails":[],"failureMessages":[],"fullName":"Request Handler - Consolidated Registry Integration (MCP-96) Consolidated execution updates analytics client info when updateClientContext is invoked","invocations":1,"location":null,"numPassingAsserts":1,"retryReasons":[],"status":"passed","title":"updates analytics client info when updateClientContext is invoked"},{"ancestorTitles":["Request Handler - Consolidated Registry Integration (MCP-96)","Availability checks"],"duration":4,"failureDetails":[],"failureMessages":[],"fullName":"Request Handler - Consolidated Registry Integration (MCP-96) Availability checks rejects unknown tools with descriptive error","invocations":1,"location":null,"numPassingAsserts":1,"retryReasons":[],"status":"passed","title":"rejects unknown tools with descriptive error"},{"ancestorTitles":["Request Handler - Consolidated Registry Integration (MCP-96)","Availability checks"],"duration":0,"failureDetails":[],"failureMessages":[],"fullName":"Request Handler - Consolidated Registry Integration (MCP-96) Availability checks blocks consolidated tools in legacy-only mode before lookup","invocations":1,"location":null,"numPassingAsserts":1,"retryReasons":[],"status":"passed","title":"blocks consolidated tools in legacy-only mode before lookup"},{"ancestorTitles":["Request Handler - Consolidated Registry Integration (MCP-96)","Availability checks"],"duration":1,"failureDetails":[],"failureMessages":[],"fullName":"Request Handler - Consolidated Registry Integration (MCP-96) Availability checks blocks legacy tools in consolidated-only mode","invocations":1,"location":null,"numPassingAsserts":1,"retryReasons":[],"status":"passed","title":"blocks legacy tools in consolidated-only mode"}],"endTime":1761861670283,"message":"","name":"/Users/shayon/DevProjects/mcp-for-lifeos/tests/integration/request-handler-empty-registry.test.ts","startTime":1761861670236,"status":"passed","summary":""},{"assertionResults":[{"ancestorTitles":["Legacy Alias Handlers Module","LEGACY_ALIAS_TOOL_NAMES constant"],"duration":1,"failureDetails":[],"failureMessages":[],"fullName":"Legacy Alias Handlers Module LEGACY_ALIAS_TOOL_NAMES constant should export exactly 11 legacy alias tool names","invocations":1,"location":null,"numPassingAsserts":1,"retryReasons":[],"status":"passed","title":"should export exactly 11 legacy alias tool names"},{"ancestorTitles":["Legacy Alias Handlers Module","LEGACY_ALIAS_TOOL_NAMES constant"],"duration":0,"failureDetails":[],"failureMessages":[],"fullName":"Legacy Alias Handlers Module LEGACY_ALIAS_TOOL_NAMES constant should include all search aliases (6 total)","invocations":1,"location":null,"numPassingAsserts":6,"retryReasons":[],"status":"passed","title":"should include all search aliases (6 total)"},{"ancestorTitles":["Legacy Alias Handlers Module","LEGACY_ALIAS_TOOL_NAMES constant"],"duration":1,"failureDetails":[],"failureMessages":[],"fullName":"Legacy Alias Handlers Module LEGACY_ALIAS_TOOL_NAMES constant should include template alias","invocations":1,"location":null,"numPassingAsserts":1,"retryReasons":[],"status":"passed","title":"should include template alias"},{"ancestorTitles":["Legacy Alias Handlers Module","LEGACY_ALIAS_TOOL_NAMES constant"],"duration":0,"failureDetails":[],"failureMessages":[],"fullName":"Legacy Alias Handlers Module LEGACY_ALIAS_TOOL_NAMES constant should include all list aliases (4 total)","invocations":1,"location":null,"numPassingAsserts":4,"retryReasons":[],"status":"passed","title":"should include all list aliases (4 total)"},{"ancestorTitles":["Legacy Alias Handlers Module","registerLegacyAliasHandlers()"],"duration":2,"failureDetails":[],"failureMessages":[],"fullName":"Legacy Alias Handlers Module registerLegacyAliasHandlers() should register all 11 legacy alias handlers into the registry","invocations":1,"location":null,"numPassingAsserts":2,"retryReasons":[],"status":"passed","title":"should register all 11 legacy alias handlers into the registry"},{"ancestorTitles":["Legacy Alias Handlers Module","registerLegacyAliasHandlers()"],"duration":1,"failureDetails":[],"failureMessages":[],"fullName":"Legacy Alias Handlers Module registerLegacyAliasHandlers() should register handlers for each tool in LEGACY_ALIAS_TOOL_NAMES","invocations":1,"location":null,"numPassingAsserts":22,"retryReasons":[],"status":"passed","title":"should register handlers for each tool in LEGACY_ALIAS_TOOL_NAMES"},{"ancestorTitles":["Legacy Alias Handlers Module","registerLegacyAliasHandlers()"],"duration":0,"failureDetails":[],"failureMessages":[],"fullName":"Legacy Alias Handlers Module registerLegacyAliasHandlers() should support chaining pattern","invocations":1,"location":null,"numPassingAsserts":2,"retryReasons":[],"status":"passed","title":"should support chaining pattern"},{"ancestorTitles":["Legacy Alias Handlers Module","registerLegacyAliasHandlers()"],"duration":1,"failureDetails":[],"failureMessages":[],"fullName":"Legacy Alias Handlers Module registerLegacyAliasHandlers() should be idempotent (multiple calls don't duplicate handlers)","invocations":1,"location":null,"numPassingAsserts":1,"retryReasons":[],"status":"passed","title":"should be idempotent (multiple calls don't duplicate handlers)"},{"ancestorTitles":["Legacy Alias Handlers Module","getLegacyAliasHandler()"],"duration":0,"failureDetails":[],"failureMessages":[],"fullName":"Legacy Alias Handlers Module getLegacyAliasHandler() should return handler for valid legacy alias tool names","invocations":1,"location":null,"numPassingAsserts":22,"retryReasons":[],"status":"passed","title":"should return handler for valid legacy alias tool names"},{"ancestorTitles":["Legacy Alias Handlers Module","getLegacyAliasHandler()"],"duration":1,"failureDetails":[],"failureMessages":[],"fullName":"Legacy Alias Handlers Module getLegacyAliasHandler() should return undefined for unknown tool names","invocations":1,"location":null,"numPassingAsserts":1,"retryReasons":[],"status":"passed","title":"should return undefined for unknown tool names"},{"ancestorTitles":["Legacy Alias Handlers Module","getLegacyAliasHandler()"],"duration":0,"failureDetails":[],"failureMessages":[],"fullName":"Legacy Alias Handlers Module getLegacyAliasHandler() should return the same handler instance on multiple calls","invocations":1,"location":null,"numPassingAsserts":1,"retryReasons":[],"status":"passed","title":"should return the same handler instance on multiple calls"},{"ancestorTitles":["Legacy Alias Handlers Module","Mode Guards"],"duration":4,"failureDetails":[],"failureMessages":[],"fullName":"Legacy Alias Handlers Module Mode Guards should throw error when called in legacy-only mode (search aliases)","invocations":1,"location":null,"numPassingAsserts":2,"retryReasons":[],"status":"passed","title":"should throw error when called in legacy-only mode (search aliases)"},{"ancestorTitles":["Legacy Alias Handlers Module","Mode Guards"],"duration":1,"failureDetails":[],"failureMessages":[],"fullName":"Legacy Alias Handlers Module Mode Guards should throw error when called in legacy-only mode (template alias)","invocations":1,"location":null,"numPassingAsserts":2,"retryReasons":[],"status":"passed","title":"should throw error when called in legacy-only mode (template alias)"},{"ancestorTitles":["Legacy Alias Handlers Module","Mode Guards"],"duration":0,"failureDetails":[],"failureMessages":[],"fullName":"Legacy Alias Handlers Module Mode Guards should throw error when called in legacy-only mode (list aliases)","invocations":1,"location":null,"numPassingAsserts":2,"retryReasons":[],"status":"passed","title":"should throw error when called in legacy-only mode (list aliases)"},{"ancestorTitles":["Legacy Alias Handlers Module","Handler Factory Initialization"],"duration":1,"failureDetails":[],"failureMessages":[],"fullName":"Legacy Alias Handlers Module Handler Factory Initialization should initialize handlers lazily (only on first access)","invocations":1,"location":null,"numPassingAsserts":3,"retryReasons":[],"status":"passed","title":"should initialize handlers lazily (only on first access)"},{"ancestorTitles":["Legacy Alias Handlers Module","Handler Factory Initialization"],"duration":0,"failureDetails":[],"failureMessages":[],"fullName":"Legacy Alias Handlers Module Handler Factory Initialization should create separate handler instances for each tool","invocations":1,"location":null,"numPassingAsserts":1,"retryReasons":[],"status":"passed","title":"should create separate handler instances for each tool"},{"ancestorTitles":["Legacy Alias Handlers Module","Deprecation Warning Generation"],"duration":0,"failureDetails":[],"failureMessages":[],"fullName":"Legacy Alias Handlers Module Deprecation Warning Generation should include deprecation notice in handler response structure","invocations":1,"location":null,"numPassingAsserts":1,"retryReasons":[],"status":"passed","title":"should include deprecation notice in handler response structure"}],"endTime":1761861670360,"message":"","name":"/Users/shayon/DevProjects/mcp-for-lifeos/tests/unit/server/legacy-alias-handlers.test.ts","startTime":1761861670286,"status":"passed","summary":""},{"assertionResults":[{"ancestorTitles":["DateResolver","resolveDailyNoteDate"],"duration":2,"failureDetails":[],"failureMessages":[],"fullName":"DateResolver resolveDailyNoteDate should handle \"today\" keyword","invocations":1,"location":null,"numPassingAsserts":1,"retryReasons":[],"status":"passed","title":"should handle \"today\" keyword"},{"ancestorTitles":["DateResolver","resolveDailyNoteDate"],"duration":0,"failureDetails":[],"failureMessages":[],"fullName":"DateResolver resolveDailyNoteDate should handle \"yesterday\" keyword","invocations":1,"location":null,"numPassingAsserts":1,"retryReasons":[],"status":"passed","title":"should handle \"yesterday\" keyword"},{"ancestorTitles":["DateResolver","resolveDailyNoteDate"],"duration":1,"failureDetails":[],"failureMessages":[],"fullName":"DateResolver resolveDailyNoteDate should handle \"tomorrow\" keyword","invocations":1,"location":null,"numPassingAsserts":1,"retryReasons":[],"status":"passed","title":"should handle \"tomorrow\" keyword"},{"ancestorTitles":["DateResolver","resolveDailyNoteDate"],"duration":2,"failureDetails":[],"failureMessages":[],"fullName":"DateResolver resolveDailyNoteDate should handle relative date formats","invocations":1,"location":null,"numPassingAsserts":6,"retryReasons":[],"status":"passed","title":"should handle relative date formats"},{"ancestorTitles":["DateResolver","resolveDailyNoteDate"],"duration":0,"failureDetails":[],"failureMessages":[],"fullName":"DateResolver resolveDailyNoteDate should handle weekday names","invocations":1,"location":null,"numPassingAsserts":3,"retryReasons":[],"status":"passed","title":"should handle weekday names"},{"ancestorTitles":["DateResolver","resolveDailyNoteDate"],"duration":null,"failureDetails":[],"failureMessages":[],"fullName":"DateResolver resolveDailyNoteDate should handle \"last\" weekday names","invocations":1,"location":null,"numPassingAsserts":0,"retryReasons":[],"status":"pending","title":"should handle \"last\" weekday names"},{"ancestorTitles":["DateResolver","resolveDailyNoteDate"],"duration":1,"failureDetails":[],"failureMessages":[],"fullName":"DateResolver resolveDailyNoteDate should handle YYYY-MM-DD format","invocations":1,"location":null,"numPassingAsserts":2,"retryReasons":[],"status":"passed","title":"should handle YYYY-MM-DD format"},{"ancestorTitles":["DateResolver","resolveDailyNoteDate"],"duration":1,"failureDetails":[],"failureMessages":[],"fullName":"DateResolver resolveDailyNoteDate should handle various date formats","invocations":1,"location":null,"numPassingAsserts":4,"retryReasons":[],"status":"passed","title":"should handle various date formats"},{"ancestorTitles":["DateResolver","resolveDailyNoteDate"],"duration":1,"failureDetails":[],"failureMessages":[],"fullName":"DateResolver resolveDailyNoteDate should default to today for empty input","invocations":1,"location":null,"numPassingAsserts":2,"retryReasons":[],"status":"passed","title":"should default to today for empty input"},{"ancestorTitles":["DateResolver","resolveDailyNoteDate"],"duration":1,"failureDetails":[],"failureMessages":[],"fullName":"DateResolver resolveDailyNoteDate should handle invalid dates gracefully","invocations":1,"location":null,"numPassingAsserts":2,"retryReasons":[],"status":"passed","title":"should handle invalid dates gracefully"},{"ancestorTitles":["DateResolver","resolveDailyNoteDate"],"duration":0,"failureDetails":[],"failureMessages":[],"fullName":"DateResolver resolveDailyNoteDate should ha
[...]
status":"passed","title":"should handle fall back DST transition"},{"ancestorTitles":["DateResolver - Timezone Edge Cases","extreme timezone differences"],"duration":1,"failureDetails":[],"failureMessages":[],"fullName":"DateResolver - Timezone Edge Cases extreme timezone differences should handle Pacific/Kiritimati (UTC+14)","invocations":1,"location":null,"numPassingAsserts":1,"retryReasons":[],"status":"passed","title":"should handle Pacific/Kiritimati (UTC+14)"},{"ancestorTitles":["DateResolver - Timezone Edge Cases","extreme timezone differences"],"duration":1,"failureDetails":[],"failureMessages":[],"fullName":"DateResolver - Timezone Edge Cases extreme timezone differences should handle Pacific/Midway (UTC-11)","invocations":1,"location":null,"numPassingAsserts":1,"retryReasons":[],"status":"passed","title":"should handle Pacific/Midway (UTC-11)"},{"ancestorTitles":["DateResolver - Timezone Edge Cases","user scenario simulations"],"duration":0,"failureDetails":[],"failureMessages":[],"fullName":"DateResolver - Timezone Edge Cases user scenario simulations should handle late night work session in EST","invocations":1,"location":null,"numPassingAsserts":2,"retryReasons":[],"status":"passed","title":"should handle late night work session in EST"},{"ancestorTitles":["DateResolver - Timezone Edge Cases","user scenario simulations"],"duration":1,"failureDetails":[],"failureMessages":[],"fullName":"DateResolver - Timezone Edge Cases user scenario simulations should handle morning work session in various timezones","invocations":1,"location":null,"numPassingAsserts":3,"retryReasons":[],"status":"passed","title":"should handle morning work session in various timezones"},{"ancestorTitles":["DateResolver - Timezone Edge Cases","relative dates across timezone boundaries"],"duration":0,"failureDetails":[],"failureMessages":[],"fullName":"DateResolver - Timezone Edge Cases relative dates across timezone boundaries should calculate \"yesterday\" correctly across timezones","invocations":1,"location":null,"numPassingAsserts":3,"retryReasons":[],"status":"passed","title":"should calculate \"yesterday\" correctly across timezones"},{"ancestorTitles":["DateResolver - Timezone Edge Cases","relative dates across timezone boundaries"],"duration":1,"failureDetails":[],"failureMessages":[],"fullName":"DateResolver - Timezone Edge Cases relative dates across timezone boundaries should calculate relative offsets correctly","invocations":1,"location":null,"numPassingAsserts":3,"retryReasons":[],"status":"passed","title":"should calculate relative offsets correctly"}],"endTime":1761861670801,"message":"","name":"/Users/shayon/DevProjects/mcp-for-lifeos/tests/unit/date-resolver-timezone.test.ts","startTime":1761861670767,"status":"passed","summary":""},{"assertionResults":[{"ancestorTitles":["Tool Registry","getConsolidatedTools()"],"duration":1,"failureDetails":[],"failureMessages":[],"fullName":"Tool Registry getConsolidatedTools() should return exactly 3 consolidated tools","invocations":1,"location":null,"numPassingAsserts":2,"retryReasons":[],"status":"passed","title":"should return exactly 3 consolidated tools"},{"ancestorTitles":["Tool Registry","getConsolidatedTools()"],"duration":1,"failureDetails":[],"failureMessages":[],"fullName":"Tool Registry getConsolidatedTools() should have valid tool structure","invocations":1,"location":null,"numPassingAsserts":18,"retryReasons":[],"status":"passed","title":"should have valid tool structure"},{"ancestorTitles":["Tool Registry","getLegacyTools()"],"duration":0,"failureDetails":[],"failureMessages":[],"fullName":"Tool Registry getLegacyTools() should return exactly 11 legacy tools","invocations":1,"location":null,"numPassingAsserts":1,"retryReasons":[],"status":"passed","title":"should return exactly 11 legacy tools"},{"ancestorTitles":["Tool Registry","getLegacyTools()"],"duration":1,"failureDetails":[],"failureMessages":[],"fullName":"Tool Registry getLegacyTools() should not have deprecation notices in descriptions","invocations":1,"location":null,"numPassingAsserts":11,"retryReasons":[],"status":"passed","title":"should not have deprecation notices in descriptions"},{"ancestorTitles":["Tool Registry","getLegacyAliases()"],"duration":0,"failureDetails":[],"failureMessages":[],"fullName":"Tool Registry getLegacyAliases() should return exactly 11 legacy aliases","invocations":1,"location":null,"numPassingAsserts":1,"retryReasons":[],"status":"passed","title":"should return exactly 11 legacy aliases"},{"ancestorTitles":["Tool Registry","getLegacyAliases()"],"duration":0,"failureDetails":[],"failureMessages":[],"fullName":"Tool Registry getLegacyAliases() should have deprecation notices in descriptions","invocations":1,"location":null,"numPassingAsserts":11,"retryReasons":[],"status":"passed","title":"should have deprecation notices in descriptions"},{"ancestorTitles":["Tool Registry","getLegacyAliases()"],"duration":1,"failureDetails":[],"failureMessages":[],"fullName":"Tool Registry getLegacyAliases() should share schemas with legacy tools","invocations":1,"location":null,"numPassingAsserts":23,"retryReasons":[],"status":"passed","title":"should share schemas with legacy tools"},{"ancestorTitles":["Tool Registry","getAlwaysAvailableTools()"],"duration":0,"failureDetails":[],"failureMessages":[],"fullName":"Tool Registry getAlwaysAvailableTools() should return exactly 9 always-available tools","invocations":1,"location":null,"numPassingAsserts":1,"retryReasons":[],"status":"passed","title":"should return exactly 9 always-available tools"},{"ancestorTitles":["Tool Registry","getAlwaysAvailableTools()"],"duration":1,"failureDetails":[],"failureMessages":[],"fullName":"Tool Registry getAlwaysAvailableTools() should include core tools","invocations":1,"location":null,"numPassingAsserts":5,"retryReasons":[],"status":"passed","title":"should include core tools"},{"ancestorTitles":["Tool Registry","getToolsForMode()"],"duration":1,"failureDetails":[],"failureMessages":[],"fullName":"Tool Registry getToolsForMode() should return 12 tools for consolidated-only mode","invocations":1,"location":null,"numPassingAsserts":1,"retryReasons":[],"status":"passed","title":"should return 12 tools for consolidated-only mode"},{"ancestorTitles":["Tool Registry","getToolsForMode()"],"duration":0,"failureDetails":[],"failureMessages":[],"fullName":"Tool Registry getToolsForMode() should return 20 tools for legacy-only mode","invocations":1,"location":null,"numPassingAsserts":1,"retryReasons":[],"status":"passed","title":"should return 20 tools for legacy-only mode"},{"ancestorTitles":["Tool Registry","getToolsForMode()"],"duration":1,"failureDetails":[],"failureMessages":[],"fullName":"Tool Registry getToolsForMode() should return 34 tools for consolidated-with-aliases mode","invocations":1,"location":null,"numPassingAsserts":1,"retryReasons":[],"status":"passed","title":"should return 34 tools for consolidated-with-aliases mode"},{"ancestorTitles":["Tool Registry","getToolsForMode()"],"duration":6,"failureDetails":[],"failureMessages":[],"fullName":"Tool Registry getToolsForMode() should throw error for invalid mode","invocations":1,"location":null,"numPassingAsserts":1,"retryReasons":[],"status":"passed","title":"should throw error for invalid mode"},{"ancestorTitles":["Tool Registry","getToolsForMode()"],"duration":1,"failureDetails":[],"failureMessages":[],"fullName":"Tool Registry getToolsForMode() should include always-available tools in all modes","invocations":1,"location":null,"numPassingAsserts":6,"retryReasons":[],"status":"passed","title":"should include always-available tools in all modes"},{"ancestorTitles":["Tool Registry","addVersionMetadata()"],"duration":0,"failureDetails":[],"failureMessages":[],"fullName":"Tool Registry addVersionMetadata() should add metadata to response","invocations":1,"location":null,"numPassingAsserts":4,"retryReasons":[],"status":"passed","title":"should add metadata to response"},{"ancestorTitles":["Tool Registry","addVersionMetadata()"],"duration":0,"failureDetails":[],"failureMessages":[],"fullName":"Tool Registry addVersionMetadata() should preserve existing metadata","invocations":1,"location":null,"numPassingAsserts":2,"retryReasons":[],"status":"passed","title":"should preserve existing metadata"},{"ancestorTitles":["Tool Registry","addVersionMetadata()"],"duration":1,"failureDetails":[],"failureMessages":[],"fullName":"Tool Registry addVersionMetadata() should not mutate original response","invocations":1,"location":null,"numPassingAsserts":2,"retryReasons":[],"status":"passed","title":"should not mutate original response"}],"endTime":1761861670835,"message":"","name":"/Users/shayon/DevProjects/mcp-for-lifeos/tests/unit/server/tool-registry.test.ts","startTime":1761861670805,"status":"passed","summary":""},{"assertionResults":[{"ancestorTitles":["QueryParser","extractTerms"],"duration":1,"failureDetails":[],"failureMessages":[],"fullName":"QueryParser extractTerms should extract single word","invocations":1,"location":null,"numPassingAsserts":1,"retryReasons":[],"status":"passed","title":"should extract single word"},{"ancestorTitles":["QueryParser","extractTerms"],"duration":0,"failureDetails":[],"failureMessages":[],"fullName":"QueryParser extractTerms should extract multiple words","invocations":1,"location":null,"numPassingAsserts":1,"retryReasons":[],"status":"passed","title":"should extract multiple words"},{"ancestorTitles":["QueryParser","extractTerms"],"duration":0,"failureDetails":[],"failureMessages":[],"fullName":"QueryParser extractTerms should handle quoted strings as single term","invocations":1,"location":null,"numPassingAsserts":1,"retryReasons":[],"status":"passed","title":"should handle quoted strings as single term"},{"ancestorTitles":["QueryParser","extractTerms"],"duration":1,"failureDetails":[],"failureMessages":[],"fullName":"QueryParser extractTerms should handle mixed quoted and unquoted","invocations":1,"location":null,"numPassingAsserts":1,"retryReasons":[],"status":"passed","title":"should handle mixed quoted and unquoted"},{"ancestorTitles":["QueryParser","extractTerms"],"duration":1,"failureDetails":[],"failureMessages":[],"fullName":"QueryParser extractTerms should handle extra whitespace","invocations":1,"location":null,"numPassingAsserts":1,"retryReasons":[],"status":"passed","title":"should handle extra whitespace"},{"ancestorTitles":["QueryParser","extractTerms"],"duration":0,"failureDetails":[],"failureMessages":[],"fullName":"QueryParser extractTerms should handle empty string","invocations":1,"location":null,"numPassingAsserts":1,"retryReasons":[],"status":"passed","title":"should handle empty string"},{"ancestorTitles":["QueryParser","hasRegexChars"],"duration":0,"failureDetails":[],"failureMessages":[],"fullName":"QueryParser hasRegexChars should detect regex special chars","invocations":1,"location":null,"numPassingAsserts":3,"retryReasons":[],"status":"passed","title":"should detect regex special chars"},{"ancestorTitles":["QueryParser","hasRegexChars"],"duration":0,"failureDetails":[],"failureMessages":[],"fullName":"QueryParser hasRegexChars should not flag spaces as regex chars","invocations":1,"location":null,"numPassingAsserts":1,"retryReasons":[],"status":"passed","title":"should not flag spaces as regex chars"},{"ancestorTitles":["QueryParser","hasRegexChars"],"duration":1,"failureDetails":[],"failureMessages":[],"fullName":"QueryParser hasRegexChars should not flag normal text","invocations":1,"location":null,"numPassingAsserts":1,"retryReasons":[],"status":"passed","title":"should not flag normal text"},{"ancestorTitles":["QueryParser","isQuoted"],"duration":0,"failureDetails":[],"failureMessages":[],"fullName":"QueryParser isQuoted should detect quoted strings","invocations":1,"location":null,"numPassingAsserts":2,"retryReasons":[],"status":"passed","title":"should detect quoted strings"},{"ancestorTitles":["QueryParser","isQuoted"],"duration":0,"failureDetails":[],"failureMessages":[],"fullName":"QueryParser isQuoted should not detect unquoted strings","invocations":1,"location":null,"numPassingAsserts":1,"retryReasons":[],"status":"passed","title":"should not detect unquoted strings"},{"ancestorTitles":["QueryParser","isQuoted"],"duration":0,"failureDetails":[],"failureMessages":[],"fullName":"QueryParser isQuoted should not detect partial quotes","invocations":1,"location":null,"numPassingAsserts":2,"retryReasons":[],"status":"passed","title":"should not detect partial quotes"},{"ancestorTitles":["QueryParser","detectStrategy"],"duration":1,"failureDetails":[],"failureMessages":[],"fullName":"QueryParser detectStrategy should detect exact_phrase for quoted strings","invocations":1,"location":null,"numPassingAsserts":1,"retryReasons":[],"status":"passed","title":"should detect exact_phrase for quoted strings"},{"ancestorTitles":["QueryParser","detectStrategy"],"duration":0,"failureDetails":[],"failureMessages":[],"fullName":"QueryParser detectStrategy should detect any_term for OR queries","invocations":1,"location":null,"numPassingAsserts":2,"retryReasons":[],"status":"passed","title":"should detect any_term for OR queries"},{"ancestorTitles":["QueryParser","detectStrategy"],"duration":0,"failureDetails":[],"failureMessages":[],"fullName":"QueryParser detectStrategy should detect exact_phrase for 1-2 word queries","invocations":1,"location":null,"numPassingAsserts":2,"retryReasons":[],"status":"passed","title":"should detect exact_phrase for 1-2 word queries"},{"ancestorTitles":["QueryParser","detectStrategy"],"duration":0,"failureDetails":[],"failureMessages":[],"fullName":"QueryParser detectStrategy should detect all_terms for 3+ word queries","invocations":1,"location":null,"numPassingAsserts":2,"retryReasons":[],"status":"passed","title":"should detect all_terms for 3+ word queries"},{"ancestorTitles":["QueryParser","detectStrategy"],"duration":1,"failureDetails":[],"failureMessages":[],"fullName":"QueryParser detectStrategy should prioritize quotes over word count","invocations":1,"location":null,"numPassingAsserts":1,"retryReasons":[],"status":"passed","title":"should prioritize quotes over word count"},{"ancestorTitles":["QueryParser","detectStrategy"],"duration":0,"failureDetails":[],"failureMessages":[],"fullName":"QueryParser detectStrategy should prioritize OR over word count","invocations":1,"location":null,"numPassingAsserts":1,"retryReasons":[],"status":"passed","title":"should prioritize OR over word count"},{"ancestorTitles":["QueryParser","parse"],"duration":0,"failureDetails":[],"failureMessages":[],"fullName":"QueryParser parse should parse simple query","invocations":1,"location":null,"numPassingAsserts":1,"retryReasons":[],"status":"passed","title":"should parse simple query"},{"ancestorTitles":["QueryParser","parse"],"duration":0,"failureDetails":[],"failureMessages":[],"fullName":"QueryParser parse should parse multi-word query","invocations":1,"location":null,"numPassingAsserts":1,"retryReasons":[],"status":"passed","title":"should parse multi-word query"},{"ancestorTitles":["QueryParser","parse"],"duration":1,"failureDetails":[],"failureMessages":[],"fullName":"QueryParser parse should parse quoted query","invocations":1,"location":null,"numPassingAsserts":1,"retryReasons":[],"status":"passed","title":"should parse quoted query"},{"ancestorTitles":["QueryParser","parse"],"duration":0,"failureDetails":[],"failureMessages":[],"fullName":"QueryParser parse should parse OR query","invocations":1,"location":null,"numPassingAsserts":1,"retryReasons":[],"status":"passed","title":"should parse OR query"},{"ancestorTitles":["QueryParser","parse"],"duration":0,"failureDetails":[],"failureMessages":[],"fullName":"QueryParser parse should detect regex chars","invocations":1,"location":null,"numPassingAsserts":1,"retryReasons":[],"status":"passed","title":"should detect regex chars"},{"ancestorTitles":["QueryParser","createPatterns","exact_phrase strategy"],"duration":0,"failureDetails":[],"failureMessages":[],"fullName":"QueryParser createPatterns exact_phrase strategy should create single pattern for sequential match","invocations":1,"location":null,"numPassingAsserts":4,"retryReasons":[],"status":"passed","title":"should create single pattern for sequential match"},{"ancestorTitles":["QueryParser","createPatterns","exact_phrase strategy"],"duration":1,"failureDetails":[],"failureMessages":[],"fullName":"QueryParser createPatterns exact_phrase strategy should respect case sensitivity","invocations":1,"location":null,"numPassingAsserts":2,"retryReasons":[],"status":"passed","title":"should respect case sensitivity"},{"ancestorTitles":["QueryParser","createPatterns","all_terms strategy"],"duration":0,"failureDetails":[],"failureMessages":[],"fullName":"QueryParser createPatterns all_terms strategy should create lookahead pattern for all terms","invocations":1,"location":null,"numPassingAsserts":5,"retryReasons":[],"status":"passed","title":"should create lookahead pattern for all terms"},{"ancestorTitles":["QueryParser","createPatterns","all_terms strategy"],"duration":1,"failureDetails":[],"failureMessages":[],"fullName":"QueryParser createPatterns all_terms strategy should use word boundaries","invocations":1,"location":null,"numPassingAsserts":1,"retryReasons":[],"status":"passed","title":"should use word boundaries"},{"ancestorTitles":["QueryParser","createPatterns","any_term strategy"],"duration":0,"failureDetails":[],"failureMessages":[],"fullName":"QueryParser createPatterns any_term strategy should create alternation pattern for any term","invocations":1,"location":null,"numPassingAsserts":5,"retryReasons":[],"status":"passed","title":"should create alternation pattern for any term"},{"ancestorTitles":["QueryParser","createPatterns","any_term strategy"],"duration":0,"failureDetails":[],"failureMessages":[],"fullName":"QueryParser createPatterns any_term strategy should use word boundaries","invocations":1,"location":null,"numPassingAsserts":1,"retryReasons":[],"status":"passed","title":"should use word boundaries"},{"ancestorTitles":["QueryParser","createPatterns","auto strategy"],"duration":0,"failureDetails":[],"failureMessages":[],"fullName":"QueryParser createPatterns auto strategy should fallback to exact_phrase for auto","invocations":1,"location":null,"numPassingAsserts":2,"retryReasons":[],"status":"passed","title":"should fallback to exact_phrase for auto"},{"ancestorTitles":["QueryParser","Bug Regression: MCP-59"],"duration":2,"failureDetails":[],"failureMessages":[],"fullName":"QueryParser Bug Regression: MCP-59 should handle \"trip to india november planning\" with all_terms","invocations":1,"location":null,"numPassingAsserts":5,"retryReasons":[],"status":"passed","title":"should handle \"trip to india november planning\" with all_terms"},{"ancestorTitles":["QueryParser","Bug Regression: MCP-59"],"duration":0,"failureDetails":[],"failureMessages":[],"fullName":"QueryParser Bug Regression: MCP-59 should maintain exact_phrase for \"India trip\"","invocations":1,"location":null,"numPassingAsserts":3,"retryReasons":[],"status":"passed","title":"should maintain exact_phrase for \"India trip\""}],"endTime":1761861670860,"message":"","name":"/Users/shayon/DevProjects/mcp-for-lifeos/tests/unit/query-parser.test.ts","startTime":1761861670836,"status":"passed","summary":""},{"assertionResults":[{"ancestorTitles":["SearchEngine MCP-59 regressions"],"duration":1,"failureDetails":[],"failureMessages":[],"fullName":"SearchEngine MCP-59 regressions returns matches for all_terms queries after evaluating multiple notes","invocations":1,"location":null,"numPassingAsserts":2,"retryReasons":[],"status":"passed","title":"returns matches for all_terms queries after evaluating multiple notes"}],"endTime":1761861670873,"message":"","name":"/Users/shayon/DevProjects/mcp-for-lifeos/tests/unit/search-engine.test.ts","startTime":1761861670862,"status":"passed","summary":""}],"wasInterrupted":false}
